running egg_info
writing ../build/ar_hw1/ar_hw1.egg-info/PKG-INFO
writing dependency_links to ../build/ar_hw1/ar_hw1.egg-info/dependency_links.txt
writing entry points to ../build/ar_hw1/ar_hw1.egg-info/entry_points.txt
writing requirements to ../build/ar_hw1/ar_hw1.egg-info/requires.txt
writing top-level names to ../build/ar_hw1/ar_hw1.egg-info/top_level.txt
reading manifest file '../build/ar_hw1/ar_hw1.egg-info/SOURCES.txt'
writing manifest file '../build/ar_hw1/ar_hw1.egg-info/SOURCES.txt'
running build
running build_py
copying ar_hw1/face_detector.py -> /home/boole/autonomous-robots/HW1/build/ar_hw1/build/lib/ar_hw1
running install
running install_lib
copying /home/boole/autonomous-robots/HW1/build/ar_hw1/build/lib/ar_hw1/face_detector.py -> /home/boole/autonomous-robots/HW1/install/ar_hw1/lib/python3.10/site-packages/ar_hw1
byte-compiling /home/boole/autonomous-robots/HW1/install/ar_hw1/lib/python3.10/site-packages/ar_hw1/face_detector.py to face_detector.cpython-310.pyc
running install_data
running install_egg_info
removing '/home/boole/autonomous-robots/HW1/install/ar_hw1/lib/python3.10/site-packages/ar_hw1-0.0.0-py3.10.egg-info' (and everything under it)
Copying ../build/ar_hw1/ar_hw1.egg-info to /home/boole/autonomous-robots/HW1/install/ar_hw1/lib/python3.10/site-packages/ar_hw1-0.0.0-py3.10.egg-info
running install_scripts
Installing face_detector script to /home/boole/autonomous-robots/HW1/install/ar_hw1/lib/ar_hw1
writing list of installed files to '/home/boole/autonomous-robots/HW1/build/ar_hw1/install.log'
