running egg_info
creating build/ar_hw3/ar_hw3.egg-info
writing build/ar_hw3/ar_hw3.egg-info/PKG-INFO
writing dependency_links to build/ar_hw3/ar_hw3.egg-info/dependency_links.txt
writing entry points to build/ar_hw3/ar_hw3.egg-info/entry_points.txt
writing requirements to build/ar_hw3/ar_hw3.egg-info/requires.txt
writing top-level names to build/ar_hw3/ar_hw3.egg-info/top_level.txt
writing manifest file 'build/ar_hw3/ar_hw3.egg-info/SOURCES.txt'
reading manifest file 'build/ar_hw3/ar_hw3.egg-info/SOURCES.txt'
adding license file 'LICENSE'
writing manifest file 'build/ar_hw3/ar_hw3.egg-info/SOURCES.txt'
running build
running build_py
creating /home/boole/autonomous-robots/HW3/ar_hw3/build/ar_hw3/build
creating /home/boole/autonomous-robots/HW3/ar_hw3/build/ar_hw3/build/lib
creating /home/boole/autonomous-robots/HW3/ar_hw3/build/ar_hw3/build/lib/ar_hw3
copying ar_hw3/turtle_spiral.py -> /home/boole/autonomous-robots/HW3/ar_hw3/build/ar_hw3/build/lib/ar_hw3
copying ar_hw3/turtle_circle.py -> /home/boole/autonomous-robots/HW3/ar_hw3/build/ar_hw3/build/lib/ar_hw3
copying ar_hw3/__init__.py -> /home/boole/autonomous-robots/HW3/ar_hw3/build/ar_hw3/build/lib/ar_hw3
running install
running install_lib
creating /home/boole/autonomous-robots/HW3/ar_hw3/install/ar_hw3/lib/python3.10/site-packages/ar_hw3
copying /home/boole/autonomous-robots/HW3/ar_hw3/build/ar_hw3/build/lib/ar_hw3/turtle_spiral.py -> /home/boole/autonomous-robots/HW3/ar_hw3/install/ar_hw3/lib/python3.10/site-packages/ar_hw3
copying /home/boole/autonomous-robots/HW3/ar_hw3/build/ar_hw3/build/lib/ar_hw3/turtle_circle.py -> /home/boole/autonomous-robots/HW3/ar_hw3/install/ar_hw3/lib/python3.10/site-packages/ar_hw3
copying /home/boole/autonomous-robots/HW3/ar_hw3/build/ar_hw3/build/lib/ar_hw3/__init__.py -> /home/boole/autonomous-robots/HW3/ar_hw3/install/ar_hw3/lib/python3.10/site-packages/ar_hw3
byte-compiling /home/boole/autonomous-robots/HW3/ar_hw3/install/ar_hw3/lib/python3.10/site-packages/ar_hw3/turtle_spiral.py to turtle_spiral.cpython-310.pyc
byte-compiling /home/boole/autonomous-robots/HW3/ar_hw3/install/ar_hw3/lib/python3.10/site-packages/ar_hw3/turtle_circle.py to turtle_circle.cpython-310.pyc
byte-compiling /home/boole/autonomous-robots/HW3/ar_hw3/install/ar_hw3/lib/python3.10/site-packages/ar_hw3/__init__.py to __init__.cpython-310.pyc
running install_data
creating /home/boole/autonomous-robots/HW3/ar_hw3/install/ar_hw3/share/ament_index
creating /home/boole/autonomous-robots/HW3/ar_hw3/install/ar_hw3/share/ament_index/resource_index
creating /home/boole/autonomous-robots/HW3/ar_hw3/install/ar_hw3/share/ament_index/resource_index/packages
copying resource/ar_hw3 -> /home/boole/autonomous-robots/HW3/ar_hw3/install/ar_hw3/share/ament_index/resource_index/packages
copying package.xml -> /home/boole/autonomous-robots/HW3/ar_hw3/install/ar_hw3/share/ar_hw3
running install_egg_info
Copying build/ar_hw3/ar_hw3.egg-info to /home/boole/autonomous-robots/HW3/ar_hw3/install/ar_hw3/lib/python3.10/site-packages/ar_hw3-0.0.0-py3.10.egg-info
running install_scripts
Installing turtle_circle script to /home/boole/autonomous-robots/HW3/ar_hw3/install/ar_hw3/lib/ar_hw3
Installing turtle_spiral script to /home/boole/autonomous-robots/HW3/ar_hw3/install/ar_hw3/lib/ar_hw3
writing list of installed files to '/home/boole/autonomous-robots/HW3/ar_hw3/build/ar_hw3/install.log'
