[0.011s] Invoking command in '/home/newton/autonomous-robots/clearpath_workspace/build/clearpath_description': AMENT_PREFIX_PATH=/home/newton/autonomous-robots/clearpath_workspace/install/clearpath_sensors_description:/home/newton/autonomous-robots/clearpath_workspace/install/clearpath_platform_description:/home/newton/autonomous-robots/clearpath_workspace/install/clearpath_mounts_description:/home/newton/autonomous-robots/clearpath_workspace/install/clearpath_manipulators_description:${AMENT_PREFIX_PATH} CMAKE_PREFIX_PATH=/home/newton/autonomous-robots/clearpath_workspace/install/clearpath_sensors_description:/home/newton/autonomous-robots/clearpath_workspace/install/clearpath_platform_description:/home/newton/autonomous-robots/clearpath_workspace/install/clearpath_mounts_description:/home/newton/autonomous-robots/clearpath_workspace/install/clearpath_manipulators_description:/opt/ros/humble /usr/bin/cmake /home/newton/autonomous-robots/clearpath_workspace/src/clearpath_common/clearpath_description -DAMENT_CMAKE_SYMLINK_INSTALL=1 -DCMAKE_INSTALL_PREFIX=/home/newton/autonomous-robots/clearpath_workspace/install/clearpath_description
[0.095s] -- The C compiler identification is GNU 11.4.0
[0.177s] -- The CXX compiler identification is GNU 11.4.0
[0.186s] -- Detecting C compiler ABI info
[0.276s] -- Detecting C compiler ABI info - done
[0.285s] -- Check for working C compiler: /usr/bin/cc - skipped
[0.286s] -- Detecting C compile features
[0.286s] -- Detecting C compile features - done
[0.290s] -- Detecting CXX compiler ABI info
[0.401s] -- Detecting CXX compiler ABI info - done
[0.413s] -- Check for working CXX compiler: /usr/bin/c++ - skipped
[0.414s] -- Detecting CXX compile features
[0.416s] -- Detecting CXX compile features - done
[0.421s] -- Found ament_cmake: 1.3.11 (/opt/ros/humble/share/ament_cmake/cmake)
[0.674s] -- Found Python3: /usr/bin/python3 (found version "3.10.12") found components: Interpreter 
[0.784s] -- Override CMake install command with custom implementation using symlinks instead of copying resources
[0.925s] -- Configuring done
[0.928s] -- Generating done
[0.930s] -- Build files have been written to: /home/newton/autonomous-robots/clearpath_workspace/build/clearpath_description
[0.935s] Invoked command in '/home/newton/autonomous-robots/clearpath_workspace/build/clearpath_description' returned '0': AMENT_PREFIX_PATH=/home/newton/autonomous-robots/clearpath_workspace/install/clearpath_sensors_description:/home/newton/autonomous-robots/clearpath_workspace/install/clearpath_platform_description:/home/newton/autonomous-robots/clearpath_workspace/install/clearpath_mounts_description:/home/newton/autonomous-robots/clearpath_workspace/install/clearpath_manipulators_description:${AMENT_PREFIX_PATH} CMAKE_PREFIX_PATH=/home/newton/autonomous-robots/clearpath_workspace/install/clearpath_sensors_description:/home/newton/autonomous-robots/clearpath_workspace/install/clearpath_platform_description:/home/newton/autonomous-robots/clearpath_workspace/install/clearpath_mounts_description:/home/newton/autonomous-robots/clearpath_workspace/install/clearpath_manipulators_description:/opt/ros/humble /usr/bin/cmake /home/newton/autonomous-robots/clearpath_workspace/src/clearpath_common/clearpath_description -DAMENT_CMAKE_SYMLINK_INSTALL=1 -DCMAKE_INSTALL_PREFIX=/home/newton/autonomous-robots/clearpath_workspace/install/clearpath_description
[0.937s] Invoking command in '/home/newton/autonomous-robots/clearpath_workspace/build/clearpath_description': AMENT_PREFIX_PATH=/home/newton/autonomous-robots/clearpath_workspace/install/clearpath_sensors_description:/home/newton/autonomous-robots/clearpath_workspace/install/clearpath_platform_description:/home/newton/autonomous-robots/clearpath_workspace/install/clearpath_mounts_description:/home/newton/autonomous-robots/clearpath_workspace/install/clearpath_manipulators_description:${AMENT_PREFIX_PATH} CMAKE_PREFIX_PATH=/home/newton/autonomous-robots/clearpath_workspace/install/clearpath_sensors_description:/home/newton/autonomous-robots/clearpath_workspace/install/clearpath_platform_description:/home/newton/autonomous-robots/clearpath_workspace/install/clearpath_mounts_description:/home/newton/autonomous-robots/clearpath_workspace/install/clearpath_manipulators_description:/opt/ros/humble /usr/bin/cmake --build /home/newton/autonomous-robots/clearpath_workspace/build/clearpath_description -- -j8 -l8
[0.985s] Invoked command in '/home/newton/autonomous-robots/clearpath_workspace/build/clearpath_description' returned '0': AMENT_PREFIX_PATH=/home/newton/autonomous-robots/clearpath_workspace/install/clearpath_sensors_description:/home/newton/autonomous-robots/clearpath_workspace/install/clearpath_platform_description:/home/newton/autonomous-robots/clearpath_workspace/install/clearpath_mounts_description:/home/newton/autonomous-robots/clearpath_workspace/install/clearpath_manipulators_description:${AMENT_PREFIX_PATH} CMAKE_PREFIX_PATH=/home/newton/autonomous-robots/clearpath_workspace/install/clearpath_sensors_description:/home/newton/autonomous-robots/clearpath_workspace/install/clearpath_platform_description:/home/newton/autonomous-robots/clearpath_workspace/install/clearpath_mounts_description:/home/newton/autonomous-robots/clearpath_workspace/install/clearpath_manipulators_description:/opt/ros/humble /usr/bin/cmake --build /home/newton/autonomous-robots/clearpath_workspace/build/clearpath_description -- -j8 -l8
[0.987s] Invoking command in '/home/newton/autonomous-robots/clearpath_workspace/build/clearpath_description': AMENT_PREFIX_PATH=/home/newton/autonomous-robots/clearpath_workspace/install/clearpath_sensors_description:/home/newton/autonomous-robots/clearpath_workspace/install/clearpath_platform_description:/home/newton/autonomous-robots/clearpath_workspace/install/clearpath_mounts_description:/home/newton/autonomous-robots/clearpath_workspace/install/clearpath_manipulators_description:${AMENT_PREFIX_PATH} CMAKE_PREFIX_PATH=/home/newton/autonomous-robots/clearpath_workspace/install/clearpath_sensors_description:/home/newton/autonomous-robots/clearpath_workspace/install/clearpath_platform_description:/home/newton/autonomous-robots/clearpath_workspace/install/clearpath_mounts_description:/home/newton/autonomous-robots/clearpath_workspace/install/clearpath_manipulators_description:/opt/ros/humble /usr/bin/cmake --install /home/newton/autonomous-robots/clearpath_workspace/build/clearpath_description
[0.995s] -- Install configuration: ""
[0.995s] -- Execute custom install script
[0.996s] -- Symlinking: /home/newton/autonomous-robots/clearpath_workspace/install/clearpath_description/share/ament_index/resource_index/package_run_dependencies/clearpath_description
[1.008s] -- Symlinking: /home/newton/autonomous-robots/clearpath_workspace/install/clearpath_description/share/ament_index/resource_index/parent_prefix_path/clearpath_description
[1.020s] -- Symlinking: /home/newton/autonomous-robots/clearpath_workspace/install/clearpath_description/share/clearpath_description/environment/ament_prefix_path.sh
[1.029s] -- Symlinking: /home/newton/autonomous-robots/clearpath_workspace/install/clearpath_description/share/clearpath_description/environment/ament_prefix_path.dsv
[1.040s] -- Symlinking: /home/newton/autonomous-robots/clearpath_workspace/install/clearpath_description/share/clearpath_description/environment/path.sh
[1.049s] -- Symlinking: /home/newton/autonomous-robots/clearpath_workspace/install/clearpath_description/share/clearpath_description/environment/path.dsv
[1.058s] -- Symlinking: /home/newton/autonomous-robots/clearpath_workspace/install/clearpath_description/share/clearpath_description/local_setup.bash
[1.070s] -- Symlinking: /home/newton/autonomous-robots/clearpath_workspace/install/clearpath_description/share/clearpath_description/local_setup.sh
[1.080s] -- Symlinking: /home/newton/autonomous-robots/clearpath_workspace/install/clearpath_description/share/clearpath_description/local_setup.zsh
[1.092s] -- Symlinking: /home/newton/autonomous-robots/clearpath_workspace/install/clearpath_description/share/clearpath_description/local_setup.dsv
[1.102s] -- Symlinking: /home/newton/autonomous-robots/clearpath_workspace/install/clearpath_description/share/clearpath_description/package.dsv
[1.112s] -- Symlinking: /home/newton/autonomous-robots/clearpath_workspace/install/clearpath_description/share/ament_index/resource_index/packages/clearpath_description
[1.122s] -- Symlinking: /home/newton/autonomous-robots/clearpath_workspace/install/clearpath_description/share/clearpath_description/cmake/clearpath_descriptionConfig.cmake
[1.132s] -- Symlinking: /home/newton/autonomous-robots/clearpath_workspace/install/clearpath_description/share/clearpath_description/cmake/clearpath_descriptionConfig-version.cmake
[1.142s] -- Symlinking: /home/newton/autonomous-robots/clearpath_workspace/install/clearpath_description/share/clearpath_description/package.xml
[1.155s] Invoked command in '/home/newton/autonomous-robots/clearpath_workspace/build/clearpath_description' returned '0': AMENT_PREFIX_PATH=/home/newton/autonomous-robots/clearpath_workspace/install/clearpath_sensors_description:/home/newton/autonomous-robots/clearpath_workspace/install/clearpath_platform_description:/home/newton/autonomous-robots/clearpath_workspace/install/clearpath_mounts_description:/home/newton/autonomous-robots/clearpath_workspace/install/clearpath_manipulators_description:${AMENT_PREFIX_PATH} CMAKE_PREFIX_PATH=/home/newton/autonomous-robots/clearpath_workspace/install/clearpath_sensors_description:/home/newton/autonomous-robots/clearpath_workspace/install/clearpath_platform_description:/home/newton/autonomous-robots/clearpath_workspace/install/clearpath_mounts_description:/home/newton/autonomous-robots/clearpath_workspace/install/clearpath_manipulators_description:/opt/ros/humble /usr/bin/cmake --install /home/newton/autonomous-robots/clearpath_workspace/build/clearpath_description
