[0.510s] Invoking command in '/home/newton/autonomous-robots/clearpath_workspace/build/clearpath_platform_msgs': CMAKE_PREFIX_PATH=/opt/ros/humble /usr/bin/cmake /home/newton/autonomous-robots/clearpath_workspace/src/clearpath_msgs/clearpath_platform_msgs -DAMENT_CMAKE_SYMLINK_INSTALL=1 -DCMAKE_INSTALL_PREFIX=/home/newton/autonomous-robots/clearpath_workspace/install/clearpath_platform_msgs
[0.641s] -- The C compiler identification is GNU 11.4.0
[0.770s] -- The CXX compiler identification is GNU 11.4.0
[0.797s] -- Detecting C compiler ABI info
[1.027s] -- Detecting C compiler ABI info - done
[1.043s] -- Check for working C compiler: /usr/bin/cc - skipped
[1.044s] -- Detecting C compile features
[1.047s] -- Detecting C compile features - done
[1.052s] -- Detecting CXX compiler ABI info
[1.239s] -- Detecting CXX compiler ABI info - done
[1.255s] -- Check for working CXX compiler: /usr/bin/c++ - skipped
[1.257s] -- Detecting CXX compile features
[1.258s] -- Detecting CXX compile features - done
[1.260s] -- Found ament_cmake: 1.3.11 (/opt/ros/humble/share/ament_cmake/cmake)
[1.581s] -- Found Python3: /usr/bin/python3 (found version "3.10.12") found components: Interpreter 
[1.733s] -- Override CMake install command with custom implementation using symlinks instead of copying resources
[1.800s] -- Found std_msgs: 4.2.4 (/opt/ros/humble/share/std_msgs/cmake)
[1.943s] -- Found rosidl_generator_c: 3.1.6 (/opt/ros/humble/share/rosidl_generator_c/cmake)
[1.967s] -- Found rosidl_adapter: 3.1.6 (/opt/ros/humble/share/rosidl_adapter/cmake)
[2.005s] -- Found rosidl_generator_cpp: 3.1.6 (/opt/ros/humble/share/rosidl_generator_cpp/cmake)
[2.059s] -- Using all available rosidl_typesupport_c: rosidl_typesupport_fastrtps_c;rosidl_typesupport_introspection_c
[2.186s] -- Using all available rosidl_typesupport_cpp: rosidl_typesupport_fastrtps_cpp;rosidl_typesupport_introspection_cpp
[2.301s] -- Found rosidl_default_generators: 1.2.0 (/opt/ros/humble/share/rosidl_default_generators/cmake)
[3.021s] -- Found ament_cmake_ros: 0.10.0 (/opt/ros/humble/share/ament_cmake_ros/cmake)
[3.582s] -- Using all available rosidl_typesupport_c: rosidl_typesupport_fastrtps_c;rosidl_typesupport_introspection_c
[3.783s] -- Using all available rosidl_typesupport_cpp: rosidl_typesupport_fastrtps_cpp;rosidl_typesupport_introspection_cpp
[3.817s] -- Found PythonInterp: /usr/bin/python3 (found suitable version "3.10.12", minimum required is "3.6") 
[3.820s] -- Found python_cmake_module: 0.10.0 (/opt/ros/humble/share/python_cmake_module/cmake)
[3.857s] -- Found PythonLibs: /usr/lib/x86_64-linux-gnu/libpython3.10.so (found suitable version "3.10.12", minimum required is "3.5") 
[3.857s] -- Using PYTHON_EXECUTABLE: /usr/bin/python3
[3.857s] -- Using PYTHON_INCLUDE_DIRS: /usr/include/python3.10
[3.857s] -- Using PYTHON_LIBRARIES: /usr/lib/x86_64-linux-gnu/libpython3.10.so
[3.883s] -- Found PythonExtra: .so  
[3.970s] -- Configuring done
[4.050s] -- Generating done
[4.063s] -- Build files have been written to: /home/newton/autonomous-robots/clearpath_workspace/build/clearpath_platform_msgs
[4.074s] Invoked command in '/home/newton/autonomous-robots/clearpath_workspace/build/clearpath_platform_msgs' returned '0': CMAKE_PREFIX_PATH=/opt/ros/humble /usr/bin/cmake /home/newton/autonomous-robots/clearpath_workspace/src/clearpath_msgs/clearpath_platform_msgs -DAMENT_CMAKE_SYMLINK_INSTALL=1 -DCMAKE_INSTALL_PREFIX=/home/newton/autonomous-robots/clearpath_workspace/install/clearpath_platform_msgs
[4.076s] Invoking command in '/home/newton/autonomous-robots/clearpath_workspace/build/clearpath_platform_msgs': CMAKE_PREFIX_PATH=/opt/ros/humble /usr/bin/cmake --build /home/newton/autonomous-robots/clearpath_workspace/build/clearpath_platform_msgs -- -j8 -l8
[4.136s] [  1%] [34m[1mGenerating C code for ROS interfaces[0m
[4.157s] [  1%] [34m[1mGenerating C++ code for ROS interfaces[0m
[4.164s] [  1%] Built target ament_cmake_python_symlink_clearpath_platform_msgs
[4.562s] running egg_info
[4.562s] creating clearpath_platform_msgs.egg-info
[4.563s] writing clearpath_platform_msgs.egg-info/PKG-INFO
[4.563s] writing dependency_links to clearpath_platform_msgs.egg-info/dependency_links.txt
[4.563s] writing top-level names to clearpath_platform_msgs.egg-info/top_level.txt
[4.564s] writing manifest file 'clearpath_platform_msgs.egg-info/SOURCES.txt'
[4.567s] reading manifest file 'clearpath_platform_msgs.egg-info/SOURCES.txt'
[4.569s] writing manifest file 'clearpath_platform_msgs.egg-info/SOURCES.txt'
[4.613s] [  1%] Built target ament_cmake_python_build_clearpath_platform_msgs_egg
[6.284s] [  1%] Built target clearpath_platform_msgs__cpp
[6.296s] [  2%] [34m[1mGenerating C++ type support dispatch for ROS interfaces[0m
[6.299s] [  3%] [34m[1mGenerating C++ type support for eProsima Fast-RTPS[0m
[6.301s] [  4%] [34m[1mGenerating C++ introspection for ROS interfaces[0m
[6.560s] [  5%] [32mBuilding C object CMakeFiles/clearpath_platform_msgs__rosidl_generator_c.dir/rosidl_generator_c/clearpath_platform_msgs/msg/detail/drive_feedback__functions.c.o[0m
[6.560s] [  6%] [32mBuilding C object CMakeFiles/clearpath_platform_msgs__rosidl_generator_c.dir/rosidl_generator_c/clearpath_platform_msgs/msg/detail/drive__functions.c.o[0m
[6.569s] [  7%] [32mBuilding C object CMakeFiles/clearpath_platform_msgs__rosidl_generator_c.dir/rosidl_generator_c/clearpath_platform_msgs/msg/detail/lights__functions.c.o[0m
[6.570s] [  8%] [32mBuilding C object CMakeFiles/clearpath_platform_msgs__rosidl_generator_c.dir/rosidl_generator_c/clearpath_platform_msgs/msg/detail/feedback__functions.c.o[0m
[6.570s] [  9%] [32mBuilding C object CMakeFiles/clearpath_platform_msgs__rosidl_generator_c.dir/rosidl_generator_c/clearpath_platform_msgs/msg/detail/fans__functions.c.o[0m
[6.659s] [ 10%] [32mBuilding C object CMakeFiles/clearpath_platform_msgs__rosidl_generator_c.dir/rosidl_generator_c/clearpath_platform_msgs/msg/detail/power__functions.c.o[0m
[6.666s] [ 11%] [32mBuilding C object CMakeFiles/clearpath_platform_msgs__rosidl_generator_c.dir/rosidl_generator_c/clearpath_platform_msgs/msg/detail/rgb__functions.c.o[0m
[6.672s] [ 12%] [32mBuilding C object CMakeFiles/clearpath_platform_msgs__rosidl_generator_c.dir/rosidl_generator_c/clearpath_platform_msgs/msg/detail/status__functions.c.o[0m
[6.673s] [ 13%] [32mBuilding C object CMakeFiles/clearpath_platform_msgs__rosidl_generator_c.dir/rosidl_generator_c/clearpath_platform_msgs/srv/detail/configure_mcu__functions.c.o[0m
[6.675s] [ 14%] [32mBuilding C object CMakeFiles/clearpath_platform_msgs__rosidl_generator_c.dir/rosidl_generator_c/clearpath_platform_msgs/msg/detail/stop_status__functions.c.o[0m
[6.780s] [ 15%] [32m[1mLinking C shared library libclearpath_platform_msgs__rosidl_generator_c.so[0m
[6.843s] [ 15%] Built target clearpath_platform_msgs__rosidl_generator_c
[6.859s] [ 16%] [34m[1mGenerating C type support dispatch for ROS interfaces[0m
[6.859s] [ 17%] [34m[1mGenerating C introspection for ROS interfaces[0m
[6.861s] [ 18%] [34m[1mGenerating C type support for eProsima Fast-RTPS[0m
[8.582s] [ 19%] [32mBuilding CXX object CMakeFiles/clearpath_platform_msgs__rosidl_typesupport_cpp.dir/rosidl_typesupport_cpp/clearpath_platform_msgs/msg/fans__type_support.cpp.o[0m
[8.584s] [ 20%] [32mBuilding CXX object CMakeFiles/clearpath_platform_msgs__rosidl_typesupport_cpp.dir/rosidl_typesupport_cpp/clearpath_platform_msgs/msg/drive__type_support.cpp.o[0m
[8.586s] [ 21%] [32mBuilding CXX object CMakeFiles/clearpath_platform_msgs__rosidl_typesupport_cpp.dir/rosidl_typesupport_cpp/clearpath_platform_msgs/msg/drive_feedback__type_support.cpp.o[0m
[9.505s] [ 22%] [32mBuilding CXX object CMakeFiles/clearpath_platform_msgs__rosidl_typesupport_cpp.dir/rosidl_typesupport_cpp/clearpath_platform_msgs/msg/feedback__type_support.cpp.o[0m
[9.551s] [ 23%] [32mBuilding CXX object CMakeFiles/clearpath_platform_msgs__rosidl_typesupport_cpp.dir/rosidl_typesupport_cpp/clearpath_platform_msgs/msg/lights__type_support.cpp.o[0m
[9.594s] [ 24%] [32mBuilding CXX object CMakeFiles/clearpath_platform_msgs__rosidl_typesupport_introspection_cpp.dir/rosidl_typesupport_introspection_cpp/clearpath_platform_msgs/msg/detail/drive__type_support.cpp.o[0m
[9.611s] [ 25%] [32mBuilding CXX object CMakeFiles/clearpath_platform_msgs__rosidl_typesupport_cpp.dir/rosidl_typesupport_cpp/clearpath_platform_msgs/msg/power__type_support.cpp.o[0m
[9.693s] [ 26%] [32mBuilding CXX object CMakeFiles/clearpath_platform_msgs__rosidl_typesupport_c.dir/rosidl_typesupport_c/clearpath_platform_msgs/msg/drive__type_support.cpp.o[0m
[9.694s] [ 27%] [32mBuilding CXX object CMakeFiles/clearpath_platform_msgs__rosidl_typesupport_fastrtps_cpp.dir/rosidl_typesupport_fastrtps_cpp/clearpath_platform_msgs/msg/detail/dds_fastrtps/drive__type_support.cpp.o[0m
[9.785s] [ 28%] [32mBuilding CXX object CMakeFiles/clearpath_platform_msgs__rosidl_typesupport_c.dir/rosidl_typesupport_c/clearpath_platform_msgs/msg/drive_feedback__type_support.cpp.o[0m
[9.837s] [ 29%] [32mBuilding CXX object CMakeFiles/clearpath_platform_msgs__rosidl_typesupport_c.dir/rosidl_typesupport_c/clearpath_platform_msgs/msg/fans__type_support.cpp.o[0m
[9.916s] [ 30%] [32mBuilding CXX object CMakeFiles/clearpath_platform_msgs__rosidl_typesupport_c.dir/rosidl_typesupport_c/clearpath_platform_msgs/msg/feedback__type_support.cpp.o[0m
[9.995s] [ 31%] [32mBuilding CXX object CMakeFiles/clearpath_platform_msgs__rosidl_typesupport_c.dir/rosidl_typesupport_c/clearpath_platform_msgs/msg/lights__type_support.cpp.o[0m
[10.047s] [ 32%] [32mBuilding CXX object CMakeFiles/clearpath_platform_msgs__rosidl_typesupport_c.dir/rosidl_typesupport_c/clearpath_platform_msgs/msg/power__type_support.cpp.o[0m
[10.074s] [ 33%] [32mBuilding CXX object CMakeFiles/clearpath_platform_msgs__rosidl_typesupport_introspection_cpp.dir/rosidl_typesupport_introspection_cpp/clearpath_platform_msgs/msg/detail/drive_feedback__type_support.cpp.o[0m
[10.132s] [ 34%] [32mBuilding CXX object CMakeFiles/clearpath_platform_msgs__rosidl_typesupport_c.dir/rosidl_typesupport_c/clearpath_platform_msgs/msg/rgb__type_support.cpp.o[0m
[10.210s] [ 35%] [32mBuilding C object CMakeFiles/clearpath_platform_msgs__rosidl_typesupport_introspection_c.dir/rosidl_typesupport_introspection_c/clearpath_platform_msgs/msg/detail/drive__type_support.c.o[0m
[10.222s] [ 36%] [32mBuilding CXX object CMakeFiles/clearpath_platform_msgs__rosidl_typesupport_fastrtps_cpp.dir/rosidl_typesupport_fastrtps_cpp/clearpath_platform_msgs/msg/detail/dds_fastrtps/drive_feedback__type_support.cpp.o[0m
[10.226s] [ 37%] [32mBuilding CXX object CMakeFiles/clearpath_platform_msgs__rosidl_typesupport_c.dir/rosidl_typesupport_c/clearpath_platform_msgs/msg/status__type_support.cpp.o[0m
[10.240s] [ 38%] [32mBuilding CXX object CMakeFiles/clearpath_platform_msgs__rosidl_typesupport_cpp.dir/rosidl_typesupport_cpp/clearpath_platform_msgs/msg/rgb__type_support.cpp.o[0m
[10.304s] [ 38%] [32mBuilding CXX object CMakeFiles/clearpath_platform_msgs__rosidl_typesupport_c.dir/rosidl_typesupport_c/clearpath_platform_msgs/msg/stop_status__type_support.cpp.o[0m
[10.323s] [ 39%] [32mBuilding C object CMakeFiles/clearpath_platform_msgs__rosidl_typesupport_introspection_c.dir/rosidl_typesupport_introspection_c/clearpath_platform_msgs/msg/detail/drive_feedback__type_support.c.o[0m
[10.387s] [ 40%] [32mBuilding CXX object CMakeFiles/clearpath_platform_msgs__rosidl_typesupport_c.dir/rosidl_typesupport_c/clearpath_platform_msgs/srv/configure_mcu__type_support.cpp.o[0m
[10.389s] [ 41%] [32mBuilding C object CMakeFiles/clearpath_platform_msgs__rosidl_typesupport_introspection_c.dir/rosidl_typesupport_introspection_c/clearpath_platform_msgs/msg/detail/fans__type_support.c.o[0m
[10.478s] [ 42%] [32m[1mLinking CXX shared library libclearpath_platform_msgs__rosidl_typesupport_c.so[0m
[10.486s] [ 43%] [32mBuilding C object CMakeFiles/clearpath_platform_msgs__rosidl_typesupport_introspection_c.dir/rosidl_typesupport_introspection_c/clearpath_platform_msgs/msg/detail/feedback__type_support.c.o[0m
[10.602s] [ 44%] [32mBuilding C object CMakeFiles/clearpath_platform_msgs__rosidl_typesupport_introspection_c.dir/rosidl_typesupport_introspection_c/clearpath_platform_msgs/msg/detail/lights__type_support.c.o[0m
[10.614s] [ 45%] [32mBuilding CXX object CMakeFiles/clearpath_platform_msgs__rosidl_typesupport_cpp.dir/rosidl_typesupport_cpp/clearpath_platform_msgs/msg/status__type_support.cpp.o[0m
[10.619s] [ 45%] Built target clearpath_platform_msgs__rosidl_typesupport_c
[10.648s] [ 45%] [32mBuilding CXX object CMakeFiles/clearpath_platform_msgs__rosidl_typesupport_fastrtps_cpp.dir/rosidl_typesupport_fastrtps_cpp/clearpath_platform_msgs/msg/detail/dds_fastrtps/fans__type_support.cpp.o[0m
[10.665s] [ 46%] [32mBuilding CXX object CMakeFiles/clearpath_platform_msgs__rosidl_typesupport_fastrtps_c.dir/rosidl_typesupport_fastrtps_c/clearpath_platform_msgs/msg/detail/drive__type_support_c.cpp.o[0m
[10.698s] [ 47%] [32mBuilding C object CMakeFiles/clearpath_platform_msgs__rosidl_typesupport_introspection_c.dir/rosidl_typesupport_introspection_c/clearpath_platform_msgs/msg/detail/power__type_support.c.o[0m
[10.775s] [ 48%] [32mBuilding CXX object CMakeFiles/clearpath_platform_msgs__rosidl_typesupport_fastrtps_c.dir/rosidl_typesupport_fastrtps_c/clearpath_platform_msgs/msg/detail/drive_feedback__type_support_c.cpp.o[0m
[10.808s] [ 49%] [32mBuilding C object CMakeFiles/clearpath_platform_msgs__rosidl_typesupport_introspection_c.dir/rosidl_typesupport_introspection_c/clearpath_platform_msgs/msg/detail/rgb__type_support.c.o[0m
[10.863s] [ 50%] [32mBuilding C object CMakeFiles/clearpath_platform_msgs__rosidl_typesupport_introspection_c.dir/rosidl_typesupport_introspection_c/clearpath_platform_msgs/msg/detail/status__type_support.c.o[0m
[10.884s] [ 51%] [32mBuilding CXX object CMakeFiles/clearpath_platform_msgs__rosidl_typesupport_fastrtps_cpp.dir/rosidl_typesupport_fastrtps_cpp/clearpath_platform_msgs/msg/detail/dds_fastrtps/feedback__type_support.cpp.o[0m
[10.916s] [ 52%] [32mBuilding CXX object CMakeFiles/clearpath_platform_msgs__rosidl_typesupport_introspection_cpp.dir/rosidl_typesupport_introspection_cpp/clearpath_platform_msgs/msg/detail/fans__type_support.cpp.o[0m
[10.985s] [ 53%] [32mBuilding C object CMakeFiles/clearpath_platform_msgs__rosidl_typesupport_introspection_c.dir/rosidl_typesupport_introspection_c/clearpath_platform_msgs/msg/detail/stop_status__type_support.c.o[0m
[11.048s] [ 54%] [32mBuilding CXX object CMakeFiles/clearpath_platform_msgs__rosidl_typesupport_cpp.dir/rosidl_typesupport_cpp/clearpath_platform_msgs/msg/stop_status__type_support.cpp.o[0m
[11.127s] [ 55%] [32mBuilding C object CMakeFiles/clearpath_platform_msgs__rosidl_typesupport_introspection_c.dir/rosidl_typesupport_introspection_c/clearpath_platform_msgs/srv/detail/configure_mcu__type_support.c.o[0m
[11.242s] [ 56%] [32m[1mLinking C shared library libclearpath_platform_msgs__rosidl_typesupport_introspection_c.so[0m
[11.249s] [ 57%] [32mBuilding CXX object CMakeFiles/clearpath_platform_msgs__rosidl_typesupport_fastrtps_c.dir/rosidl_typesupport_fastrtps_c/clearpath_platform_msgs/msg/detail/fans__type_support_c.cpp.o[0m
[11.350s] [ 57%] Built target clearpath_platform_msgs__rosidl_typesupport_introspection_c
[11.394s] [ 58%] [32mBuilding CXX object CMakeFiles/clearpath_platform_msgs__rosidl_typesupport_fastrtps_c.dir/rosidl_typesupport_fastrtps_c/clearpath_platform_msgs/msg/detail/feedback__type_support_c.cpp.o[0m
[11.496s] [ 59%] [32mBuilding CXX object CMakeFiles/clearpath_platform_msgs__rosidl_typesupport_fastrtps_c.dir/rosidl_typesupport_fastrtps_c/clearpath_platform_msgs/msg/detail/lights__type_support_c.cpp.o[0m
[11.592s] [ 60%] [32mBuilding CXX object CMakeFiles/clearpath_platform_msgs__rosidl_typesupport_introspection_cpp.dir/rosidl_typesupport_introspection_cpp/clearpath_platform_msgs/msg/detail/feedback__type_support.cpp.o[0m
[11.678s] [ 61%] [32mBuilding CXX object CMakeFiles/clearpath_platform_msgs__rosidl_typesupport_cpp.dir/rosidl_typesupport_cpp/clearpath_platform_msgs/srv/configure_mcu__type_support.cpp.o[0m
[11.727s] [ 62%] [32mBuilding CXX object CMakeFiles/clearpath_platform_msgs__rosidl_typesupport_fastrtps_c.dir/rosidl_typesupport_fastrtps_c/clearpath_platform_msgs/msg/detail/power__type_support_c.cpp.o[0m
[11.763s] [ 63%] [32mBuilding CXX object CMakeFiles/clearpath_platform_msgs__rosidl_typesupport_fastrtps_cpp.dir/rosidl_typesupport_fastrtps_cpp/clearpath_platform_msgs/msg/detail/dds_fastrtps/lights__type_support.cpp.o[0m
[11.835s] [ 64%] [32mBuilding CXX object CMakeFiles/clearpath_platform_msgs__rosidl_typesupport_introspection_cpp.dir/rosidl_typesupport_introspection_cpp/clearpath_platform_msgs/msg/detail/lights__type_support.cpp.o[0m
[12.073s] [ 65%] [32mBuilding CXX object CMakeFiles/clearpath_platform_msgs__rosidl_typesupport_introspection_cpp.dir/rosidl_typesupport_introspection_cpp/clearpath_platform_msgs/msg/detail/power__type_support.cpp.o[0m
[12.090s] [ 66%] [32mBuilding CXX object CMakeFiles/clearpath_platform_msgs__rosidl_typesupport_introspection_cpp.dir/rosidl_typesupport_introspection_cpp/clearpath_platform_msgs/msg/detail/rgb__type_support.cpp.o[0m
[12.314s] [ 67%] [32mBuilding CXX object CMakeFiles/clearpath_platform_msgs__rosidl_typesupport_fastrtps_c.dir/rosidl_typesupport_fastrtps_c/clearpath_platform_msgs/msg/detail/rgb__type_support_c.cpp.o[0m
[12.348s] [ 68%] [32m[1mLinking CXX shared library libclearpath_platform_msgs__rosidl_typesupport_cpp.so[0m
[12.447s] [ 69%] [32mBuilding CXX object CMakeFiles/clearpath_platform_msgs__rosidl_typesupport_fastrtps_cpp.dir/rosidl_typesupport_fastrtps_cpp/clearpath_platform_msgs/msg/detail/dds_fastrtps/power__type_support.cpp.o[0m
[12.481s] [ 69%] Built target clearpath_platform_msgs__rosidl_typesupport_cpp
[12.511s] [ 70%] [32mBuilding CXX object CMakeFiles/clearpath_platform_msgs__rosidl_typesupport_fastrtps_c.dir/rosidl_typesupport_fastrtps_c/clearpath_platform_msgs/msg/detail/status__type_support_c.cpp.o[0m
[12.563s] [ 71%] [32mBuilding CXX object CMakeFiles/clearpath_platform_msgs__rosidl_typesupport_fastrtps_c.dir/rosidl_typesupport_fastrtps_c/clearpath_platform_msgs/msg/detail/stop_status__type_support_c.cpp.o[0m
[12.640s] [ 72%] [32mBuilding CXX object CMakeFiles/clearpath_platform_msgs__rosidl_typesupport_fastrtps_c.dir/rosidl_typesupport_fastrtps_c/clearpath_platform_msgs/srv/detail/configure_mcu__type_support_c.cpp.o[0m
[12.821s] [ 73%] [32mBuilding CXX object CMakeFiles/clearpath_platform_msgs__rosidl_typesupport_fastrtps_cpp.dir/rosidl_typesupport_fastrtps_cpp/clearpath_platform_msgs/msg/detail/dds_fastrtps/status__type_support.cpp.o[0m
[12.838s] [ 74%] [32mBuilding CXX object CMakeFiles/clearpath_platform_msgs__rosidl_typesupport_fastrtps_cpp.dir/rosidl_typesupport_fastrtps_cpp/clearpath_platform_msgs/msg/detail/dds_fastrtps/rgb__type_support.cpp.o[0m
[12.993s] [ 75%] [32mBuilding CXX object CMakeFiles/clearpath_platform_msgs__rosidl_typesupport_introspection_cpp.dir/rosidl_typesupport_introspection_cpp/clearpath_platform_msgs/msg/detail/status__type_support.cpp.o[0m
[13.024s] [ 76%] [32mBuilding CXX object CMakeFiles/clearpath_platform_msgs__rosidl_typesupport_introspection_cpp.dir/rosidl_typesupport_introspection_cpp/clearpath_platform_msgs/msg/detail/stop_status__type_support.cpp.o[0m
[13.349s] [ 77%] [32mBuilding CXX object CMakeFiles/clearpath_platform_msgs__rosidl_typesupport_introspection_cpp.dir/rosidl_typesupport_introspection_cpp/clearpath_platform_msgs/srv/detail/configure_mcu__type_support.cpp.o[0m
[13.427s] [ 78%] [32mBuilding CXX object CMakeFiles/clearpath_platform_msgs__rosidl_typesupport_fastrtps_cpp.dir/rosidl_typesupport_fastrtps_cpp/clearpath_platform_msgs/msg/detail/dds_fastrtps/stop_status__type_support.cpp.o[0m
[13.521s] [ 79%] [32mBuilding CXX object CMakeFiles/clearpath_platform_msgs__rosidl_typesupport_fastrtps_cpp.dir/rosidl_typesupport_fastrtps_cpp/clearpath_platform_msgs/srv/detail/dds_fastrtps/configure_mcu__type_support.cpp.o[0m
[13.530s] [ 80%] [32m[1mLinking CXX shared library libclearpath_platform_msgs__rosidl_typesupport_fastrtps_c.so[0m
[13.844s] [ 80%] Built target clearpath_platform_msgs__rosidl_typesupport_fastrtps_c
[14.106s] [ 81%] [32m[1mLinking CXX shared library libclearpath_platform_msgs__rosidl_typesupport_introspection_cpp.so[0m
[14.243s] [ 81%] Built target clearpath_platform_msgs__rosidl_typesupport_introspection_cpp
[14.296s] [ 82%] [32m[1mLinking CXX shared library libclearpath_platform_msgs__rosidl_typesupport_fastrtps_cpp.so[0m
[14.448s] [ 82%] Built target clearpath_platform_msgs__rosidl_typesupport_fastrtps_cpp
[14.470s] [ 82%] Built target clearpath_platform_msgs
[14.493s] [ 83%] [34m[1mGenerating Python code for ROS interfaces[0m
[17.504s] [ 83%] Built target clearpath_platform_msgs__py
[17.532s] [ 85%] [32mBuilding C object CMakeFiles/clearpath_platform_msgs__rosidl_generator_py.dir/rosidl_generator_py/clearpath_platform_msgs/msg/_feedback_s.c.o[0m
[17.532s] [ 85%] [32mBuilding C object CMakeFiles/clearpath_platform_msgs__rosidl_generator_py.dir/rosidl_generator_py/clearpath_platform_msgs/msg/_drive_feedback_s.c.o[0m
[17.532s] [ 87%] [32mBuilding C object CMakeFiles/clearpath_platform_msgs__rosidl_generator_py.dir/rosidl_generator_py/clearpath_platform_msgs/msg/_lights_s.c.o[0m
[17.532s] [ 87%] [32mBuilding C object CMakeFiles/clearpath_platform_msgs__rosidl_generator_py.dir/rosidl_generator_py/clearpath_platform_msgs/msg/_fans_s.c.o[0m
[17.536s] [ 88%] [32mBuilding C object CMakeFiles/clearpath_platform_msgs__rosidl_generator_py.dir/rosidl_generator_py/clearpath_platform_msgs/msg/_drive_s.c.o[0m
[17.539s] [ 89%] [32mBuilding C object CMakeFiles/clearpath_platform_msgs__rosidl_generator_py.dir/rosidl_generator_py/clearpath_platform_msgs/msg/_power_s.c.o[0m
[17.545s] [ 90%] [32mBuilding C object CMakeFiles/clearpath_platform_msgs__rosidl_generator_py.dir/rosidl_generator_py/clearpath_platform_msgs/msg/_rgb_s.c.o[0m
[17.545s] [ 91%] [32mBuilding C object CMakeFiles/clearpath_platform_msgs__rosidl_generator_py.dir/rosidl_generator_py/clearpath_platform_msgs/msg/_status_s.c.o[0m
[17.758s] [ 92%] [32mBuilding C object CMakeFiles/clearpath_platform_msgs__rosidl_generator_py.dir/rosidl_generator_py/clearpath_platform_msgs/msg/_stop_status_s.c.o[0m
[17.763s] [ 93%] [32mBuilding C object CMakeFiles/clearpath_platform_msgs__rosidl_generator_py.dir/rosidl_generator_py/clearpath_platform_msgs/srv/_configure_mcu_s.c.o[0m
[17.876s] [ 94%] [32m[1mLinking C shared library rosidl_generator_py/clearpath_platform_msgs/libclearpath_platform_msgs__rosidl_generator_py.so[0m
[17.925s] [ 94%] Built target clearpath_platform_msgs__rosidl_generator_py
[17.949s] [ 95%] [32mBuilding C object CMakeFiles/clearpath_platform_msgs__rosidl_typesupport_introspection_c__pyext.dir/rosidl_generator_py/clearpath_platform_msgs/_clearpath_platform_msgs_s.ep.rosidl_typesupport_introspection_c.c.o[0m
[17.949s] [ 97%] [32mBuilding C object CMakeFiles/clearpath_platform_msgs__rosidl_typesupport_c__pyext.dir/rosidl_generator_py/clearpath_platform_msgs/_clearpath_platform_msgs_s.ep.rosidl_typesupport_c.c.o[0m
[17.949s] [ 97%] [32mBuilding C object CMakeFiles/clearpath_platform_msgs__rosidl_typesupport_fastrtps_c__pyext.dir/rosidl_generator_py/clearpath_platform_msgs/_clearpath_platform_msgs_s.ep.rosidl_typesupport_fastrtps_c.c.o[0m
[18.092s] [ 98%] [32m[1mLinking C shared library rosidl_generator_py/clearpath_platform_msgs/clearpath_platform_msgs_s__rosidl_typesupport_introspection_c.cpython-310-x86_64-linux-gnu.so[0m
[18.093s] [ 99%] [32m[1mLinking C shared library rosidl_generator_py/clearpath_platform_msgs/clearpath_platform_msgs_s__rosidl_typesupport_c.cpython-310-x86_64-linux-gnu.so[0m
[18.093s] [100%] [32m[1mLinking C shared library rosidl_generator_py/clearpath_platform_msgs/clearpath_platform_msgs_s__rosidl_typesupport_fastrtps_c.cpython-310-x86_64-linux-gnu.so[0m
[18.141s] [100%] Built target clearpath_platform_msgs__rosidl_typesupport_c__pyext
[18.141s] [100%] Built target clearpath_platform_msgs__rosidl_typesupport_introspection_c__pyext
[18.147s] [100%] Built target clearpath_platform_msgs__rosidl_typesupport_fastrtps_c__pyext
[18.161s] Invoked command in '/home/newton/autonomous-robots/clearpath_workspace/build/clearpath_platform_msgs' returned '0': CMAKE_PREFIX_PATH=/opt/ros/humble /usr/bin/cmake --build /home/newton/autonomous-robots/clearpath_workspace/build/clearpath_platform_msgs -- -j8 -l8
[18.163s] Invoking command in '/home/newton/autonomous-robots/clearpath_workspace/build/clearpath_platform_msgs': CMAKE_PREFIX_PATH=/opt/ros/humble /usr/bin/cmake --install /home/newton/autonomous-robots/clearpath_workspace/build/clearpath_platform_msgs
[18.172s] -- Install configuration: ""
[18.172s] -- Execute custom install script
[18.173s] -- Symlinking: /home/newton/autonomous-robots/clearpath_workspace/install/clearpath_platform_msgs/share/ament_index/resource_index/rosidl_interfaces/clearpath_platform_msgs
[18.183s] -- Symlinking: /home/newton/autonomous-robots/clearpath_workspace/install/clearpath_platform_msgs/include/clearpath_platform_msgs/clearpath_platform_msgs/msg/detail/drive__functions.h
[18.193s] -- Symlinking: /home/newton/autonomous-robots/clearpath_workspace/install/clearpath_platform_msgs/include/clearpath_platform_msgs/clearpath_platform_msgs/msg/detail/drive__struct.h
[18.203s] -- Symlinking: /home/newton/autonomous-robots/clearpath_workspace/install/clearpath_platform_msgs/include/clearpath_platform_msgs/clearpath_platform_msgs/msg/detail/drive__type_support.h
[18.213s] -- Symlinking: /home/newton/autonomous-robots/clearpath_workspace/install/clearpath_platform_msgs/include/clearpath_platform_msgs/clearpath_platform_msgs/msg/detail/drive_feedback__functions.h
[18.224s] -- Symlinking: /home/newton/autonomous-robots/clearpath_workspace/install/clearpath_platform_msgs/include/clearpath_platform_msgs/clearpath_platform_msgs/msg/detail/drive_feedback__struct.h
[18.233s] -- Symlinking: /home/newton/autonomous-robots/clearpath_workspace/install/clearpath_platform_msgs/include/clearpath_platform_msgs/clearpath_platform_msgs/msg/detail/drive_feedback__type_support.h
[18.244s] -- Symlinking: /home/newton/autonomous-robots/clearpath_workspace/install/clearpath_platform_msgs/include/clearpath_platform_msgs/clearpath_platform_msgs/msg/detail/fans__functions.h
[18.253s] -- Symlinking: /home/newton/autonomous-robots/clearpath_workspace/install/clearpath_platform_msgs/include/clearpath_platform_msgs/clearpath_platform_msgs/msg/detail/fans__struct.h
[18.264s] -- Symlinking: /home/newton/autonomous-robots/clearpath_workspace/install/clearpath_platform_msgs/include/clearpath_platform_msgs/clearpath_platform_msgs/msg/detail/fans__type_support.h
[18.273s] -- Symlinking: /home/newton/autonomous-robots/clearpath_workspace/install/clearpath_platform_msgs/include/clearpath_platform_msgs/clearpath_platform_msgs/msg/detail/feedback__functions.h
[18.283s] -- Symlinking: /home/newton/autonomous-robots/clearpath_workspace/install/clearpath_platform_msgs/include/clearpath_platform_msgs/clearpath_platform_msgs/msg/detail/feedback__struct.h
[18.294s] -- Symlinking: /home/newton/autonomous-robots/clearpath_workspace/install/clearpath_platform_msgs/include/clearpath_platform_msgs/clearpath_platform_msgs/msg/detail/feedback__type_support.h
[18.304s] -- Symlinking: /home/newton/autonomous-robots/clearpath_workspace/install/clearpath_platform_msgs/include/clearpath_platform_msgs/clearpath_platform_msgs/msg/detail/lights__functions.h
[18.314s] -- Symlinking: /home/newton/autonomous-robots/clearpath_workspace/install/clearpath_platform_msgs/include/clearpath_platform_msgs/clearpath_platform_msgs/msg/detail/lights__struct.h
[18.324s] -- Symlinking: /home/newton/autonomous-robots/clearpath_workspace/install/clearpath_platform_msgs/include/clearpath_platform_msgs/clearpath_platform_msgs/msg/detail/lights__type_support.h
[18.333s] -- Symlinking: /home/newton/autonomous-robots/clearpath_workspace/install/clearpath_platform_msgs/include/clearpath_platform_msgs/clearpath_platform_msgs/msg/detail/power__functions.h
[18.343s] -- Symlinking: /home/newton/autonomous-robots/clearpath_workspace/install/clearpath_platform_msgs/include/clearpath_platform_msgs/clearpath_platform_msgs/msg/detail/power__struct.h
[18.352s] -- Symlinking: /home/newton/autonomous-robots/clearpath_workspace/install/clearpath_platform_msgs/include/clearpath_platform_msgs/clearpath_platform_msgs/msg/detail/power__type_support.h
[18.362s] -- Symlinking: /home/newton/autonomous-robots/clearpath_workspace/install/clearpath_platform_msgs/include/clearpath_platform_msgs/clearpath_platform_msgs/msg/detail/rgb__functions.h
[18.371s] -- Symlinking: /home/newton/autonomous-robots/clearpath_workspace/install/clearpath_platform_msgs/include/clearpath_platform_msgs/clearpath_platform_msgs/msg/detail/rgb__struct.h
[18.379s] -- Symlinking: /home/newton/autonomous-robots/clearpath_workspace/install/clearpath_platform_msgs/include/clearpath_platform_msgs/clearpath_platform_msgs/msg/detail/rgb__type_support.h
[18.388s] -- Symlinking: /home/newton/autonomous-robots/clearpath_workspace/install/clearpath_platform_msgs/include/clearpath_platform_msgs/clearpath_platform_msgs/msg/detail/status__functions.h
[18.398s] -- Symlinking: /home/newton/autonomous-robots/clearpath_workspace/install/clearpath_platform_msgs/include/clearpath_platform_msgs/clearpath_platform_msgs/msg/detail/status__struct.h
[18.408s] -- Symlinking: /home/newton/autonomous-robots/clearpath_workspace/install/clearpath_platform_msgs/include/clearpath_platform_msgs/clearpath_platform_msgs/msg/detail/status__type_support.h
[18.417s] -- Symlinking: /home/newton/autonomous-robots/clearpath_workspace/install/clearpath_platform_msgs/include/clearpath_platform_msgs/clearpath_platform_msgs/msg/detail/stop_status__functions.h
[18.427s] -- Symlinking: /home/newton/autonomous-robots/clearpath_workspace/install/clearpath_platform_msgs/include/clearpath_platform_msgs/clearpath_platform_msgs/msg/detail/stop_status__struct.h
[18.437s] -- Symlinking: /home/newton/autonomous-robots/clearpath_workspace/install/clearpath_platform_msgs/include/clearpath_platform_msgs/clearpath_platform_msgs/msg/detail/stop_status__type_support.h
[18.447s] -- Symlinking: /home/newton/autonomous-robots/clearpath_workspace/install/clearpath_platform_msgs/include/clearpath_platform_msgs/clearpath_platform_msgs/msg/drive.h
[18.456s] -- Symlinking: /home/newton/autonomous-robots/clearpath_workspace/install/clearpath_platform_msgs/include/clearpath_platform_msgs/clearpath_platform_msgs/msg/drive_feedback.h
[18.465s] -- Symlinking: /home/newton/autonomous-robots/clearpath_workspace/install/clearpath_platform_msgs/include/clearpath_platform_msgs/clearpath_platform_msgs/msg/fans.h
[18.474s] -- Symlinking: /home/newton/autonomous-robots/clearpath_workspace/install/clearpath_platform_msgs/include/clearpath_platform_msgs/clearpath_platform_msgs/msg/feedback.h
[18.483s] -- Symlinking: /home/newton/autonomous-robots/clearpath_workspace/install/clearpath_platform_msgs/include/clearpath_platform_msgs/clearpath_platform_msgs/msg/lights.h
[18.492s] -- Symlinking: /home/newton/autonomous-robots/clearpath_workspace/install/clearpath_platform_msgs/include/clearpath_platform_msgs/clearpath_platform_msgs/msg/power.h
[18.501s] -- Symlinking: /home/newton/autonomous-robots/clearpath_workspace/install/clearpath_platform_msgs/include/clearpath_platform_msgs/clearpath_platform_msgs/msg/rgb.h
[18.510s] -- Symlinking: /home/newton/autonomous-robots/clearpath_workspace/install/clearpath_platform_msgs/include/clearpath_platform_msgs/clearpath_platform_msgs/msg/rosidl_generator_c__visibility_control.h
[18.519s] -- Symlinking: /home/newton/autonomous-robots/clearpath_workspace/install/clearpath_platform_msgs/include/clearpath_platform_msgs/clearpath_platform_msgs/msg/status.h
[18.529s] -- Symlinking: /home/newton/autonomous-robots/clearpath_workspace/install/clearpath_platform_msgs/include/clearpath_platform_msgs/clearpath_platform_msgs/msg/stop_status.h
[18.538s] -- Symlinking: /home/newton/autonomous-robots/clearpath_workspace/install/clearpath_platform_msgs/include/clearpath_platform_msgs/clearpath_platform_msgs/srv/configure_mcu.h
[18.548s] -- Symlinking: /home/newton/autonomous-robots/clearpath_workspace/install/clearpath_platform_msgs/include/clearpath_platform_msgs/clearpath_platform_msgs/srv/detail/configure_mcu__functions.h
[18.556s] -- Symlinking: /home/newton/autonomous-robots/clearpath_workspace/install/clearpath_platform_msgs/include/clearpath_platform_msgs/clearpath_platform_msgs/srv/detail/configure_mcu__struct.h
[18.566s] -- Symlinking: /home/newton/autonomous-robots/clearpath_workspace/install/clearpath_platform_msgs/include/clearpath_platform_msgs/clearpath_platform_msgs/srv/detail/configure_mcu__type_support.h
[18.576s] -- Symlinking: /home/newton/autonomous-robots/clearpath_workspace/install/clearpath_platform_msgs/share/clearpath_platform_msgs/environment/library_path.sh
[18.588s] -- Symlinking: /home/newton/autonomous-robots/clearpath_workspace/install/clearpath_platform_msgs/share/clearpath_platform_msgs/environment/library_path.dsv
[18.601s] -- Symlinking: /home/newton/autonomous-robots/clearpath_workspace/install/clearpath_platform_msgs/include/clearpath_platform_msgs/clearpath_platform_msgs/msg/detail/drive__rosidl_typesupport_fastrtps_c.h
[18.612s] -- Symlinking: /home/newton/autonomous-robots/clearpath_workspace/install/clearpath_platform_msgs/include/clearpath_platform_msgs/clearpath_platform_msgs/msg/detail/drive_feedback__rosidl_typesupport_fastrtps_c.h
[18.624s] -- Symlinking: /home/newton/autonomous-robots/clearpath_workspace/install/clearpath_platform_msgs/include/clearpath_platform_msgs/clearpath_platform_msgs/msg/detail/fans__rosidl_typesupport_fastrtps_c.h
[18.636s] -- Symlinking: /home/newton/autonomous-robots/clearpath_workspace/install/clearpath_platform_msgs/include/clearpath_platform_msgs/clearpath_platform_msgs/msg/detail/feedback__rosidl_typesupport_fastrtps_c.h
[18.647s] -- Symlinking: /home/newton/autonomous-robots/clearpath_workspace/install/clearpath_platform_msgs/include/clearpath_platform_msgs/clearpath_platform_msgs/msg/detail/lights__rosidl_typesupport_fastrtps_c.h
[18.657s] -- Symlinking: /home/newton/autonomous-robots/clearpath_workspace/install/clearpath_platform_msgs/include/clearpath_platform_msgs/clearpath_platform_msgs/msg/detail/power__rosidl_typesupport_fastrtps_c.h
[18.667s] -- Symlinking: /home/newton/autonomous-robots/clearpath_workspace/install/clearpath_platform_msgs/include/clearpath_platform_msgs/clearpath_platform_msgs/msg/detail/rgb__rosidl_typesupport_fastrtps_c.h
[18.678s] -- Symlinking: /home/newton/autonomous-robots/clearpath_workspace/install/clearpath_platform_msgs/include/clearpath_platform_msgs/clearpath_platform_msgs/msg/detail/status__rosidl_typesupport_fastrtps_c.h
[18.688s] -- Symlinking: /home/newton/autonomous-robots/clearpath_workspace/install/clearpath_platform_msgs/include/clearpath_platform_msgs/clearpath_platform_msgs/msg/detail/stop_status__rosidl_typesupport_fastrtps_c.h
[18.698s] -- Symlinking: /home/newton/autonomous-robots/clearpath_workspace/install/clearpath_platform_msgs/include/clearpath_platform_msgs/clearpath_platform_msgs/msg/rosidl_typesupport_fastrtps_c__visibility_control.h
[18.708s] -- Symlinking: /home/newton/autonomous-robots/clearpath_workspace/install/clearpath_platform_msgs/include/clearpath_platform_msgs/clearpath_platform_msgs/srv/detail/configure_mcu__rosidl_typesupport_fastrtps_c.h
[18.718s] -- Symlinking: /home/newton/autonomous-robots/clearpath_workspace/install/clearpath_platform_msgs/include/clearpath_platform_msgs/clearpath_platform_msgs/msg/detail/drive__builder.hpp
[18.728s] -- Symlinking: /home/newton/autonomous-robots/clearpath_workspace/install/clearpath_platform_msgs/include/clearpath_platform_msgs/clearpath_platform_msgs/msg/detail/drive__struct.hpp
[18.738s] -- Symlinking: /home/newton/autonomous-robots/clearpath_workspace/install/clearpath_platform_msgs/include/clearpath_platform_msgs/clearpath_platform_msgs/msg/detail/drive__traits.hpp
[18.747s] -- Symlinking: /home/newton/autonomous-robots/clearpath_workspace/install/clearpath_platform_msgs/include/clearpath_platform_msgs/clearpath_platform_msgs/msg/detail/drive__type_support.hpp
[18.757s] -- Symlinking: /home/newton/autonomous-robots/clearpath_workspace/install/clearpath_platform_msgs/include/clearpath_platform_msgs/clearpath_platform_msgs/msg/detail/drive_feedback__builder.hpp
[18.766s] -- Symlinking: /home/newton/autonomous-robots/clearpath_workspace/install/clearpath_platform_msgs/include/clearpath_platform_msgs/clearpath_platform_msgs/msg/detail/drive_feedback__struct.hpp
[18.775s] -- Symlinking: /home/newton/autonomous-robots/clearpath_workspace/install/clearpath_platform_msgs/include/clearpath_platform_msgs/clearpath_platform_msgs/msg/detail/drive_feedback__traits.hpp
[18.783s] -- Symlinking: /home/newton/autonomous-robots/clearpath_workspace/install/clearpath_platform_msgs/include/clearpath_platform_msgs/clearpath_platform_msgs/msg/detail/drive_feedback__type_support.hpp
[18.793s] -- Symlinking: /home/newton/autonomous-robots/clearpath_workspace/install/clearpath_platform_msgs/include/clearpath_platform_msgs/clearpath_platform_msgs/msg/detail/fans__builder.hpp
[18.802s] -- Symlinking: /home/newton/autonomous-robots/clearpath_workspace/install/clearpath_platform_msgs/include/clearpath_platform_msgs/clearpath_platform_msgs/msg/detail/fans__struct.hpp
[18.811s] -- Symlinking: /home/newton/autonomous-robots/clearpath_workspace/install/clearpath_platform_msgs/include/clearpath_platform_msgs/clearpath_platform_msgs/msg/detail/fans__traits.hpp
[18.821s] -- Symlinking: /home/newton/autonomous-robots/clearpath_workspace/install/clearpath_platform_msgs/include/clearpath_platform_msgs/clearpath_platform_msgs/msg/detail/fans__type_support.hpp
[18.831s] -- Symlinking: /home/newton/autonomous-robots/clearpath_workspace/install/clearpath_platform_msgs/include/clearpath_platform_msgs/clearpath_platform_msgs/msg/detail/feedback__builder.hpp
[18.840s] -- Symlinking: /home/newton/autonomous-robots/clearpath_workspace/install/clearpath_platform_msgs/include/clearpath_platform_msgs/clearpath_platform_msgs/msg/detail/feedback__struct.hpp
[18.849s] -- Symlinking: /home/newton/autonomous-robots/clearpath_workspace/install/clearpath_platform_msgs/include/clearpath_platform_msgs/clearpath_platform_msgs/msg/detail/feedback__traits.hpp
[18.858s] -- Symlinking: /home/newton/autonomous-robots/clearpath_workspace/install/clearpath_platform_msgs/include/clearpath_platform_msgs/clearpath_platform_msgs/msg/detail/feedback__type_support.hpp
[18.867s] -- Symlinking: /home/newton/autonomous-robots/clearpath_workspace/install/clearpath_platform_msgs/include/clearpath_platform_msgs/clearpath_platform_msgs/msg/detail/lights__builder.hpp
[18.876s] -- Symlinking: /home/newton/autonomous-robots/clearpath_workspace/install/clearpath_platform_msgs/include/clearpath_platform_msgs/clearpath_platform_msgs/msg/detail/lights__struct.hpp
[18.885s] -- Symlinking: /home/newton/autonomous-robots/clearpath_workspace/install/clearpath_platform_msgs/include/clearpath_platform_msgs/clearpath_platform_msgs/msg/detail/lights__traits.hpp
[18.895s] -- Symlinking: /home/newton/autonomous-robots/clearpath_workspace/install/clearpath_platform_msgs/include/clearpath_platform_msgs/clearpath_platform_msgs/msg/detail/lights__type_support.hpp
[18.904s] -- Symlinking: /home/newton/autonomous-robots/clearpath_workspace/install/clearpath_platform_msgs/include/clearpath_platform_msgs/clearpath_platform_msgs/msg/detail/power__builder.hpp
[18.913s] -- Symlinking: /home/newton/autonomous-robots/clearpath_workspace/install/clearpath_platform_msgs/include/clearpath_platform_msgs/clearpath_platform_msgs/msg/detail/power__struct.hpp
[18.923s] -- Symlinking: /home/newton/autonomous-robots/clearpath_workspace/install/clearpath_platform_msgs/include/clearpath_platform_msgs/clearpath_platform_msgs/msg/detail/power__traits.hpp
[18.932s] -- Symlinking: /home/newton/autonomous-robots/clearpath_workspace/install/clearpath_platform_msgs/include/clearpath_platform_msgs/clearpath_platform_msgs/msg/detail/power__type_support.hpp
[18.941s] -- Symlinking: /home/newton/autonomous-robots/clearpath_workspace/install/clearpath_platform_msgs/include/clearpath_platform_msgs/clearpath_platform_msgs/msg/detail/rgb__builder.hpp
[18.950s] -- Symlinking: /home/newton/autonomous-robots/clearpath_workspace/install/clearpath_platform_msgs/include/clearpath_platform_msgs/clearpath_platform_msgs/msg/detail/rgb__struct.hpp
[18.959s] -- Symlinking: /home/newton/autonomous-robots/clearpath_workspace/install/clearpath_platform_msgs/include/clearpath_platform_msgs/clearpath_platform_msgs/msg/detail/rgb__traits.hpp
[18.968s] -- Symlinking: /home/newton/autonomous-robots/clearpath_workspace/install/clearpath_platform_msgs/include/clearpath_platform_msgs/clearpath_platform_msgs/msg/detail/rgb__type_support.hpp
[18.977s] -- Symlinking: /home/newton/autonomous-robots/clearpath_workspace/install/clearpath_platform_msgs/include/clearpath_platform_msgs/clearpath_platform_msgs/msg/detail/status__builder.hpp
[18.986s] -- Symlinking: /home/newton/autonomous-robots/clearpath_workspace/install/clearpath_platform_msgs/include/clearpath_platform_msgs/clearpath_platform_msgs/msg/detail/status__struct.hpp
[18.995s] -- Symlinking: /home/newton/autonomous-robots/clearpath_workspace/install/clearpath_platform_msgs/include/clearpath_platform_msgs/clearpath_platform_msgs/msg/detail/status__traits.hpp
[19.005s] -- Symlinking: /home/newton/autonomous-robots/clearpath_workspace/install/clearpath_platform_msgs/include/clearpath_platform_msgs/clearpath_platform_msgs/msg/detail/status__type_support.hpp
[19.014s] -- Symlinking: /home/newton/autonomous-robots/clearpath_workspace/install/clearpath_platform_msgs/include/clearpath_platform_msgs/clearpath_platform_msgs/msg/detail/stop_status__builder.hpp
[19.024s] -- Symlinking: /home/newton/autonomous-robots/clearpath_workspace/install/clearpath_platform_msgs/include/clearpath_platform_msgs/clearpath_platform_msgs/msg/detail/stop_status__struct.hpp
[19.033s] -- Symlinking: /home/newton/autonomous-robots/clearpath_workspace/install/clearpath_platform_msgs/include/clearpath_platform_msgs/clearpath_platform_msgs/msg/detail/stop_status__traits.hpp
[19.042s] -- Symlinking: /home/newton/autonomous-robots/clearpath_workspace/install/clearpath_platform_msgs/include/clearpath_platform_msgs/clearpath_platform_msgs/msg/detail/stop_status__type_support.hpp
[19.051s] -- Symlinking: /home/newton/autonomous-robots/clearpath_workspace/install/clearpath_platform_msgs/include/clearpath_platform_msgs/clearpath_platform_msgs/msg/drive.hpp
[19.060s] -- Symlinking: /home/newton/autonomous-robots/clearpath_workspace/install/clearpath_platform_msgs/include/clearpath_platform_msgs/clearpath_platform_msgs/msg/drive_feedback.hpp
[19.070s] -- Symlinking: /home/newton/autonomous-robots/clearpath_workspace/install/clearpath_platform_msgs/include/clearpath_platform_msgs/clearpath_platform_msgs/msg/fans.hpp
[19.079s] -- Symlinking: /home/newton/autonomous-robots/clearpath_workspace/install/clearpath_platform_msgs/include/clearpath_platform_msgs/clearpath_platform_msgs/msg/feedback.hpp
[19.089s] -- Symlinking: /home/newton/autonomous-robots/clearpath_workspace/install/clearpath_platform_msgs/include/clearpath_platform_msgs/clearpath_platform_msgs/msg/lights.hpp
[19.099s] -- Symlinking: /home/newton/autonomous-robots/clearpath_workspace/install/clearpath_platform_msgs/include/clearpath_platform_msgs/clearpath_platform_msgs/msg/power.hpp
[19.109s] -- Symlinking: /home/newton/autonomous-robots/clearpath_workspace/install/clearpath_platform_msgs/include/clearpath_platform_msgs/clearpath_platform_msgs/msg/rgb.hpp
[19.120s] -- Symlinking: /home/newton/autonomous-robots/clearpath_workspace/install/clearpath_platform_msgs/include/clearpath_platform_msgs/clearpath_platform_msgs/msg/rosidl_generator_cpp__visibility_control.hpp
[19.131s] -- Symlinking: /home/newton/autonomous-robots/clearpath_workspace/install/clearpath_platform_msgs/include/clearpath_platform_msgs/clearpath_platform_msgs/msg/status.hpp
[19.143s] -- Symlinking: /home/newton/autonomous-robots/clearpath_workspace/install/clearpath_platform_msgs/include/clearpath_platform_msgs/clearpath_platform_msgs/msg/stop_status.hpp
[19.153s] -- Symlinking: /home/newton/autonomous-robots/clearpath_workspace/install/clearpath_platform_msgs/include/clearpath_platform_msgs/clearpath_platform_msgs/srv/configure_mcu.hpp
[19.164s] -- Symlinking: /home/newton/autonomous-robots/clearpath_workspace/install/clearpath_platform_msgs/include/clearpath_platform_msgs/clearpath_platform_msgs/srv/detail/configure_mcu__builder.hpp
[19.175s] -- Symlinking: /home/newton/autonomous-robots/clearpath_workspace/install/clearpath_platform_msgs/include/clearpath_platform_msgs/clearpath_platform_msgs/srv/detail/configure_mcu__struct.hpp
[19.185s] -- Symlinking: /home/newton/autonomous-robots/clearpath_workspace/install/clearpath_platform_msgs/include/clearpath_platform_msgs/clearpath_platform_msgs/srv/detail/configure_mcu__traits.hpp
[19.196s] -- Symlinking: /home/newton/autonomous-robots/clearpath_workspace/install/clearpath_platform_msgs/include/clearpath_platform_msgs/clearpath_platform_msgs/srv/detail/configure_mcu__type_support.hpp
[19.208s] -- Symlinking: /home/newton/autonomous-robots/clearpath_workspace/install/clearpath_platform_msgs/include/clearpath_platform_msgs/clearpath_platform_msgs/msg/detail/drive__rosidl_typesupport_fastrtps_cpp.hpp
[19.218s] -- Symlinking: /home/newton/autonomous-robots/clearpath_workspace/install/clearpath_platform_msgs/include/clearpath_platform_msgs/clearpath_platform_msgs/msg/detail/drive_feedback__rosidl_typesupport_fastrtps_cpp.hpp
[19.229s] -- Symlinking: /home/newton/autonomous-robots/clearpath_workspace/install/clearpath_platform_msgs/include/clearpath_platform_msgs/clearpath_platform_msgs/msg/detail/fans__rosidl_typesupport_fastrtps_cpp.hpp
[19.241s] -- Symlinking: /home/newton/autonomous-robots/clearpath_workspace/install/clearpath_platform_msgs/include/clearpath_platform_msgs/clearpath_platform_msgs/msg/detail/feedback__rosidl_typesupport_fastrtps_cpp.hpp
[19.252s] -- Symlinking: /home/newton/autonomous-robots/clearpath_workspace/install/clearpath_platform_msgs/include/clearpath_platform_msgs/clearpath_platform_msgs/msg/detail/lights__rosidl_typesupport_fastrtps_cpp.hpp
[19.262s] -- Symlinking: /home/newton/autonomous-robots/clearpath_workspace/install/clearpath_platform_msgs/include/clearpath_platform_msgs/clearpath_platform_msgs/msg/detail/power__rosidl_typesupport_fastrtps_cpp.hpp
[19.273s] -- Symlinking: /home/newton/autonomous-robots/clearpath_workspace/install/clearpath_platform_msgs/include/clearpath_platform_msgs/clearpath_platform_msgs/msg/detail/rgb__rosidl_typesupport_fastrtps_cpp.hpp
[19.283s] -- Symlinking: /home/newton/autonomous-robots/clearpath_workspace/install/clearpath_platform_msgs/include/clearpath_platform_msgs/clearpath_platform_msgs/msg/detail/status__rosidl_typesupport_fastrtps_cpp.hpp
[19.296s] -- Symlinking: /home/newton/autonomous-robots/clearpath_workspace/install/clearpath_platform_msgs/include/clearpath_platform_msgs/clearpath_platform_msgs/msg/detail/stop_status__rosidl_typesupport_fastrtps_cpp.hpp
[19.306s] -- Symlinking: /home/newton/autonomous-robots/clearpath_workspace/install/clearpath_platform_msgs/include/clearpath_platform_msgs/clearpath_platform_msgs/msg/rosidl_typesupport_fastrtps_cpp__visibility_control.h
[19.317s] -- Symlinking: /home/newton/autonomous-robots/clearpath_workspace/install/clearpath_platform_msgs/include/clearpath_platform_msgs/clearpath_platform_msgs/srv/detail/configure_mcu__rosidl_typesupport_fastrtps_cpp.hpp
[19.330s] -- Symlinking: /home/newton/autonomous-robots/clearpath_workspace/install/clearpath_platform_msgs/include/clearpath_platform_msgs/clearpath_platform_msgs/msg/detail/drive__rosidl_typesupport_introspection_c.h
[19.341s] -- Symlinking: /home/newton/autonomous-robots/clearpath_workspace/install/clearpath_platform_msgs/include/clearpath_platform_msgs/clearpath_platform_msgs/msg/detail/drive_feedback__rosidl_typesupport_introspection_c.h
[19.352s] -- Symlinking: /home/newton/autonomous-robots/clearpath_workspace/install/clearpath_platform_msgs/include/clearpath_platform_msgs/clearpath_platform_msgs/msg/detail/fans__rosidl_typesupport_introspection_c.h
[19.362s] -- Symlinking: /home/newton/autonomous-robots/clearpath_workspace/install/clearpath_platform_msgs/include/clearpath_platform_msgs/clearpath_platform_msgs/msg/detail/feedback__rosidl_typesupport_introspection_c.h
[19.372s] -- Symlinking: /home/newton/autonomous-robots/clearpath_workspace/install/clearpath_platform_msgs/include/clearpath_platform_msgs/clearpath_platform_msgs/msg/detail/lights__rosidl_typesupport_introspection_c.h
[19.381s] -- Symlinking: /home/newton/autonomous-robots/clearpath_workspace/install/clearpath_platform_msgs/include/clearpath_platform_msgs/clearpath_platform_msgs/msg/detail/power__rosidl_typesupport_introspection_c.h
[19.390s] -- Symlinking: /home/newton/autonomous-robots/clearpath_workspace/install/clearpath_platform_msgs/include/clearpath_platform_msgs/clearpath_platform_msgs/msg/detail/rgb__rosidl_typesupport_introspection_c.h
[19.402s] -- Symlinking: /home/newton/autonomous-robots/clearpath_workspace/install/clearpath_platform_msgs/include/clearpath_platform_msgs/clearpath_platform_msgs/msg/detail/status__rosidl_typesupport_introspection_c.h
[19.413s] -- Symlinking: /home/newton/autonomous-robots/clearpath_workspace/install/clearpath_platform_msgs/include/clearpath_platform_msgs/clearpath_platform_msgs/msg/detail/stop_status__rosidl_typesupport_introspection_c.h
[19.424s] -- Symlinking: /home/newton/autonomous-robots/clearpath_workspace/install/clearpath_platform_msgs/include/clearpath_platform_msgs/clearpath_platform_msgs/msg/rosidl_typesupport_introspection_c__visibility_control.h
[19.434s] -- Symlinking: /home/newton/autonomous-robots/clearpath_workspace/install/clearpath_platform_msgs/include/clearpath_platform_msgs/clearpath_platform_msgs/srv/detail/configure_mcu__rosidl_typesupport_introspection_c.h
[19.444s] -- Symlinking: /home/newton/autonomous-robots/clearpath_workspace/install/clearpath_platform_msgs/include/clearpath_platform_msgs/clearpath_platform_msgs/msg/detail/drive__rosidl_typesupport_introspection_cpp.hpp
[19.453s] -- Symlinking: /home/newton/autonomous-robots/clearpath_workspace/install/clearpath_platform_msgs/include/clearpath_platform_msgs/clearpath_platform_msgs/msg/detail/drive_feedback__rosidl_typesupport_introspection_cpp.hpp
[19.462s] -- Symlinking: /home/newton/autonomous-robots/clearpath_workspace/install/clearpath_platform_msgs/include/clearpath_platform_msgs/clearpath_platform_msgs/msg/detail/fans__rosidl_typesupport_introspection_cpp.hpp
[19.471s] -- Symlinking: /home/newton/autonomous-robots/clearpath_workspace/install/clearpath_platform_msgs/include/clearpath_platform_msgs/clearpath_platform_msgs/msg/detail/feedback__rosidl_typesupport_introspection_cpp.hpp
[19.480s] -- Symlinking: /home/newton/autonomous-robots/clearpath_workspace/install/clearpath_platform_msgs/include/clearpath_platform_msgs/clearpath_platform_msgs/msg/detail/lights__rosidl_typesupport_introspection_cpp.hpp
[19.489s] -- Symlinking: /home/newton/autonomous-robots/clearpath_workspace/install/clearpath_platform_msgs/include/clearpath_platform_msgs/clearpath_platform_msgs/msg/detail/power__rosidl_typesupport_introspection_cpp.hpp
[19.498s] -- Symlinking: /home/newton/autonomous-robots/clearpath_workspace/install/clearpath_platform_msgs/include/clearpath_platform_msgs/clearpath_platform_msgs/msg/detail/rgb__rosidl_typesupport_introspection_cpp.hpp
[19.507s] -- Symlinking: /home/newton/autonomous-robots/clearpath_workspace/install/clearpath_platform_msgs/include/clearpath_platform_msgs/clearpath_platform_msgs/msg/detail/status__rosidl_typesupport_introspection_cpp.hpp
[19.516s] -- Symlinking: /home/newton/autonomous-robots/clearpath_workspace/install/clearpath_platform_msgs/include/clearpath_platform_msgs/clearpath_platform_msgs/msg/detail/stop_status__rosidl_typesupport_introspection_cpp.hpp
[19.526s] -- Symlinking: /home/newton/autonomous-robots/clearpath_workspace/install/clearpath_platform_msgs/include/clearpath_platform_msgs/clearpath_platform_msgs/srv/detail/configure_mcu__rosidl_typesupport_introspection_cpp.hpp
[19.536s] -- Symlinking: /home/newton/autonomous-robots/clearpath_workspace/install/clearpath_platform_msgs/share/clearpath_platform_msgs/environment/pythonpath.sh
[19.547s] -- Symlinking: /home/newton/autonomous-robots/clearpath_workspace/install/clearpath_platform_msgs/share/clearpath_platform_msgs/environment/pythonpath.dsv
[19.556s] -- Symlinking: /home/newton/autonomous-robots/clearpath_workspace/install/clearpath_platform_msgs/local/lib/python3.10/dist-packages/clearpath_platform_msgs-0.3.0-py3.10.egg-info/PKG-INFO
[19.565s] -- Symlinking: /home/newton/autonomous-robots/clearpath_workspace/install/clearpath_platform_msgs/local/lib/python3.10/dist-packages/clearpath_platform_msgs-0.3.0-py3.10.egg-info/SOURCES.txt
[19.574s] -- Symlinking: /home/newton/autonomous-robots/clearpath_workspace/install/clearpath_platform_msgs/local/lib/python3.10/dist-packages/clearpath_platform_msgs-0.3.0-py3.10.egg-info/dependency_links.txt
[19.584s] -- Symlinking: /home/newton/autonomous-robots/clearpath_workspace/install/clearpath_platform_msgs/local/lib/python3.10/dist-packages/clearpath_platform_msgs-0.3.0-py3.10.egg-info/top_level.txt
[19.594s] -- Symlinking: /home/newton/autonomous-robots/clearpath_workspace/install/clearpath_platform_msgs/local/lib/python3.10/dist-packages/clearpath_platform_msgs/__init__.py
[19.604s] -- Symlinking: /home/newton/autonomous-robots/clearpath_workspace/install/clearpath_platform_msgs/local/lib/python3.10/dist-packages/clearpath_platform_msgs/_clearpath_platform_msgs_s.ep.rosidl_typesupport_c.c
[19.613s] -- Symlinking: /home/newton/autonomous-robots/clearpath_workspace/install/clearpath_platform_msgs/local/lib/python3.10/dist-packages/clearpath_platform_msgs/_clearpath_platform_msgs_s.ep.rosidl_typesupport_fastrtps_c.c
[19.624s] -- Symlinking: /home/newton/autonomous-robots/clearpath_workspace/install/clearpath_platform_msgs/local/lib/python3.10/dist-packages/clearpath_platform_msgs/_clearpath_platform_msgs_s.ep.rosidl_typesupport_introspection_c.c
[19.635s] -- Symlinking: /home/newton/autonomous-robots/clearpath_workspace/install/clearpath_platform_msgs/local/lib/python3.10/dist-packages/clearpath_platform_msgs/clearpath_platform_msgs_s__rosidl_typesupport_c.cpython-310-x86_64-linux-gnu.so
[19.644s] -- Symlinking: /home/newton/autonomous-robots/clearpath_workspace/install/clearpath_platform_msgs/local/lib/python3.10/dist-packages/clearpath_platform_msgs/clearpath_platform_msgs_s__rosidl_typesupport_fastrtps_c.cpython-310-x86_64-linux-gnu.so
[19.654s] -- Symlinking: /home/newton/autonomous-robots/clearpath_workspace/install/clearpath_platform_msgs/local/lib/python3.10/dist-packages/clearpath_platform_msgs/clearpath_platform_msgs_s__rosidl_typesupport_introspection_c.cpython-310-x86_64-linux-gnu.so
[19.665s] -- Symlinking: /home/newton/autonomous-robots/clearpath_workspace/install/clearpath_platform_msgs/local/lib/python3.10/dist-packages/clearpath_platform_msgs/libclearpath_platform_msgs__rosidl_generator_py.so
[19.674s] -- Symlinking: /home/newton/autonomous-robots/clearpath_workspace/install/clearpath_platform_msgs/local/lib/python3.10/dist-packages/clearpath_platform_msgs/msg/__init__.py
[19.683s] -- Symlinking: /home/newton/autonomous-robots/clearpath_workspace/install/clearpath_platform_msgs/local/lib/python3.10/dist-packages/clearpath_platform_msgs/msg/_drive.py
[19.692s] -- Symlinking: /home/newton/autonomous-robots/clearpath_workspace/install/clearpath_platform_msgs/local/lib/python3.10/dist-packages/clearpath_platform_msgs/msg/_drive_feedback.py
[19.701s] -- Symlinking: /home/newton/autonomous-robots/clearpath_workspace/install/clearpath_platform_msgs/local/lib/python3.10/dist-packages/clearpath_platform_msgs/msg/_drive_feedback_s.c
[19.710s] -- Symlinking: /home/newton/autonomous-robots/clearpath_workspace/install/clearpath_platform_msgs/local/lib/python3.10/dist-packages/clearpath_platform_msgs/msg/_drive_s.c
[19.720s] -- Symlinking: /home/newton/autonomous-robots/clearpath_workspace/install/clearpath_platform_msgs/local/lib/python3.10/dist-packages/clearpath_platform_msgs/msg/_fans.py
[19.729s] -- Symlinking: /home/newton/autonomous-robots/clearpath_workspace/install/clearpath_platform_msgs/local/lib/python3.10/dist-packages/clearpath_platform_msgs/msg/_fans_s.c
[19.738s] -- Symlinking: /home/newton/autonomous-robots/clearpath_workspace/install/clearpath_platform_msgs/local/lib/python3.10/dist-packages/clearpath_platform_msgs/msg/_feedback.py
[19.747s] -- Symlinking: /home/newton/autonomous-robots/clearpath_workspace/install/clearpath_platform_msgs/local/lib/python3.10/dist-packages/clearpath_platform_msgs/msg/_feedback_s.c
[19.757s] -- Symlinking: /home/newton/autonomous-robots/clearpath_workspace/install/clearpath_platform_msgs/local/lib/python3.10/dist-packages/clearpath_platform_msgs/msg/_lights.py
[19.766s] -- Symlinking: /home/newton/autonomous-robots/clearpath_workspace/install/clearpath_platform_msgs/local/lib/python3.10/dist-packages/clearpath_platform_msgs/msg/_lights_s.c
[19.775s] -- Symlinking: /home/newton/autonomous-robots/clearpath_workspace/install/clearpath_platform_msgs/local/lib/python3.10/dist-packages/clearpath_platform_msgs/msg/_power.py
[19.784s] -- Symlinking: /home/newton/autonomous-robots/clearpath_workspace/install/clearpath_platform_msgs/local/lib/python3.10/dist-packages/clearpath_platform_msgs/msg/_power_s.c
[19.793s] -- Symlinking: /home/newton/autonomous-robots/clearpath_workspace/install/clearpath_platform_msgs/local/lib/python3.10/dist-packages/clearpath_platform_msgs/msg/_rgb.py
[19.802s] -- Symlinking: /home/newton/autonomous-robots/clearpath_workspace/install/clearpath_platform_msgs/local/lib/python3.10/dist-packages/clearpath_platform_msgs/msg/_rgb_s.c
[19.812s] -- Symlinking: /home/newton/autonomous-robots/clearpath_workspace/install/clearpath_platform_msgs/local/lib/python3.10/dist-packages/clearpath_platform_msgs/msg/_status.py
[19.822s] -- Symlinking: /home/newton/autonomous-robots/clearpath_workspace/install/clearpath_platform_msgs/local/lib/python3.10/dist-packages/clearpath_platform_msgs/msg/_status_s.c
[19.832s] -- Symlinking: /home/newton/autonomous-robots/clearpath_workspace/install/clearpath_platform_msgs/local/lib/python3.10/dist-packages/clearpath_platform_msgs/msg/_stop_status.py
[19.842s] -- Symlinking: /home/newton/autonomous-robots/clearpath_workspace/install/clearpath_platform_msgs/local/lib/python3.10/dist-packages/clearpath_platform_msgs/msg/_stop_status_s.c
[19.851s] -- Symlinking: /home/newton/autonomous-robots/clearpath_workspace/install/clearpath_platform_msgs/local/lib/python3.10/dist-packages/clearpath_platform_msgs/srv/__init__.py
[19.860s] -- Symlinking: /home/newton/autonomous-robots/clearpath_workspace/install/clearpath_platform_msgs/local/lib/python3.10/dist-packages/clearpath_platform_msgs/srv/_configure_mcu.py
[19.869s] -- Symlinking: /home/newton/autonomous-robots/clearpath_workspace/install/clearpath_platform_msgs/local/lib/python3.10/dist-packages/clearpath_platform_msgs/srv/_configure_mcu_s.c
[19.878s] -- Up-to-date symlink: /home/newton/autonomous-robots/clearpath_workspace/install/clearpath_platform_msgs/local/lib/python3.10/dist-packages/clearpath_platform_msgs/clearpath_platform_msgs_s__rosidl_typesupport_fastrtps_c.cpython-310-x86_64-linux-gnu.so
[19.879s] -- Up-to-date symlink: /home/newton/autonomous-robots/clearpath_workspace/install/clearpath_platform_msgs/local/lib/python3.10/dist-packages/clearpath_platform_msgs/clearpath_platform_msgs_s__rosidl_typesupport_introspection_c.cpython-310-x86_64-linux-gnu.so
[19.879s] -- Up-to-date symlink: /home/newton/autonomous-robots/clearpath_workspace/install/clearpath_platform_msgs/local/lib/python3.10/dist-packages/clearpath_platform_msgs/clearpath_platform_msgs_s__rosidl_typesupport_c.cpython-310-x86_64-linux-gnu.so
[19.879s] -- Symlinking: /home/newton/autonomous-robots/clearpath_workspace/install/clearpath_platform_msgs/share/clearpath_platform_msgs/msg/Drive.idl
[19.888s] -- Symlinking: /home/newton/autonomous-robots/clearpath_workspace/install/clearpath_platform_msgs/share/clearpath_platform_msgs/msg/DriveFeedback.idl
[19.898s] -- Symlinking: /home/newton/autonomous-robots/clearpath_workspace/install/clearpath_platform_msgs/share/clearpath_platform_msgs/msg/Fans.idl
[19.906s] -- Symlinking: /home/newton/autonomous-robots/clearpath_workspace/install/clearpath_platform_msgs/share/clearpath_platform_msgs/msg/Feedback.idl
[19.916s] -- Symlinking: /home/newton/autonomous-robots/clearpath_workspace/install/clearpath_platform_msgs/share/clearpath_platform_msgs/msg/Lights.idl
[19.925s] -- Symlinking: /home/newton/autonomous-robots/clearpath_workspace/install/clearpath_platform_msgs/share/clearpath_platform_msgs/msg/Power.idl
[19.935s] -- Symlinking: /home/newton/autonomous-robots/clearpath_workspace/install/clearpath_platform_msgs/share/clearpath_platform_msgs/msg/RGB.idl
[19.945s] -- Symlinking: /home/newton/autonomous-robots/clearpath_workspace/install/clearpath_platform_msgs/share/clearpath_platform_msgs/msg/Status.idl
[19.956s] -- Symlinking: /home/newton/autonomous-robots/clearpath_workspace/install/clearpath_platform_msgs/share/clearpath_platform_msgs/msg/StopStatus.idl
[19.967s] -- Symlinking: /home/newton/autonomous-robots/clearpath_workspace/install/clearpath_platform_msgs/share/clearpath_platform_msgs/srv/ConfigureMcu.idl
[19.978s] -- Symlinking: /home/newton/autonomous-robots/clearpath_workspace/install/clearpath_platform_msgs/share/clearpath_platform_msgs/msg/Drive.msg
[19.988s] -- Symlinking: /home/newton/autonomous-robots/clearpath_workspace/install/clearpath_platform_msgs/share/clearpath_platform_msgs/msg/DriveFeedback.msg
[19.997s] -- Symlinking: /home/newton/autonomous-robots/clearpath_workspace/install/clearpath_platform_msgs/share/clearpath_platform_msgs/msg/Fans.msg
[20.007s] -- Symlinking: /home/newton/autonomous-robots/clearpath_workspace/install/clearpath_platform_msgs/share/clearpath_platform_msgs/msg/Feedback.msg
[20.016s] -- Symlinking: /home/newton/autonomous-robots/clearpath_workspace/install/clearpath_platform_msgs/share/clearpath_platform_msgs/msg/Lights.msg
[20.028s] -- Symlinking: /home/newton/autonomous-robots/clearpath_workspace/install/clearpath_platform_msgs/share/clearpath_platform_msgs/msg/Power.msg
[20.038s] -- Symlinking: /home/newton/autonomous-robots/clearpath_workspace/install/clearpath_platform_msgs/share/clearpath_platform_msgs/msg/RGB.msg
[20.047s] -- Symlinking: /home/newton/autonomous-robots/clearpath_workspace/install/clearpath_platform_msgs/share/clearpath_platform_msgs/msg/Status.msg
[20.059s] -- Symlinking: /home/newton/autonomous-robots/clearpath_workspace/install/clearpath_platform_msgs/share/clearpath_platform_msgs/msg/StopStatus.msg
[20.068s] -- Symlinking: /home/newton/autonomous-robots/clearpath_workspace/install/clearpath_platform_msgs/share/clearpath_platform_msgs/srv/ConfigureMcu.srv
[20.077s] -- Symlinking: /home/newton/autonomous-robots/clearpath_workspace/install/clearpath_platform_msgs/share/clearpath_platform_msgs/srv/ConfigureMcu_Request.msg
[20.087s] -- Symlinking: /home/newton/autonomous-robots/clearpath_workspace/install/clearpath_platform_msgs/share/clearpath_platform_msgs/srv/ConfigureMcu_Response.msg
[20.097s] -- Symlinking: /home/newton/autonomous-robots/clearpath_workspace/install/clearpath_platform_msgs/share/ament_index/resource_index/package_run_dependencies/clearpath_platform_msgs
[20.106s] -- Symlinking: /home/newton/autonomous-robots/clearpath_workspace/install/clearpath_platform_msgs/share/ament_index/resource_index/parent_prefix_path/clearpath_platform_msgs
[20.116s] -- Symlinking: /home/newton/autonomous-robots/clearpath_workspace/install/clearpath_platform_msgs/share/clearpath_platform_msgs/environment/ament_prefix_path.sh
[20.127s] -- Symlinking: /home/newton/autonomous-robots/clearpath_workspace/install/clearpath_platform_msgs/share/clearpath_platform_msgs/environment/ament_prefix_path.dsv
[20.137s] -- Symlinking: /home/newton/autonomous-robots/clearpath_workspace/install/clearpath_platform_msgs/share/clearpath_platform_msgs/environment/path.sh
[20.147s] -- Symlinking: /home/newton/autonomous-robots/clearpath_workspace/install/clearpath_platform_msgs/share/clearpath_platform_msgs/environment/path.dsv
[20.158s] -- Symlinking: /home/newton/autonomous-robots/clearpath_workspace/install/clearpath_platform_msgs/share/clearpath_platform_msgs/local_setup.bash
[20.170s] -- Symlinking: /home/newton/autonomous-robots/clearpath_workspace/install/clearpath_platform_msgs/share/clearpath_platform_msgs/local_setup.sh
[20.184s] -- Symlinking: /home/newton/autonomous-robots/clearpath_workspace/install/clearpath_platform_msgs/share/clearpath_platform_msgs/local_setup.zsh
[20.197s] -- Symlinking: /home/newton/autonomous-robots/clearpath_workspace/install/clearpath_platform_msgs/share/clearpath_platform_msgs/local_setup.dsv
[20.208s] -- Symlinking: /home/newton/autonomous-robots/clearpath_workspace/install/clearpath_platform_msgs/share/clearpath_platform_msgs/package.dsv
[20.223s] -- Symlinking: /home/newton/autonomous-robots/clearpath_workspace/install/clearpath_platform_msgs/share/ament_index/resource_index/packages/clearpath_platform_msgs
[20.238s] -- Symlinking: /home/newton/autonomous-robots/clearpath_workspace/install/clearpath_platform_msgs/share/clearpath_platform_msgs/cmake/rosidl_cmake-extras.cmake
[20.249s] -- Symlinking: /home/newton/autonomous-robots/clearpath_workspace/install/clearpath_platform_msgs/share/clearpath_platform_msgs/cmake/ament_cmake_export_dependencies-extras.cmake
[20.260s] -- Symlinking: /home/newton/autonomous-robots/clearpath_workspace/install/clearpath_platform_msgs/share/clearpath_platform_msgs/cmake/ament_cmake_export_include_directories-extras.cmake
[20.271s] -- Symlinking: /home/newton/autonomous-robots/clearpath_workspace/install/clearpath_platform_msgs/share/clearpath_platform_msgs/cmake/ament_cmake_export_libraries-extras.cmake
[20.284s] -- Symlinking: /home/newton/autonomous-robots/clearpath_workspace/install/clearpath_platform_msgs/share/clearpath_platform_msgs/cmake/ament_cmake_export_targets-extras.cmake
[20.295s] -- Symlinking: /home/newton/autonomous-robots/clearpath_workspace/install/clearpath_platform_msgs/share/clearpath_platform_msgs/cmake/rosidl_cmake_export_typesupport_targets-extras.cmake
[20.308s] -- Symlinking: /home/newton/autonomous-robots/clearpath_workspace/install/clearpath_platform_msgs/share/clearpath_platform_msgs/cmake/rosidl_cmake_export_typesupport_libraries-extras.cmake
[20.321s] -- Symlinking: /home/newton/autonomous-robots/clearpath_workspace/install/clearpath_platform_msgs/share/clearpath_platform_msgs/cmake/clearpath_platform_msgsConfig.cmake
[20.339s] -- Symlinking: /home/newton/autonomous-robots/clearpath_workspace/install/clearpath_platform_msgs/share/clearpath_platform_msgs/cmake/clearpath_platform_msgsConfig-version.cmake
[20.359s] -- Symlinking: /home/newton/autonomous-robots/clearpath_workspace/install/clearpath_platform_msgs/share/clearpath_platform_msgs/package.xml
[20.378s] -- Installing: /home/newton/autonomous-robots/clearpath_workspace/install/clearpath_platform_msgs/lib/libclearpath_platform_msgs__rosidl_generator_c.so
[20.379s] -- Set runtime path of "/home/newton/autonomous-robots/clearpath_workspace/install/clearpath_platform_msgs/lib/libclearpath_platform_msgs__rosidl_generator_c.so" to ""
[20.379s] -- Installing: /home/newton/autonomous-robots/clearpath_workspace/install/clearpath_platform_msgs/lib/libclearpath_platform_msgs__rosidl_typesupport_fastrtps_c.so
[20.380s] -- Set runtime path of "/home/newton/autonomous-robots/clearpath_workspace/install/clearpath_platform_msgs/lib/libclearpath_platform_msgs__rosidl_typesupport_fastrtps_c.so" to ""
[20.380s] -- Installing: /home/newton/autonomous-robots/clearpath_workspace/install/clearpath_platform_msgs/lib/libclearpath_platform_msgs__rosidl_typesupport_fastrtps_cpp.so
[20.381s] -- Set runtime path of "/home/newton/autonomous-robots/clearpath_workspace/install/clearpath_platform_msgs/lib/libclearpath_platform_msgs__rosidl_typesupport_fastrtps_cpp.so" to ""
[20.381s] -- Installing: /home/newton/autonomous-robots/clearpath_workspace/install/clearpath_platform_msgs/lib/libclearpath_platform_msgs__rosidl_typesupport_introspection_c.so
[20.382s] -- Set runtime path of "/home/newton/autonomous-robots/clearpath_workspace/install/clearpath_platform_msgs/lib/libclearpath_platform_msgs__rosidl_typesupport_introspection_c.so" to ""
[20.383s] -- Installing: /home/newton/autonomous-robots/clearpath_workspace/install/clearpath_platform_msgs/lib/libclearpath_platform_msgs__rosidl_typesupport_c.so
[20.384s] -- Set runtime path of "/home/newton/autonomous-robots/clearpath_workspace/install/clearpath_platform_msgs/lib/libclearpath_platform_msgs__rosidl_typesupport_c.so" to ""
[20.384s] -- Installing: /home/newton/autonomous-robots/clearpath_workspace/install/clearpath_platform_msgs/lib/libclearpath_platform_msgs__rosidl_typesupport_introspection_cpp.so
[20.386s] -- Set runtime path of "/home/newton/autonomous-robots/clearpath_workspace/install/clearpath_platform_msgs/lib/libclearpath_platform_msgs__rosidl_typesupport_introspection_cpp.so" to ""
[20.386s] -- Installing: /home/newton/autonomous-robots/clearpath_workspace/install/clearpath_platform_msgs/lib/libclearpath_platform_msgs__rosidl_typesupport_cpp.so
[20.387s] -- Set runtime path of "/home/newton/autonomous-robots/clearpath_workspace/install/clearpath_platform_msgs/lib/libclearpath_platform_msgs__rosidl_typesupport_cpp.so" to ""
[20.470s] Listing '/home/newton/autonomous-robots/clearpath_workspace/install/clearpath_platform_msgs/local/lib/python3.10/dist-packages/clearpath_platform_msgs'...
[20.470s] Compiling '/home/newton/autonomous-robots/clearpath_workspace/install/clearpath_platform_msgs/local/lib/python3.10/dist-packages/clearpath_platform_msgs/__init__.py'...
[20.471s] Listing '/home/newton/autonomous-robots/clearpath_workspace/install/clearpath_platform_msgs/local/lib/python3.10/dist-packages/clearpath_platform_msgs/msg'...
[20.471s] Compiling '/home/newton/autonomous-robots/clearpath_workspace/install/clearpath_platform_msgs/local/lib/python3.10/dist-packages/clearpath_platform_msgs/msg/__init__.py'...
[20.471s] Compiling '/home/newton/autonomous-robots/clearpath_workspace/install/clearpath_platform_msgs/local/lib/python3.10/dist-packages/clearpath_platform_msgs/msg/_drive.py'...
[20.471s] Compiling '/home/newton/autonomous-robots/clearpath_workspace/install/clearpath_platform_msgs/local/lib/python3.10/dist-packages/clearpath_platform_msgs/msg/_drive_feedback.py'...
[20.471s] Compiling '/home/newton/autonomous-robots/clearpath_workspace/install/clearpath_platform_msgs/local/lib/python3.10/dist-packages/clearpath_platform_msgs/msg/_fans.py'...
[20.471s] Compiling '/home/newton/autonomous-robots/clearpath_workspace/install/clearpath_platform_msgs/local/lib/python3.10/dist-packages/clearpath_platform_msgs/msg/_feedback.py'...
[20.471s] Compiling '/home/newton/autonomous-robots/clearpath_workspace/install/clearpath_platform_msgs/local/lib/python3.10/dist-packages/clearpath_platform_msgs/msg/_lights.py'...
[20.471s] Compiling '/home/newton/autonomous-robots/clearpath_workspace/install/clearpath_platform_msgs/local/lib/python3.10/dist-packages/clearpath_platform_msgs/msg/_power.py'...
[20.471s] Compiling '/home/newton/autonomous-robots/clearpath_workspace/install/clearpath_platform_msgs/local/lib/python3.10/dist-packages/clearpath_platform_msgs/msg/_rgb.py'...
[20.471s] Compiling '/home/newton/autonomous-robots/clearpath_workspace/install/clearpath_platform_msgs/local/lib/python3.10/dist-packages/clearpath_platform_msgs/msg/_status.py'...
[20.471s] Compiling '/home/newton/autonomous-robots/clearpath_workspace/install/clearpath_platform_msgs/local/lib/python3.10/dist-packages/clearpath_platform_msgs/msg/_stop_status.py'...
[20.471s] Listing '/home/newton/autonomous-robots/clearpath_workspace/install/clearpath_platform_msgs/local/lib/python3.10/dist-packages/clearpath_platform_msgs/srv'...
[20.472s] Compiling '/home/newton/autonomous-robots/clearpath_workspace/install/clearpath_platform_msgs/local/lib/python3.10/dist-packages/clearpath_platform_msgs/srv/__init__.py'...
[20.472s] Compiling '/home/newton/autonomous-robots/clearpath_workspace/install/clearpath_platform_msgs/local/lib/python3.10/dist-packages/clearpath_platform_msgs/srv/_configure_mcu.py'...
[20.476s] -- Installing: /home/newton/autonomous-robots/clearpath_workspace/install/clearpath_platform_msgs/lib/libclearpath_platform_msgs__rosidl_generator_py.so
[20.477s] -- Set runtime path of "/home/newton/autonomous-robots/clearpath_workspace/install/clearpath_platform_msgs/lib/libclearpath_platform_msgs__rosidl_generator_py.so" to ""
[20.477s] -- Installing: /home/newton/autonomous-robots/clearpath_workspace/install/clearpath_platform_msgs/share/clearpath_platform_msgs/cmake/export_clearpath_platform_msgs__rosidl_generator_cExport.cmake
[20.477s] -- Installing: /home/newton/autonomous-robots/clearpath_workspace/install/clearpath_platform_msgs/share/clearpath_platform_msgs/cmake/export_clearpath_platform_msgs__rosidl_generator_cExport-noconfig.cmake
[20.477s] -- Installing: /home/newton/autonomous-robots/clearpath_workspace/install/clearpath_platform_msgs/share/clearpath_platform_msgs/cmake/export_clearpath_platform_msgs__rosidl_typesupport_fastrtps_cExport.cmake
[20.478s] -- Installing: /home/newton/autonomous-robots/clearpath_workspace/install/clearpath_platform_msgs/share/clearpath_platform_msgs/cmake/export_clearpath_platform_msgs__rosidl_typesupport_fastrtps_cExport-noconfig.cmake
[20.478s] -- Installing: /home/newton/autonomous-robots/clearpath_workspace/install/clearpath_platform_msgs/share/clearpath_platform_msgs/cmake/export_clearpath_platform_msgs__rosidl_generator_cppExport.cmake
[20.478s] -- Installing: /home/newton/autonomous-robots/clearpath_workspace/install/clearpath_platform_msgs/share/clearpath_platform_msgs/cmake/export_clearpath_platform_msgs__rosidl_typesupport_fastrtps_cppExport.cmake
[20.478s] -- Installing: /home/newton/autonomous-robots/clearpath_workspace/install/clearpath_platform_msgs/share/clearpath_platform_msgs/cmake/export_clearpath_platform_msgs__rosidl_typesupport_fastrtps_cppExport-noconfig.cmake
[20.479s] -- Installing: /home/newton/autonomous-robots/clearpath_workspace/install/clearpath_platform_msgs/share/clearpath_platform_msgs/cmake/clearpath_platform_msgs__rosidl_typesupport_introspection_cExport.cmake
[20.479s] -- Installing: /home/newton/autonomous-robots/clearpath_workspace/install/clearpath_platform_msgs/share/clearpath_platform_msgs/cmake/clearpath_platform_msgs__rosidl_typesupport_introspection_cExport-noconfig.cmake
[20.479s] -- Installing: /home/newton/autonomous-robots/clearpath_workspace/install/clearpath_platform_msgs/share/clearpath_platform_msgs/cmake/clearpath_platform_msgs__rosidl_typesupport_cExport.cmake
[20.479s] -- Installing: /home/newton/autonomous-robots/clearpath_workspace/install/clearpath_platform_msgs/share/clearpath_platform_msgs/cmake/clearpath_platform_msgs__rosidl_typesupport_cExport-noconfig.cmake
[20.480s] -- Installing: /home/newton/autonomous-robots/clearpath_workspace/install/clearpath_platform_msgs/share/clearpath_platform_msgs/cmake/clearpath_platform_msgs__rosidl_typesupport_introspection_cppExport.cmake
[20.480s] -- Installing: /home/newton/autonomous-robots/clearpath_workspace/install/clearpath_platform_msgs/share/clearpath_platform_msgs/cmake/clearpath_platform_msgs__rosidl_typesupport_introspection_cppExport-noconfig.cmake
[20.480s] -- Installing: /home/newton/autonomous-robots/clearpath_workspace/install/clearpath_platform_msgs/share/clearpath_platform_msgs/cmake/clearpath_platform_msgs__rosidl_typesupport_cppExport.cmake
[20.480s] -- Installing: /home/newton/autonomous-robots/clearpath_workspace/install/clearpath_platform_msgs/share/clearpath_platform_msgs/cmake/clearpath_platform_msgs__rosidl_typesupport_cppExport-noconfig.cmake
[20.481s] -- Installing: /home/newton/autonomous-robots/clearpath_workspace/install/clearpath_platform_msgs/share/clearpath_platform_msgs/cmake/export_clearpath_platform_msgs__rosidl_generator_pyExport.cmake
[20.481s] -- Installing: /home/newton/autonomous-robots/clearpath_workspace/install/clearpath_platform_msgs/share/clearpath_platform_msgs/cmake/export_clearpath_platform_msgs__rosidl_generator_pyExport-noconfig.cmake
[20.488s] Invoked command in '/home/newton/autonomous-robots/clearpath_workspace/build/clearpath_platform_msgs' returned '0': CMAKE_PREFIX_PATH=/opt/ros/humble /usr/bin/cmake --install /home/newton/autonomous-robots/clearpath_workspace/build/clearpath_platform_msgs
