[0.511s] Invoking command in '/home/newton/autonomous-robots/clearpath_workspace/build/clearpath_control': CMAKE_PREFIX_PATH=/opt/ros/humble /usr/bin/cmake /home/newton/autonomous-robots/clearpath_workspace/src/clearpath_common/clearpath_control -DAMENT_CMAKE_SYMLINK_INSTALL=1 -DCMAKE_INSTALL_PREFIX=/home/newton/autonomous-robots/clearpath_workspace/install/clearpath_control
[0.660s] -- The C compiler identification is GNU 11.4.0
[0.799s] -- The CXX compiler identification is GNU 11.4.0
[0.812s] -- Detecting C compiler ABI info
[0.987s] -- Detecting C compiler ABI info - done
[1.012s] -- Check for working C compiler: /usr/bin/cc - skipped
[1.013s] -- Detecting C compile features
[1.013s] -- Detecting C compile features - done
[1.021s] -- Detecting CXX compiler ABI info
[1.235s] -- Detecting CXX compiler ABI info - done
[1.262s] -- Check for working CXX compiler: /usr/bin/c++ - skipped
[1.262s] -- Detecting CXX compile features
[1.262s] -- Detecting CXX compile features - done
[1.267s] -- Found ament_cmake: 1.3.11 (/opt/ros/humble/share/ament_cmake/cmake)
[1.603s] -- Found Python3: /usr/bin/python3 (found version "3.10.12") found components: Interpreter 
[1.755s] -- Override CMake install command with custom implementation using symlinks instead of copying resources
[2.046s] -- Configuring done
[2.052s] -- Generating done
[2.056s] -- Build files have been written to: /home/newton/autonomous-robots/clearpath_workspace/build/clearpath_control
[2.074s] Invoked command in '/home/newton/autonomous-robots/clearpath_workspace/build/clearpath_control' returned '0': CMAKE_PREFIX_PATH=/opt/ros/humble /usr/bin/cmake /home/newton/autonomous-robots/clearpath_workspace/src/clearpath_common/clearpath_control -DAMENT_CMAKE_SYMLINK_INSTALL=1 -DCMAKE_INSTALL_PREFIX=/home/newton/autonomous-robots/clearpath_workspace/install/clearpath_control
[2.074s] Invoking command in '/home/newton/autonomous-robots/clearpath_workspace/build/clearpath_control': CMAKE_PREFIX_PATH=/opt/ros/humble /usr/bin/cmake --build /home/newton/autonomous-robots/clearpath_workspace/build/clearpath_control -- -j8 -l8
[2.340s] Invoked command in '/home/newton/autonomous-robots/clearpath_workspace/build/clearpath_control' returned '0': CMAKE_PREFIX_PATH=/opt/ros/humble /usr/bin/cmake --build /home/newton/autonomous-robots/clearpath_workspace/build/clearpath_control -- -j8 -l8
[2.341s] Invoking command in '/home/newton/autonomous-robots/clearpath_workspace/build/clearpath_control': CMAKE_PREFIX_PATH=/opt/ros/humble /usr/bin/cmake --install /home/newton/autonomous-robots/clearpath_workspace/build/clearpath_control
[2.355s] -- Install configuration: ""
[2.355s] -- Execute custom install script
[2.359s] -- Symlinking: /home/newton/autonomous-robots/clearpath_workspace/install/clearpath_control/share/clearpath_control/config/a200/control.yaml
[2.377s] -- Symlinking: /home/newton/autonomous-robots/clearpath_workspace/install/clearpath_control/share/clearpath_control/config/a200/localization.yaml
[2.397s] -- Symlinking: /home/newton/autonomous-robots/clearpath_workspace/install/clearpath_control/share/clearpath_control/config/a200/teleop_interactive_markers.yaml
[2.423s] -- Symlinking: /home/newton/autonomous-robots/clearpath_workspace/install/clearpath_control/share/clearpath_control/config/a200/teleop_logitech.yaml
[2.446s] -- Symlinking: /home/newton/autonomous-robots/clearpath_workspace/install/clearpath_control/share/clearpath_control/config/a200/teleop_ps4.yaml
[2.473s] -- Symlinking: /home/newton/autonomous-robots/clearpath_workspace/install/clearpath_control/share/clearpath_control/config/dd100/control.yaml
[2.490s] -- Symlinking: /home/newton/autonomous-robots/clearpath_workspace/install/clearpath_control/share/clearpath_control/config/dd100/localization.yaml
[2.511s] -- Symlinking: /home/newton/autonomous-robots/clearpath_workspace/install/clearpath_control/share/clearpath_control/config/dd100/teleop_interactive_markers.yaml
[2.531s] -- Symlinking: /home/newton/autonomous-robots/clearpath_workspace/install/clearpath_control/share/clearpath_control/config/dd100/teleop_logitech.yaml
[2.547s] -- Symlinking: /home/newton/autonomous-robots/clearpath_workspace/install/clearpath_control/share/clearpath_control/config/dd100/teleop_ps4.yaml
[2.562s] -- Symlinking: /home/newton/autonomous-robots/clearpath_workspace/install/clearpath_control/share/clearpath_control/config/dd150/control.yaml
[2.579s] -- Symlinking: /home/newton/autonomous-robots/clearpath_workspace/install/clearpath_control/share/clearpath_control/config/dd150/localization.yaml
[2.599s] -- Symlinking: /home/newton/autonomous-robots/clearpath_workspace/install/clearpath_control/share/clearpath_control/config/dd150/teleop_interactive_markers.yaml
[2.612s] -- Symlinking: /home/newton/autonomous-robots/clearpath_workspace/install/clearpath_control/share/clearpath_control/config/dd150/teleop_logitech.yaml
[2.625s] -- Symlinking: /home/newton/autonomous-robots/clearpath_workspace/install/clearpath_control/share/clearpath_control/config/dd150/teleop_ps4.yaml
[2.644s] -- Symlinking: /home/newton/autonomous-robots/clearpath_workspace/install/clearpath_control/share/clearpath_control/config/do100/control.yaml
[2.666s] -- Symlinking: /home/newton/autonomous-robots/clearpath_workspace/install/clearpath_control/share/clearpath_control/config/do100/localization.yaml
[2.680s] -- Symlinking: /home/newton/autonomous-robots/clearpath_workspace/install/clearpath_control/share/clearpath_control/config/do100/teleop_interactive_markers.yaml
[2.702s] -- Symlinking: /home/newton/autonomous-robots/clearpath_workspace/install/clearpath_control/share/clearpath_control/config/do100/teleop_logitech.yaml
[2.720s] -- Symlinking: /home/newton/autonomous-robots/clearpath_workspace/install/clearpath_control/share/clearpath_control/config/do100/teleop_ps4.yaml
[2.734s] -- Symlinking: /home/newton/autonomous-robots/clearpath_workspace/install/clearpath_control/share/clearpath_control/config/do150/control.yaml
[2.748s] -- Symlinking: /home/newton/autonomous-robots/clearpath_workspace/install/clearpath_control/share/clearpath_control/config/do150/localization.yaml
[2.762s] -- Symlinking: /home/newton/autonomous-robots/clearpath_workspace/install/clearpath_control/share/clearpath_control/config/do150/teleop_interactive_markers.yaml
[2.772s] -- Symlinking: /home/newton/autonomous-robots/clearpath_workspace/install/clearpath_control/share/clearpath_control/config/do150/teleop_logitech.yaml
[2.787s] -- Symlinking: /home/newton/autonomous-robots/clearpath_workspace/install/clearpath_control/share/clearpath_control/config/do150/teleop_ps4.yaml
[2.801s] -- Symlinking: /home/newton/autonomous-robots/clearpath_workspace/install/clearpath_control/share/clearpath_control/config/generic/localization.yaml
[2.824s] -- Symlinking: /home/newton/autonomous-robots/clearpath_workspace/install/clearpath_control/share/clearpath_control/config/generic/teleop_interactive_markers.yaml
[2.839s] -- Symlinking: /home/newton/autonomous-robots/clearpath_workspace/install/clearpath_control/share/clearpath_control/config/generic/teleop_logitech.yaml
[2.860s] -- Symlinking: /home/newton/autonomous-robots/clearpath_workspace/install/clearpath_control/share/clearpath_control/config/generic/teleop_ps4.yaml
[2.881s] -- Symlinking: /home/newton/autonomous-robots/clearpath_workspace/install/clearpath_control/share/clearpath_control/config/imu_filter.yaml
[2.903s] -- Symlinking: /home/newton/autonomous-robots/clearpath_workspace/install/clearpath_control/share/clearpath_control/config/j100/control.yaml
[2.924s] -- Symlinking: /home/newton/autonomous-robots/clearpath_workspace/install/clearpath_control/share/clearpath_control/config/j100/localization.yaml
[2.937s] -- Symlinking: /home/newton/autonomous-robots/clearpath_workspace/install/clearpath_control/share/clearpath_control/config/j100/teleop_interactive_markers.yaml
[2.950s] -- Symlinking: /home/newton/autonomous-robots/clearpath_workspace/install/clearpath_control/share/clearpath_control/config/j100/teleop_logitech.yaml
[2.962s] -- Symlinking: /home/newton/autonomous-robots/clearpath_workspace/install/clearpath_control/share/clearpath_control/config/j100/teleop_ps4.yaml
[2.975s] -- Symlinking: /home/newton/autonomous-robots/clearpath_workspace/install/clearpath_control/share/clearpath_control/config/r100/control.yaml
[2.987s] -- Symlinking: /home/newton/autonomous-robots/clearpath_workspace/install/clearpath_control/share/clearpath_control/config/r100/localization.yaml
[3.000s] -- Symlinking: /home/newton/autonomous-robots/clearpath_workspace/install/clearpath_control/share/clearpath_control/config/r100/teleop_interactive_markers.yaml
[3.013s] -- Symlinking: /home/newton/autonomous-robots/clearpath_workspace/install/clearpath_control/share/clearpath_control/config/r100/teleop_logitech.yaml
[3.026s] -- Symlinking: /home/newton/autonomous-robots/clearpath_workspace/install/clearpath_control/share/clearpath_control/config/r100/teleop_ps4.yaml
[3.040s] -- Symlinking: /home/newton/autonomous-robots/clearpath_workspace/install/clearpath_control/share/clearpath_control/config/twist_mux.yaml
[3.050s] -- Symlinking: /home/newton/autonomous-robots/clearpath_workspace/install/clearpath_control/share/clearpath_control/config/w200/control.yaml
[3.060s] -- Symlinking: /home/newton/autonomous-robots/clearpath_workspace/install/clearpath_control/share/clearpath_control/config/w200/localization.yaml
[3.071s] -- Symlinking: /home/newton/autonomous-robots/clearpath_workspace/install/clearpath_control/share/clearpath_control/config/w200/teleop_interactive_markers.yaml
[3.084s] -- Symlinking: /home/newton/autonomous-robots/clearpath_workspace/install/clearpath_control/share/clearpath_control/config/w200/teleop_logitech.yaml
[3.096s] -- Symlinking: /home/newton/autonomous-robots/clearpath_workspace/install/clearpath_control/share/clearpath_control/config/w200/teleop_ps4.yaml
[3.107s] -- Symlinking: /home/newton/autonomous-robots/clearpath_workspace/install/clearpath_control/share/clearpath_control/launch/control.launch.py
[3.117s] -- Symlinking: /home/newton/autonomous-robots/clearpath_workspace/install/clearpath_control/share/clearpath_control/launch/localization.launch.py
[3.130s] -- Symlinking: /home/newton/autonomous-robots/clearpath_workspace/install/clearpath_control/share/clearpath_control/launch/teleop_base.launch.py
[3.141s] -- Symlinking: /home/newton/autonomous-robots/clearpath_workspace/install/clearpath_control/share/clearpath_control/launch/teleop_joy.launch.py
[3.152s] -- Symlinking: /home/newton/autonomous-robots/clearpath_workspace/install/clearpath_control/share/ament_index/resource_index/package_run_dependencies/clearpath_control
[3.163s] -- Symlinking: /home/newton/autonomous-robots/clearpath_workspace/install/clearpath_control/share/ament_index/resource_index/parent_prefix_path/clearpath_control
[3.174s] -- Symlinking: /home/newton/autonomous-robots/clearpath_workspace/install/clearpath_control/share/clearpath_control/environment/ament_prefix_path.sh
[3.185s] -- Symlinking: /home/newton/autonomous-robots/clearpath_workspace/install/clearpath_control/share/clearpath_control/environment/ament_prefix_path.dsv
[3.195s] -- Symlinking: /home/newton/autonomous-robots/clearpath_workspace/install/clearpath_control/share/clearpath_control/environment/path.sh
[3.205s] -- Symlinking: /home/newton/autonomous-robots/clearpath_workspace/install/clearpath_control/share/clearpath_control/environment/path.dsv
[3.216s] -- Symlinking: /home/newton/autonomous-robots/clearpath_workspace/install/clearpath_control/share/clearpath_control/local_setup.bash
[3.228s] -- Symlinking: /home/newton/autonomous-robots/clearpath_workspace/install/clearpath_control/share/clearpath_control/local_setup.sh
[3.243s] -- Symlinking: /home/newton/autonomous-robots/clearpath_workspace/install/clearpath_control/share/clearpath_control/local_setup.zsh
[3.256s] -- Symlinking: /home/newton/autonomous-robots/clearpath_workspace/install/clearpath_control/share/clearpath_control/local_setup.dsv
[3.267s] -- Symlinking: /home/newton/autonomous-robots/clearpath_workspace/install/clearpath_control/share/clearpath_control/package.dsv
[3.278s] -- Symlinking: /home/newton/autonomous-robots/clearpath_workspace/install/clearpath_control/share/ament_index/resource_index/packages/clearpath_control
[3.290s] -- Symlinking: /home/newton/autonomous-robots/clearpath_workspace/install/clearpath_control/share/clearpath_control/cmake/clearpath_controlConfig.cmake
[3.304s] -- Symlinking: /home/newton/autonomous-robots/clearpath_workspace/install/clearpath_control/share/clearpath_control/cmake/clearpath_controlConfig-version.cmake
[3.317s] -- Symlinking: /home/newton/autonomous-robots/clearpath_workspace/install/clearpath_control/share/clearpath_control/package.xml
[3.332s] Invoked command in '/home/newton/autonomous-robots/clearpath_workspace/build/clearpath_control' returned '0': CMAKE_PREFIX_PATH=/opt/ros/humble /usr/bin/cmake --install /home/newton/autonomous-robots/clearpath_workspace/build/clearpath_control
