running egg_info
creating ../build/ar_hw1/ar_hw1.egg-info
writing ../build/ar_hw1/ar_hw1.egg-info/PKG-INFO
writing dependency_links to ../build/ar_hw1/ar_hw1.egg-info/dependency_links.txt
writing entry points to ../build/ar_hw1/ar_hw1.egg-info/entry_points.txt
writing requirements to ../build/ar_hw1/ar_hw1.egg-info/requires.txt
writing top-level names to ../build/ar_hw1/ar_hw1.egg-info/top_level.txt
writing manifest file '../build/ar_hw1/ar_hw1.egg-info/SOURCES.txt'
reading manifest file '../build/ar_hw1/ar_hw1.egg-info/SOURCES.txt'
writing manifest file '../build/ar_hw1/ar_hw1.egg-info/SOURCES.txt'
running build
running build_py
creating /home/boole/autonomous-robots/HW1/build/ar_hw1/build
creating /home/boole/autonomous-robots/HW1/build/ar_hw1/build/lib
creating /home/boole/autonomous-robots/HW1/build/ar_hw1/build/lib/ar_hw1
copying ar_hw1/__init__.py -> /home/boole/autonomous-robots/HW1/build/ar_hw1/build/lib/ar_hw1
running install
running install_lib
creating /home/boole/autonomous-robots/HW1/install/ar_hw1/lib/python3.10/site-packages/ar_hw1
copying /home/boole/autonomous-robots/HW1/build/ar_hw1/build/lib/ar_hw1/__init__.py -> /home/boole/autonomous-robots/HW1/install/ar_hw1/lib/python3.10/site-packages/ar_hw1
byte-compiling /home/boole/autonomous-robots/HW1/install/ar_hw1/lib/python3.10/site-packages/ar_hw1/__init__.py to __init__.cpython-310.pyc
running install_data
creating /home/boole/autonomous-robots/HW1/install/ar_hw1/share/ament_index
creating /home/boole/autonomous-robots/HW1/install/ar_hw1/share/ament_index/resource_index
creating /home/boole/autonomous-robots/HW1/install/ar_hw1/share/ament_index/resource_index/packages
copying resource/ar_hw1 -> /home/boole/autonomous-robots/HW1/install/ar_hw1/share/ament_index/resource_index/packages
copying package.xml -> /home/boole/autonomous-robots/HW1/install/ar_hw1/share/ar_hw1
running install_egg_info
Copying ../build/ar_hw1/ar_hw1.egg-info to /home/boole/autonomous-robots/HW1/install/ar_hw1/lib/python3.10/site-packages/ar_hw1-0.0.0-py3.10.egg-info
running install_scripts
Installing face_detector script to /home/boole/autonomous-robots/HW1/install/ar_hw1/lib/ar_hw1
writing list of installed files to '/home/boole/autonomous-robots/HW1/build/ar_hw1/install.log'
