[0.986s] Invoking command in '/home/boole/autonomous-robots/HW1/ar_hw1': PYTHONPATH=/home/boole/autonomous-robots/HW1/build/ar_hw1/prefix_override:/usr/lib/python3/dist-packages/colcon_core/task/python/colcon_distutils_commands:/home/boole/autonomous-robots/HW1/install/ar_hw1/lib/python3.10/site-packages:${PYTHONPATH} /usr/bin/python3 -W ignore:setup.py install is deprecated -W ignore:easy_install command is deprecated setup.py egg_info --egg-base ../build/ar_hw1 build --build-base /home/boole/autonomous-robots/HW1/build/ar_hw1/build install --record /home/boole/autonomous-robots/HW1/build/ar_hw1/install.log --single-version-externally-managed install_data
[1.380s] running egg_info
[1.380s] creating ../build/ar_hw1/ar_hw1.egg-info
[1.381s] writing ../build/ar_hw1/ar_hw1.egg-info/PKG-INFO
[1.381s] writing dependency_links to ../build/ar_hw1/ar_hw1.egg-info/dependency_links.txt
[1.381s] writing entry points to ../build/ar_hw1/ar_hw1.egg-info/entry_points.txt
[1.381s] writing requirements to ../build/ar_hw1/ar_hw1.egg-info/requires.txt
[1.381s] writing top-level names to ../build/ar_hw1/ar_hw1.egg-info/top_level.txt
[1.382s] writing manifest file '../build/ar_hw1/ar_hw1.egg-info/SOURCES.txt'
[1.383s] reading manifest file '../build/ar_hw1/ar_hw1.egg-info/SOURCES.txt'
[1.385s] writing manifest file '../build/ar_hw1/ar_hw1.egg-info/SOURCES.txt'
[1.385s] running build
[1.385s] running build_py
[1.385s] creating /home/boole/autonomous-robots/HW1/build/ar_hw1/build
[1.385s] creating /home/boole/autonomous-robots/HW1/build/ar_hw1/build/lib
[1.386s] creating /home/boole/autonomous-robots/HW1/build/ar_hw1/build/lib/ar_hw1
[1.386s] copying ar_hw1/__init__.py -> /home/boole/autonomous-robots/HW1/build/ar_hw1/build/lib/ar_hw1
[1.386s] running install
[1.386s] running install_lib
[1.387s] creating /home/boole/autonomous-robots/HW1/install/ar_hw1/lib/python3.10/site-packages/ar_hw1
[1.387s] copying /home/boole/autonomous-robots/HW1/build/ar_hw1/build/lib/ar_hw1/__init__.py -> /home/boole/autonomous-robots/HW1/install/ar_hw1/lib/python3.10/site-packages/ar_hw1
[1.387s] byte-compiling /home/boole/autonomous-robots/HW1/install/ar_hw1/lib/python3.10/site-packages/ar_hw1/__init__.py to __init__.cpython-310.pyc
[1.388s] running install_data
[1.388s] creating /home/boole/autonomous-robots/HW1/install/ar_hw1/share/ament_index
[1.388s] creating /home/boole/autonomous-robots/HW1/install/ar_hw1/share/ament_index/resource_index
[1.388s] creating /home/boole/autonomous-robots/HW1/install/ar_hw1/share/ament_index/resource_index/packages
[1.388s] copying resource/ar_hw1 -> /home/boole/autonomous-robots/HW1/install/ar_hw1/share/ament_index/resource_index/packages
[1.389s] copying package.xml -> /home/boole/autonomous-robots/HW1/install/ar_hw1/share/ar_hw1
[1.389s] running install_egg_info
[1.391s] Copying ../build/ar_hw1/ar_hw1.egg-info to /home/boole/autonomous-robots/HW1/install/ar_hw1/lib/python3.10/site-packages/ar_hw1-0.0.0-py3.10.egg-info
[1.392s] running install_scripts
[1.421s] Installing face_detector script to /home/boole/autonomous-robots/HW1/install/ar_hw1/lib/ar_hw1
[1.421s] writing list of installed files to '/home/boole/autonomous-robots/HW1/build/ar_hw1/install.log'
[1.456s] Invoked command in '/home/boole/autonomous-robots/HW1/ar_hw1' returned '0': PYTHONPATH=/home/boole/autonomous-robots/HW1/build/ar_hw1/prefix_override:/usr/lib/python3/dist-packages/colcon_core/task/python/colcon_distutils_commands:/home/boole/autonomous-robots/HW1/install/ar_hw1/lib/python3.10/site-packages:${PYTHONPATH} /usr/bin/python3 -W ignore:setup.py install is deprecated -W ignore:easy_install command is deprecated setup.py egg_info --egg-base ../build/ar_hw1 build --build-base /home/boole/autonomous-robots/HW1/build/ar_hw1/build install --record /home/boole/autonomous-robots/HW1/build/ar_hw1/install.log --single-version-externally-managed install_data
