[0.159s] DEBUG:colcon:Command line arguments: ['/usr/bin/colcon', 'build']
[0.160s] DEBUG:colcon:Parsed command line arguments: Namespace(log_base=None, log_level=None, verb_name='build', build_base='build', install_base='install', merge_install=False, symlink_install=False, test_result_base=None, continue_on_error=False, executor='parallel', parallel_workers=8, event_handlers=None, ignore_user_meta=False, metas=['./colcon.meta'], base_paths=['.'], packages_ignore=None, packages_ignore_regex=None, paths=None, packages_up_to=None, packages_up_to_regex=None, packages_above=None, packages_above_and_dependencies=None, packages_above_depth=None, packages_select_by_dep=None, packages_skip_by_dep=None, packages_skip_up_to=None, packages_select_build_failed=False, packages_skip_build_finished=False, packages_select_test_failures=False, packages_skip_test_passed=False, packages_select=None, packages_skip=None, packages_select_regex=None, packages_skip_regex=None, packages_start=None, packages_end=None, allow_overriding=[], cmake_args=None, cmake_target=None, cmake_target_skip_unavailable=False, cmake_clean_cache=False, cmake_clean_first=False, cmake_force_configure=False, ament_cmake_args=None, catkin_cmake_args=None, catkin_skip_building_tests=False, mixin_files=None, mixin=None, verb_parser=<colcon_mixin.mixin.mixin_argument.MixinArgumentDecorator object at 0x7833a150d0f0>, verb_extension=<colcon_core.verb.build.BuildVerb object at 0x7833a150cb20>, main=<bound method BuildVerb.main of <colcon_core.verb.build.BuildVerb object at 0x7833a150cb20>>, mixin_verb=('build',))
[0.423s] Level 1:colcon.colcon_core.package_discovery:discover_packages(colcon_meta) check parameters
[0.424s] Level 1:colcon.colcon_core.package_discovery:discover_packages(recursive) check parameters
[0.424s] Level 1:colcon.colcon_core.package_discovery:discover_packages(ignore) check parameters
[0.424s] Level 1:colcon.colcon_core.package_discovery:discover_packages(path) check parameters
[0.424s] Level 1:colcon.colcon_core.package_discovery:discover_packages(colcon_meta) discover
[0.424s] Level 1:colcon.colcon_core.package_discovery:discover_packages(recursive) discover
[0.424s] INFO:colcon.colcon_core.package_discovery:Crawling recursively for packages in '/home/boole/autonomous-robots/HW1'
[0.424s] Level 1:colcon.colcon_core.package_identification:_identify(.) by extensions ['ignore', 'ignore_ament_install']
[0.424s] Level 1:colcon.colcon_core.package_identification:_identify(.) by extension 'ignore'
[0.424s] Level 1:colcon.colcon_core.package_identification:_identify(.) by extension 'ignore_ament_install'
[0.424s] Level 1:colcon.colcon_core.package_identification:_identify(.) by extensions ['colcon_pkg']
[0.424s] Level 1:colcon.colcon_core.package_identification:_identify(.) by extension 'colcon_pkg'
[0.424s] Level 1:colcon.colcon_core.package_identification:_identify(.) by extensions ['colcon_meta']
[0.424s] Level 1:colcon.colcon_core.package_identification:_identify(.) by extension 'colcon_meta'
[0.425s] Level 1:colcon.colcon_core.package_identification:_identify(.) by extensions ['ros']
[0.425s] Level 1:colcon.colcon_core.package_identification:_identify(.) by extension 'ros'
[0.440s] Level 1:colcon.colcon_core.package_identification:_identify(.) by extensions ['cmake', 'python']
[0.440s] Level 1:colcon.colcon_core.package_identification:_identify(.) by extension 'cmake'
[0.440s] Level 1:colcon.colcon_core.package_identification:_identify(.) by extension 'python'
[0.440s] Level 1:colcon.colcon_core.package_identification:_identify(.) by extensions ['python_setup_py']
[0.440s] Level 1:colcon.colcon_core.package_identification:_identify(.) by extension 'python_setup_py'
[0.440s] Level 1:colcon.colcon_core.package_identification:_identify(ar_hw1) by extensions ['ignore', 'ignore_ament_install']
[0.440s] Level 1:colcon.colcon_core.package_identification:_identify(ar_hw1) by extension 'ignore'
[0.440s] Level 1:colcon.colcon_core.package_identification:_identify(ar_hw1) by extension 'ignore_ament_install'
[0.440s] Level 1:colcon.colcon_core.package_identification:_identify(ar_hw1) by extensions ['colcon_pkg']
[0.441s] Level 1:colcon.colcon_core.package_identification:_identify(ar_hw1) by extension 'colcon_pkg'
[0.441s] Level 1:colcon.colcon_core.package_identification:_identify(ar_hw1) by extensions ['colcon_meta']
[0.441s] Level 1:colcon.colcon_core.package_identification:_identify(ar_hw1) by extension 'colcon_meta'
[0.441s] Level 1:colcon.colcon_core.package_identification:_identify(ar_hw1) by extensions ['ros']
[0.441s] Level 1:colcon.colcon_core.package_identification:_identify(ar_hw1) by extension 'ros'
[0.445s] DEBUG:colcon.colcon_core.package_identification:Package 'ar_hw1' with type 'ros.ament_python' and name 'ar_hw1'
[0.445s] Level 1:colcon.colcon_core.package_identification:_identify(build) by extensions ['ignore', 'ignore_ament_install']
[0.445s] Level 1:colcon.colcon_core.package_identification:_identify(build) by extension 'ignore'
[0.445s] Level 1:colcon.colcon_core.package_identification:_identify(build) ignored
[0.445s] Level 1:colcon.colcon_core.package_identification:_identify(install) by extensions ['ignore', 'ignore_ament_install']
[0.445s] Level 1:colcon.colcon_core.package_identification:_identify(install) by extension 'ignore'
[0.446s] Level 1:colcon.colcon_core.package_identification:_identify(install) ignored
[0.446s] Level 1:colcon.colcon_core.package_identification:_identify(launch) by extensions ['ignore', 'ignore_ament_install']
[0.446s] Level 1:colcon.colcon_core.package_identification:_identify(launch) by extension 'ignore'
[0.446s] Level 1:colcon.colcon_core.package_identification:_identify(launch) by extension 'ignore_ament_install'
[0.446s] Level 1:colcon.colcon_core.package_identification:_identify(launch) by extensions ['colcon_pkg']
[0.446s] Level 1:colcon.colcon_core.package_identification:_identify(launch) by extension 'colcon_pkg'
[0.446s] Level 1:colcon.colcon_core.package_identification:_identify(launch) by extensions ['colcon_meta']
[0.446s] Level 1:colcon.colcon_core.package_identification:_identify(launch) by extension 'colcon_meta'
[0.446s] Level 1:colcon.colcon_core.package_identification:_identify(launch) by extensions ['ros']
[0.446s] Level 1:colcon.colcon_core.package_identification:_identify(launch) by extension 'ros'
[0.446s] Level 1:colcon.colcon_core.package_identification:_identify(launch) by extensions ['cmake', 'python']
[0.446s] Level 1:colcon.colcon_core.package_identification:_identify(launch) by extension 'cmake'
[0.446s] Level 1:colcon.colcon_core.package_identification:_identify(launch) by extension 'python'
[0.447s] Level 1:colcon.colcon_core.package_identification:_identify(launch) by extensions ['python_setup_py']
[0.447s] Level 1:colcon.colcon_core.package_identification:_identify(launch) by extension 'python_setup_py'
[0.447s] Level 1:colcon.colcon_core.package_identification:_identify(log) by extensions ['ignore', 'ignore_ament_install']
[0.447s] Level 1:colcon.colcon_core.package_identification:_identify(log) by extension 'ignore'
[0.447s] Level 1:colcon.colcon_core.package_identification:_identify(log) ignored
[0.447s] Level 1:colcon.colcon_core.package_discovery:discover_packages(recursive) using defaults
[0.447s] Level 1:colcon.colcon_core.package_discovery:discover_packages(ignore) discover
[0.447s] Level 1:colcon.colcon_core.package_discovery:discover_packages(ignore) using defaults
[0.447s] Level 1:colcon.colcon_core.package_discovery:discover_packages(path) discover
[0.447s] Level 1:colcon.colcon_core.package_discovery:discover_packages(path) using defaults
[0.490s] Level 1:colcon.colcon_core.package_discovery:discover_packages(prefix_path) check parameters
[0.490s] Level 1:colcon.colcon_core.package_discovery:discover_packages(prefix_path) discover
[0.494s] DEBUG:colcon.colcon_installed_package_information.package_discovery:Found 302 installed packages in /opt/ros/humble
[0.496s] Level 1:colcon.colcon_core.package_discovery:discover_packages(prefix_path) using defaults
[0.564s] Level 5:colcon.colcon_core.verb:set package 'ar_hw1' build argument 'cmake_args' from command line to 'None'
[0.564s] Level 5:colcon.colcon_core.verb:set package 'ar_hw1' build argument 'cmake_target' from command line to 'None'
[0.564s] Level 5:colcon.colcon_core.verb:set package 'ar_hw1' build argument 'cmake_target_skip_unavailable' from command line to 'False'
[0.564s] Level 5:colcon.colcon_core.verb:set package 'ar_hw1' build argument 'cmake_clean_cache' from command line to 'False'
[0.564s] Level 5:colcon.colcon_core.verb:set package 'ar_hw1' build argument 'cmake_clean_first' from command line to 'False'
[0.564s] Level 5:colcon.colcon_core.verb:set package 'ar_hw1' build argument 'cmake_force_configure' from command line to 'False'
[0.564s] Level 5:colcon.colcon_core.verb:set package 'ar_hw1' build argument 'ament_cmake_args' from command line to 'None'
[0.564s] Level 5:colcon.colcon_core.verb:set package 'ar_hw1' build argument 'catkin_cmake_args' from command line to 'None'
[0.564s] Level 5:colcon.colcon_core.verb:set package 'ar_hw1' build argument 'catkin_skip_building_tests' from command line to 'False'
[0.565s] DEBUG:colcon.colcon_core.verb:Building package 'ar_hw1' with the following arguments: {'ament_cmake_args': None, 'build_base': '/home/boole/autonomous-robots/HW1/build/ar_hw1', 'catkin_cmake_args': None, 'catkin_skip_building_tests': False, 'cmake_args': None, 'cmake_clean_cache': False, 'cmake_clean_first': False, 'cmake_force_configure': False, 'cmake_target': None, 'cmake_target_skip_unavailable': False, 'install_base': '/home/boole/autonomous-robots/HW1/install/ar_hw1', 'merge_install': False, 'path': '/home/boole/autonomous-robots/HW1/ar_hw1', 'symlink_install': False, 'test_result_base': None}
[0.565s] INFO:colcon.colcon_core.executor:Executing jobs using 'parallel' executor
[0.566s] DEBUG:colcon.colcon_parallel_executor.executor.parallel:run_until_complete
[0.566s] INFO:colcon.colcon_ros.task.ament_python.build:Building ROS package in '/home/boole/autonomous-robots/HW1/ar_hw1' with build type 'ament_python'
[0.567s] Level 1:colcon.colcon_core.shell:create_environment_hook('ar_hw1', 'ament_prefix_path')
[0.571s] INFO:colcon.colcon_core.plugin_system:Skipping extension 'colcon_core.shell.bat': Not used on non-Windows systems
[0.571s] INFO:colcon.colcon_core.shell:Creating environment hook '/home/boole/autonomous-robots/HW1/install/ar_hw1/share/ar_hw1/hook/ament_prefix_path.ps1'
[0.573s] INFO:colcon.colcon_core.shell:Creating environment descriptor '/home/boole/autonomous-robots/HW1/install/ar_hw1/share/ar_hw1/hook/ament_prefix_path.dsv'
[0.573s] INFO:colcon.colcon_core.shell:Creating environment hook '/home/boole/autonomous-robots/HW1/install/ar_hw1/share/ar_hw1/hook/ament_prefix_path.sh'
[0.574s] INFO:colcon.colcon_core.shell:Skip shell extension 'powershell' for command environment: Not usable outside of PowerShell
[0.574s] DEBUG:colcon.colcon_core.shell:Skip shell extension 'dsv' for command environment
[0.998s] INFO:colcon.colcon_core.task.python.build:Building Python package in '/home/boole/autonomous-robots/HW1/ar_hw1'
[0.998s] INFO:colcon.colcon_core.shell:Skip shell extension 'powershell' for command environment: Not usable outside of PowerShell
[0.999s] DEBUG:colcon.colcon_core.shell:Skip shell extension 'dsv' for command environment
[1.577s] DEBUG:colcon.colcon_core.event_handler.log_command:Invoking command in '/home/boole/autonomous-robots/HW1/ar_hw1': PYTHONPATH=/home/boole/autonomous-robots/HW1/build/ar_hw1/prefix_override:/usr/lib/python3/dist-packages/colcon_core/task/python/colcon_distutils_commands:/home/boole/autonomous-robots/HW1/install/ar_hw1/lib/python3.10/site-packages:${PYTHONPATH} /usr/bin/python3 -W ignore:setup.py install is deprecated -W ignore:easy_install command is deprecated setup.py egg_info --egg-base ../build/ar_hw1 build --build-base /home/boole/autonomous-robots/HW1/build/ar_hw1/build install --record /home/boole/autonomous-robots/HW1/build/ar_hw1/install.log --single-version-externally-managed install_data
[2.069s] DEBUG:colcon.colcon_core.event_handler.log_command:Invoked command in '/home/boole/autonomous-robots/HW1/ar_hw1' returned '0': PYTHONPATH=/home/boole/autonomous-robots/HW1/build/ar_hw1/prefix_override:/usr/lib/python3/dist-packages/colcon_core/task/python/colcon_distutils_commands:/home/boole/autonomous-robots/HW1/install/ar_hw1/lib/python3.10/site-packages:${PYTHONPATH} /usr/bin/python3 -W ignore:setup.py install is deprecated -W ignore:easy_install command is deprecated setup.py egg_info --egg-base ../build/ar_hw1 build --build-base /home/boole/autonomous-robots/HW1/build/ar_hw1/build install --record /home/boole/autonomous-robots/HW1/build/ar_hw1/install.log --single-version-externally-managed install_data
[2.074s] Level 1:colcon.colcon_core.environment:checking '/home/boole/autonomous-robots/HW1/install/ar_hw1' for CMake module files
[2.075s] Level 1:colcon.colcon_core.environment:checking '/home/boole/autonomous-robots/HW1/install/ar_hw1' for CMake config files
[2.076s] Level 1:colcon.colcon_core.environment:checking '/home/boole/autonomous-robots/HW1/install/ar_hw1/lib'
[2.077s] Level 1:colcon.colcon_core.environment:checking '/home/boole/autonomous-robots/HW1/install/ar_hw1/bin'
[2.077s] Level 1:colcon.colcon_core.environment:checking '/home/boole/autonomous-robots/HW1/install/ar_hw1/lib/pkgconfig/ar_hw1.pc'
[2.078s] Level 1:colcon.colcon_core.environment:checking '/home/boole/autonomous-robots/HW1/install/ar_hw1/lib/python3.10/site-packages'
[2.078s] Level 1:colcon.colcon_core.shell:create_environment_hook('ar_hw1', 'pythonpath')
[2.078s] INFO:colcon.colcon_core.shell:Creating environment hook '/home/boole/autonomous-robots/HW1/install/ar_hw1/share/ar_hw1/hook/pythonpath.ps1'
[2.079s] INFO:colcon.colcon_core.shell:Creating environment descriptor '/home/boole/autonomous-robots/HW1/install/ar_hw1/share/ar_hw1/hook/pythonpath.dsv'
[2.080s] INFO:colcon.colcon_core.shell:Creating environment hook '/home/boole/autonomous-robots/HW1/install/ar_hw1/share/ar_hw1/hook/pythonpath.sh'
[2.081s] Level 1:colcon.colcon_core.environment:checking '/home/boole/autonomous-robots/HW1/install/ar_hw1/bin'
[2.081s] Level 1:colcon.colcon_core.environment:create_environment_scripts_only(ar_hw1)
[2.082s] INFO:colcon.colcon_core.shell:Creating package script '/home/boole/autonomous-robots/HW1/install/ar_hw1/share/ar_hw1/package.ps1'
[2.083s] INFO:colcon.colcon_core.shell:Creating package descriptor '/home/boole/autonomous-robots/HW1/install/ar_hw1/share/ar_hw1/package.dsv'
[2.084s] INFO:colcon.colcon_core.shell:Creating package script '/home/boole/autonomous-robots/HW1/install/ar_hw1/share/ar_hw1/package.sh'
[2.085s] INFO:colcon.colcon_core.shell:Creating package script '/home/boole/autonomous-robots/HW1/install/ar_hw1/share/ar_hw1/package.bash'
[2.087s] INFO:colcon.colcon_core.shell:Creating package script '/home/boole/autonomous-robots/HW1/install/ar_hw1/share/ar_hw1/package.zsh'
[2.088s] Level 1:colcon.colcon_core.environment:create_file_with_runtime_dependencies(/home/boole/autonomous-robots/HW1/install/ar_hw1/share/colcon-core/packages/ar_hw1)
[2.089s] DEBUG:colcon.colcon_parallel_executor.executor.parallel:closing loop
[2.089s] DEBUG:colcon.colcon_parallel_executor.executor.parallel:loop closed
[2.090s] DEBUG:colcon.colcon_parallel_executor.executor.parallel:run_until_complete finished with '0'
[2.090s] DEBUG:colcon.colcon_core.event_reactor:joining thread
[2.099s] INFO:colcon.colcon_core.plugin_system:Skipping extension 'colcon_notification.desktop_notification.terminal_notifier': Not used on non-Darwin systems
[2.099s] INFO:colcon.colcon_core.plugin_system:Skipping extension 'colcon_notification.desktop_notification.win32': Not used on non-Windows systems
[2.100s] INFO:colcon.colcon_notification.desktop_notification:Sending desktop notification using 'notify2'
[2.123s] DEBUG:colcon.colcon_core.event_reactor:joined thread
[2.123s] INFO:colcon.colcon_core.shell:Creating prefix script '/home/boole/autonomous-robots/HW1/install/local_setup.ps1'
[2.126s] INFO:colcon.colcon_core.shell:Creating prefix util module '/home/boole/autonomous-robots/HW1/install/_local_setup_util_ps1.py'
[2.128s] INFO:colcon.colcon_core.shell:Creating prefix chain script '/home/boole/autonomous-robots/HW1/install/setup.ps1'
[2.129s] INFO:colcon.colcon_core.shell:Creating prefix script '/home/boole/autonomous-robots/HW1/install/local_setup.sh'
[2.129s] INFO:colcon.colcon_core.shell:Creating prefix util module '/home/boole/autonomous-robots/HW1/install/_local_setup_util_sh.py'
[2.130s] INFO:colcon.colcon_core.shell:Creating prefix chain script '/home/boole/autonomous-robots/HW1/install/setup.sh'
[2.132s] INFO:colcon.colcon_core.shell:Creating prefix script '/home/boole/autonomous-robots/HW1/install/local_setup.bash'
[2.132s] INFO:colcon.colcon_core.shell:Creating prefix chain script '/home/boole/autonomous-robots/HW1/install/setup.bash'
[2.133s] INFO:colcon.colcon_core.shell:Creating prefix script '/home/boole/autonomous-robots/HW1/install/local_setup.zsh'
[2.134s] INFO:colcon.colcon_core.shell:Creating prefix chain script '/home/boole/autonomous-robots/HW1/install/setup.zsh'
