[0.014s] Invoking command in '/home/newton/autonomous-robots/clearpath_workspace/build/clearpath_manipulators': AMENT_PREFIX_PATH=/home/newton/autonomous-robots/clearpath_workspace/install/clearpath_manipulators_description:${AMENT_PREFIX_PATH} CMAKE_PREFIX_PATH=/home/newton/autonomous-robots/clearpath_workspace/install/clearpath_manipulators_description:/opt/ros/humble /usr/bin/cmake /home/newton/autonomous-robots/clearpath_workspace/src/clearpath_common/clearpath_manipulators -DAMENT_CMAKE_SYMLINK_INSTALL=1 -DCMAKE_INSTALL_PREFIX=/home/newton/autonomous-robots/clearpath_workspace/install/clearpath_manipulators
[0.098s] -- The C compiler identification is GNU 11.4.0
[0.179s] -- The CXX compiler identification is GNU 11.4.0
[0.190s] -- Detecting C compiler ABI info
[0.285s] -- Detecting C compiler ABI info - done
[0.296s] -- Check for working C compiler: /usr/bin/cc - skipped
[0.296s] -- Detecting C compile features
[0.297s] -- Detecting C compile features - done
[0.300s] -- Detecting CXX compiler ABI info
[0.409s] -- Detecting CXX compiler ABI info - done
[0.425s] -- Check for working CXX compiler: /usr/bin/c++ - skipped
[0.426s] -- Detecting CXX compile features
[0.426s] -- Detecting CXX compile features - done
[0.430s] -- Found ament_cmake: 1.3.11 (/opt/ros/humble/share/ament_cmake/cmake)
[0.633s] -- Found Python3: /usr/bin/python3 (found version "3.10.12") found components: Interpreter 
[0.716s] -- Override CMake install command with custom implementation using symlinks instead of copying resources
[0.849s] -- Configuring done
[0.853s] -- Generating done
[0.855s] -- Build files have been written to: /home/newton/autonomous-robots/clearpath_workspace/build/clearpath_manipulators
[0.860s] Invoked command in '/home/newton/autonomous-robots/clearpath_workspace/build/clearpath_manipulators' returned '0': AMENT_PREFIX_PATH=/home/newton/autonomous-robots/clearpath_workspace/install/clearpath_manipulators_description:${AMENT_PREFIX_PATH} CMAKE_PREFIX_PATH=/home/newton/autonomous-robots/clearpath_workspace/install/clearpath_manipulators_description:/opt/ros/humble /usr/bin/cmake /home/newton/autonomous-robots/clearpath_workspace/src/clearpath_common/clearpath_manipulators -DAMENT_CMAKE_SYMLINK_INSTALL=1 -DCMAKE_INSTALL_PREFIX=/home/newton/autonomous-robots/clearpath_workspace/install/clearpath_manipulators
[0.862s] Invoking command in '/home/newton/autonomous-robots/clearpath_workspace/build/clearpath_manipulators': AMENT_PREFIX_PATH=/home/newton/autonomous-robots/clearpath_workspace/install/clearpath_manipulators_description:${AMENT_PREFIX_PATH} CMAKE_PREFIX_PATH=/home/newton/autonomous-robots/clearpath_workspace/install/clearpath_manipulators_description:/opt/ros/humble /usr/bin/cmake --build /home/newton/autonomous-robots/clearpath_workspace/build/clearpath_manipulators -- -j8 -l8
[0.910s] Invoked command in '/home/newton/autonomous-robots/clearpath_workspace/build/clearpath_manipulators' returned '0': AMENT_PREFIX_PATH=/home/newton/autonomous-robots/clearpath_workspace/install/clearpath_manipulators_description:${AMENT_PREFIX_PATH} CMAKE_PREFIX_PATH=/home/newton/autonomous-robots/clearpath_workspace/install/clearpath_manipulators_description:/opt/ros/humble /usr/bin/cmake --build /home/newton/autonomous-robots/clearpath_workspace/build/clearpath_manipulators -- -j8 -l8
[0.912s] Invoking command in '/home/newton/autonomous-robots/clearpath_workspace/build/clearpath_manipulators': AMENT_PREFIX_PATH=/home/newton/autonomous-robots/clearpath_workspace/install/clearpath_manipulators_description:${AMENT_PREFIX_PATH} CMAKE_PREFIX_PATH=/home/newton/autonomous-robots/clearpath_workspace/install/clearpath_manipulators_description:/opt/ros/humble /usr/bin/cmake --install /home/newton/autonomous-robots/clearpath_workspace/build/clearpath_manipulators
[0.922s] -- Install configuration: ""
[0.922s] -- Execute custom install script
[0.923s] -- Symlinking: /home/newton/autonomous-robots/clearpath_workspace/install/clearpath_manipulators/share/clearpath_manipulators/config/cartesian_limits.yaml
[0.934s] -- Symlinking: /home/newton/autonomous-robots/clearpath_workspace/install/clearpath_manipulators/share/clearpath_manipulators/config/control.yaml
[0.948s] -- Symlinking: /home/newton/autonomous-robots/clearpath_workspace/install/clearpath_manipulators/share/clearpath_manipulators/config/kinematics/arm.yaml
[0.962s] -- Symlinking: /home/newton/autonomous-robots/clearpath_workspace/install/clearpath_manipulators/share/clearpath_manipulators/config/kinematics/gripper.yaml
[0.979s] -- Symlinking: /home/newton/autonomous-robots/clearpath_workspace/install/clearpath_manipulators/share/clearpath_manipulators/config/kinematics/lift.yaml
[0.992s] -- Symlinking: /home/newton/autonomous-robots/clearpath_workspace/install/clearpath_manipulators/share/clearpath_manipulators/config/planning/_ompl/defaults.yaml
[1.009s] -- Symlinking: /home/newton/autonomous-robots/clearpath_workspace/install/clearpath_manipulators/share/clearpath_manipulators/config/planning/_ompl/planning.yaml
[1.026s] -- Symlinking: /home/newton/autonomous-robots/clearpath_workspace/install/clearpath_manipulators/share/clearpath_manipulators/config/planning/chomp/planning.yaml
[1.041s] -- Symlinking: /home/newton/autonomous-robots/clearpath_workspace/install/clearpath_manipulators/share/clearpath_manipulators/config/planning/pilz/defaults.yaml
[1.054s] -- Symlinking: /home/newton/autonomous-robots/clearpath_workspace/install/clearpath_manipulators/share/clearpath_manipulators/config/planning/pilz/planning.yaml
[1.068s] -- Symlinking: /home/newton/autonomous-robots/clearpath_workspace/install/clearpath_manipulators/share/clearpath_manipulators/config/planning/pipeline.yaml
[1.079s] -- Symlinking: /home/newton/autonomous-robots/clearpath_workspace/install/clearpath_manipulators/share/clearpath_manipulators/config/planning_scene.yaml
[1.091s] -- Symlinking: /home/newton/autonomous-robots/clearpath_workspace/install/clearpath_manipulators/share/clearpath_manipulators/config/trajectory_execution.yaml
[1.105s] -- Symlinking: /home/newton/autonomous-robots/clearpath_workspace/install/clearpath_manipulators/share/clearpath_manipulators/launch/control.launch.py
[1.121s] -- Symlinking: /home/newton/autonomous-robots/clearpath_workspace/install/clearpath_manipulators/share/clearpath_manipulators/launch/manipulators.launch.py
[1.132s] -- Symlinking: /home/newton/autonomous-robots/clearpath_workspace/install/clearpath_manipulators/share/clearpath_manipulators/launch/moveit.launch.py
[1.147s] -- Symlinking: /home/newton/autonomous-robots/clearpath_workspace/install/clearpath_manipulators/share/ament_index/resource_index/package_run_dependencies/clearpath_manipulators
[1.161s] -- Symlinking: /home/newton/autonomous-robots/clearpath_workspace/install/clearpath_manipulators/share/ament_index/resource_index/parent_prefix_path/clearpath_manipulators
[1.178s] -- Symlinking: /home/newton/autonomous-robots/clearpath_workspace/install/clearpath_manipulators/share/clearpath_manipulators/environment/ament_prefix_path.sh
[1.197s] -- Symlinking: /home/newton/autonomous-robots/clearpath_workspace/install/clearpath_manipulators/share/clearpath_manipulators/environment/ament_prefix_path.dsv
[1.211s] -- Symlinking: /home/newton/autonomous-robots/clearpath_workspace/install/clearpath_manipulators/share/clearpath_manipulators/environment/path.sh
[1.226s] -- Symlinking: /home/newton/autonomous-robots/clearpath_workspace/install/clearpath_manipulators/share/clearpath_manipulators/environment/path.dsv
[1.242s] -- Symlinking: /home/newton/autonomous-robots/clearpath_workspace/install/clearpath_manipulators/share/clearpath_manipulators/local_setup.bash
[1.256s] -- Symlinking: /home/newton/autonomous-robots/clearpath_workspace/install/clearpath_manipulators/share/clearpath_manipulators/local_setup.sh
[1.267s] -- Symlinking: /home/newton/autonomous-robots/clearpath_workspace/install/clearpath_manipulators/share/clearpath_manipulators/local_setup.zsh
[1.280s] -- Symlinking: /home/newton/autonomous-robots/clearpath_workspace/install/clearpath_manipulators/share/clearpath_manipulators/local_setup.dsv
[1.291s] -- Symlinking: /home/newton/autonomous-robots/clearpath_workspace/install/clearpath_manipulators/share/clearpath_manipulators/package.dsv
[1.302s] -- Symlinking: /home/newton/autonomous-robots/clearpath_workspace/install/clearpath_manipulators/share/ament_index/resource_index/packages/clearpath_manipulators
[1.311s] -- Symlinking: /home/newton/autonomous-robots/clearpath_workspace/install/clearpath_manipulators/share/clearpath_manipulators/cmake/clearpath_manipulatorsConfig.cmake
[1.326s] -- Symlinking: /home/newton/autonomous-robots/clearpath_workspace/install/clearpath_manipulators/share/clearpath_manipulators/cmake/clearpath_manipulatorsConfig-version.cmake
[1.342s] -- Symlinking: /home/newton/autonomous-robots/clearpath_workspace/install/clearpath_manipulators/share/clearpath_manipulators/package.xml
[1.357s] Invoked command in '/home/newton/autonomous-robots/clearpath_workspace/build/clearpath_manipulators' returned '0': AMENT_PREFIX_PATH=/home/newton/autonomous-robots/clearpath_workspace/install/clearpath_manipulators_description:${AMENT_PREFIX_PATH} CMAKE_PREFIX_PATH=/home/newton/autonomous-robots/clearpath_workspace/install/clearpath_manipulators_description:/opt/ros/humble /usr/bin/cmake --install /home/newton/autonomous-robots/clearpath_workspace/build/clearpath_manipulators
