[0.165s] DEBUG:colcon:Command line arguments: ['/usr/bin/colcon', 'build', '--packages-select', 'ar_hw3']
[0.165s] DEBUG:colcon:Parsed command line arguments: Namespace(log_base=None, log_level=None, verb_name='build', build_base='build', install_base='install', merge_install=False, symlink_install=False, test_result_base=None, continue_on_error=False, executor='parallel', parallel_workers=8, event_handlers=None, ignore_user_meta=False, metas=['./colcon.meta'], base_paths=['.'], packages_ignore=None, packages_ignore_regex=None, paths=None, packages_up_to=None, packages_up_to_regex=None, packages_above=None, packages_above_and_dependencies=None, packages_above_depth=None, packages_select_by_dep=None, packages_skip_by_dep=None, packages_skip_up_to=None, packages_select_build_failed=False, packages_skip_build_finished=False, packages_select_test_failures=False, packages_skip_test_passed=False, packages_select=['ar_hw3'], packages_skip=None, packages_select_regex=None, packages_skip_regex=None, packages_start=None, packages_end=None, allow_overriding=[], cmake_args=None, cmake_target=None, cmake_target_skip_unavailable=False, cmake_clean_cache=False, cmake_clean_first=False, cmake_force_configure=False, ament_cmake_args=None, catkin_cmake_args=None, catkin_skip_building_tests=False, mixin_files=None, mixin=None, verb_parser=<colcon_mixin.mixin.mixin_argument.MixinArgumentDecorator object at 0x776c2c8692d0>, verb_extension=<colcon_core.verb.build.BuildVerb object at 0x776c2c868d00>, main=<bound method BuildVerb.main of <colcon_core.verb.build.BuildVerb object at 0x776c2c868d00>>, mixin_verb=('build',))
[0.410s] Level 1:colcon.colcon_core.package_discovery:discover_packages(colcon_meta) check parameters
[0.410s] Level 1:colcon.colcon_core.package_discovery:discover_packages(recursive) check parameters
[0.410s] Level 1:colcon.colcon_core.package_discovery:discover_packages(ignore) check parameters
[0.410s] Level 1:colcon.colcon_core.package_discovery:discover_packages(path) check parameters
[0.410s] Level 1:colcon.colcon_core.package_discovery:discover_packages(colcon_meta) discover
[0.410s] Level 1:colcon.colcon_core.package_discovery:discover_packages(recursive) discover
[0.410s] INFO:colcon.colcon_core.package_discovery:Crawling recursively for packages in '/home/boole/autonomous-robots/HW3/ar_hw3'
[0.410s] Level 1:colcon.colcon_core.package_identification:_identify(.) by extensions ['ignore', 'ignore_ament_install']
[0.410s] Level 1:colcon.colcon_core.package_identification:_identify(.) by extension 'ignore'
[0.410s] Level 1:colcon.colcon_core.package_identification:_identify(.) by extension 'ignore_ament_install'
[0.410s] Level 1:colcon.colcon_core.package_identification:_identify(.) by extensions ['colcon_pkg']
[0.410s] Level 1:colcon.colcon_core.package_identification:_identify(.) by extension 'colcon_pkg'
[0.410s] Level 1:colcon.colcon_core.package_identification:_identify(.) by extensions ['colcon_meta']
[0.410s] Level 1:colcon.colcon_core.package_identification:_identify(.) by extension 'colcon_meta'
[0.411s] Level 1:colcon.colcon_core.package_identification:_identify(.) by extensions ['ros']
[0.411s] Level 1:colcon.colcon_core.package_identification:_identify(.) by extension 'ros'
[0.431s] DEBUG:colcon.colcon_core.package_identification:Package '.' with type 'ros.ament_python' and name 'ar_hw3'
[0.431s] Level 1:colcon.colcon_core.package_discovery:discover_packages(recursive) using defaults
[0.431s] Level 1:colcon.colcon_core.package_discovery:discover_packages(ignore) discover
[0.431s] Level 1:colcon.colcon_core.package_discovery:discover_packages(ignore) using defaults
[0.431s] Level 1:colcon.colcon_core.package_discovery:discover_packages(path) discover
[0.431s] Level 1:colcon.colcon_core.package_discovery:discover_packages(path) using defaults
[0.467s] Level 1:colcon.colcon_core.package_discovery:discover_packages(prefix_path) check parameters
[0.468s] Level 1:colcon.colcon_core.package_discovery:discover_packages(prefix_path) discover
[0.473s] DEBUG:colcon.colcon_installed_package_information.package_discovery:Found 302 installed packages in /opt/ros/humble
[0.475s] Level 1:colcon.colcon_core.package_discovery:discover_packages(prefix_path) using defaults
[0.539s] Level 5:colcon.colcon_core.verb:set package 'ar_hw3' build argument 'cmake_args' from command line to 'None'
[0.539s] Level 5:colcon.colcon_core.verb:set package 'ar_hw3' build argument 'cmake_target' from command line to 'None'
[0.539s] Level 5:colcon.colcon_core.verb:set package 'ar_hw3' build argument 'cmake_target_skip_unavailable' from command line to 'False'
[0.539s] Level 5:colcon.colcon_core.verb:set package 'ar_hw3' build argument 'cmake_clean_cache' from command line to 'False'
[0.539s] Level 5:colcon.colcon_core.verb:set package 'ar_hw3' build argument 'cmake_clean_first' from command line to 'False'
[0.539s] Level 5:colcon.colcon_core.verb:set package 'ar_hw3' build argument 'cmake_force_configure' from command line to 'False'
[0.539s] Level 5:colcon.colcon_core.verb:set package 'ar_hw3' build argument 'ament_cmake_args' from command line to 'None'
[0.539s] Level 5:colcon.colcon_core.verb:set package 'ar_hw3' build argument 'catkin_cmake_args' from command line to 'None'
[0.539s] Level 5:colcon.colcon_core.verb:set package 'ar_hw3' build argument 'catkin_skip_building_tests' from command line to 'False'
[0.539s] DEBUG:colcon.colcon_core.verb:Building package 'ar_hw3' with the following arguments: {'ament_cmake_args': None, 'build_base': '/home/boole/autonomous-robots/HW3/ar_hw3/build/ar_hw3', 'catkin_cmake_args': None, 'catkin_skip_building_tests': False, 'cmake_args': None, 'cmake_clean_cache': False, 'cmake_clean_first': False, 'cmake_force_configure': False, 'cmake_target': None, 'cmake_target_skip_unavailable': False, 'install_base': '/home/boole/autonomous-robots/HW3/ar_hw3/install/ar_hw3', 'merge_install': False, 'path': '/home/boole/autonomous-robots/HW3/ar_hw3', 'symlink_install': False, 'test_result_base': None}
[0.540s] INFO:colcon.colcon_core.executor:Executing jobs using 'parallel' executor
[0.541s] DEBUG:colcon.colcon_parallel_executor.executor.parallel:run_until_complete
[0.541s] INFO:colcon.colcon_ros.task.ament_python.build:Building ROS package in '/home/boole/autonomous-robots/HW3/ar_hw3' with build type 'ament_python'
[0.542s] Level 1:colcon.colcon_core.shell:create_environment_hook('ar_hw3', 'ament_prefix_path')
[0.546s] INFO:colcon.colcon_core.plugin_system:Skipping extension 'colcon_core.shell.bat': Not used on non-Windows systems
[0.546s] INFO:colcon.colcon_core.shell:Creating environment hook '/home/boole/autonomous-robots/HW3/ar_hw3/install/ar_hw3/share/ar_hw3/hook/ament_prefix_path.ps1'
[0.548s] INFO:colcon.colcon_core.shell:Creating environment descriptor '/home/boole/autonomous-robots/HW3/ar_hw3/install/ar_hw3/share/ar_hw3/hook/ament_prefix_path.dsv'
[0.549s] INFO:colcon.colcon_core.shell:Creating environment hook '/home/boole/autonomous-robots/HW3/ar_hw3/install/ar_hw3/share/ar_hw3/hook/ament_prefix_path.sh'
[0.550s] INFO:colcon.colcon_core.shell:Skip shell extension 'powershell' for command environment: Not usable outside of PowerShell
[0.550s] DEBUG:colcon.colcon_core.shell:Skip shell extension 'dsv' for command environment
[1.010s] INFO:colcon.colcon_core.task.python.build:Building Python package in '/home/boole/autonomous-robots/HW3/ar_hw3'
[1.011s] INFO:colcon.colcon_core.shell:Skip shell extension 'powershell' for command environment: Not usable outside of PowerShell
[1.011s] DEBUG:colcon.colcon_core.shell:Skip shell extension 'dsv' for command environment
[1.635s] DEBUG:colcon.colcon_core.event_handler.log_command:Invoking command in '/home/boole/autonomous-robots/HW3/ar_hw3': PYTHONPATH=/home/boole/autonomous-robots/HW3/ar_hw3/build/ar_hw3/prefix_override:/usr/lib/python3/dist-packages/colcon_core/task/python/colcon_distutils_commands:/home/boole/autonomous-robots/HW3/ar_hw3/install/ar_hw3/lib/python3.10/site-packages:${PYTHONPATH} /usr/bin/python3 -W ignore:setup.py install is deprecated -W ignore:easy_install command is deprecated setup.py egg_info --egg-base build/ar_hw3 build --build-base /home/boole/autonomous-robots/HW3/ar_hw3/build/ar_hw3/build install --record /home/boole/autonomous-robots/HW3/ar_hw3/build/ar_hw3/install.log --single-version-externally-managed install_data
[2.132s] DEBUG:colcon.colcon_core.event_handler.log_command:Invoked command in '/home/boole/autonomous-robots/HW3/ar_hw3' returned '0': PYTHONPATH=/home/boole/autonomous-robots/HW3/ar_hw3/build/ar_hw3/prefix_override:/usr/lib/python3/dist-packages/colcon_core/task/python/colcon_distutils_commands:/home/boole/autonomous-robots/HW3/ar_hw3/install/ar_hw3/lib/python3.10/site-packages:${PYTHONPATH} /usr/bin/python3 -W ignore:setup.py install is deprecated -W ignore:easy_install command is deprecated setup.py egg_info --egg-base build/ar_hw3 build --build-base /home/boole/autonomous-robots/HW3/ar_hw3/build/ar_hw3/build install --record /home/boole/autonomous-robots/HW3/ar_hw3/build/ar_hw3/install.log --single-version-externally-managed install_data
[2.142s] Level 1:colcon.colcon_core.environment:checking '/home/boole/autonomous-robots/HW3/ar_hw3/install/ar_hw3' for CMake module files
[2.144s] Level 1:colcon.colcon_core.environment:checking '/home/boole/autonomous-robots/HW3/ar_hw3/install/ar_hw3' for CMake config files
[2.146s] Level 1:colcon.colcon_core.environment:checking '/home/boole/autonomous-robots/HW3/ar_hw3/install/ar_hw3/lib'
[2.146s] Level 1:colcon.colcon_core.environment:checking '/home/boole/autonomous-robots/HW3/ar_hw3/install/ar_hw3/bin'
[2.147s] Level 1:colcon.colcon_core.environment:checking '/home/boole/autonomous-robots/HW3/ar_hw3/install/ar_hw3/lib/pkgconfig/ar_hw3.pc'
[2.147s] Level 1:colcon.colcon_core.environment:checking '/home/boole/autonomous-robots/HW3/ar_hw3/install/ar_hw3/lib/python3.10/site-packages'
[2.148s] Level 1:colcon.colcon_core.shell:create_environment_hook('ar_hw3', 'pythonpath')
[2.148s] INFO:colcon.colcon_core.shell:Creating environment hook '/home/boole/autonomous-robots/HW3/ar_hw3/install/ar_hw3/share/ar_hw3/hook/pythonpath.ps1'
[2.150s] INFO:colcon.colcon_core.shell:Creating environment descriptor '/home/boole/autonomous-robots/HW3/ar_hw3/install/ar_hw3/share/ar_hw3/hook/pythonpath.dsv'
[2.151s] INFO:colcon.colcon_core.shell:Creating environment hook '/home/boole/autonomous-robots/HW3/ar_hw3/install/ar_hw3/share/ar_hw3/hook/pythonpath.sh'
[2.152s] Level 1:colcon.colcon_core.environment:checking '/home/boole/autonomous-robots/HW3/ar_hw3/install/ar_hw3/bin'
[2.152s] Level 1:colcon.colcon_core.environment:create_environment_scripts_only(ar_hw3)
[2.153s] INFO:colcon.colcon_core.shell:Creating package script '/home/boole/autonomous-robots/HW3/ar_hw3/install/ar_hw3/share/ar_hw3/package.ps1'
[2.155s] INFO:colcon.colcon_core.shell:Creating package descriptor '/home/boole/autonomous-robots/HW3/ar_hw3/install/ar_hw3/share/ar_hw3/package.dsv'
[2.157s] INFO:colcon.colcon_core.shell:Creating package script '/home/boole/autonomous-robots/HW3/ar_hw3/install/ar_hw3/share/ar_hw3/package.sh'
[2.158s] INFO:colcon.colcon_core.shell:Creating package script '/home/boole/autonomous-robots/HW3/ar_hw3/install/ar_hw3/share/ar_hw3/package.bash'
[2.160s] INFO:colcon.colcon_core.shell:Creating package script '/home/boole/autonomous-robots/HW3/ar_hw3/install/ar_hw3/share/ar_hw3/package.zsh'
[2.162s] Level 1:colcon.colcon_core.environment:create_file_with_runtime_dependencies(/home/boole/autonomous-robots/HW3/ar_hw3/install/ar_hw3/share/colcon-core/packages/ar_hw3)
[2.163s] DEBUG:colcon.colcon_parallel_executor.executor.parallel:closing loop
[2.163s] DEBUG:colcon.colcon_parallel_executor.executor.parallel:loop closed
[2.163s] DEBUG:colcon.colcon_parallel_executor.executor.parallel:run_until_complete finished with '0'
[2.163s] DEBUG:colcon.colcon_core.event_reactor:joining thread
[2.176s] INFO:colcon.colcon_core.plugin_system:Skipping extension 'colcon_notification.desktop_notification.terminal_notifier': Not used on non-Darwin systems
[2.176s] INFO:colcon.colcon_core.plugin_system:Skipping extension 'colcon_notification.desktop_notification.win32': Not used on non-Windows systems
[2.176s] INFO:colcon.colcon_notification.desktop_notification:Sending desktop notification using 'notify2'
[2.218s] DEBUG:colcon.colcon_core.event_reactor:joined thread
[2.219s] INFO:colcon.colcon_core.shell:Creating prefix script '/home/boole/autonomous-robots/HW3/ar_hw3/install/local_setup.ps1'
[2.222s] INFO:colcon.colcon_core.shell:Creating prefix util module '/home/boole/autonomous-robots/HW3/ar_hw3/install/_local_setup_util_ps1.py'
[2.225s] INFO:colcon.colcon_core.shell:Creating prefix chain script '/home/boole/autonomous-robots/HW3/ar_hw3/install/setup.ps1'
[2.228s] INFO:colcon.colcon_core.shell:Creating prefix script '/home/boole/autonomous-robots/HW3/ar_hw3/install/local_setup.sh'
[2.230s] INFO:colcon.colcon_core.shell:Creating prefix util module '/home/boole/autonomous-robots/HW3/ar_hw3/install/_local_setup_util_sh.py'
[2.231s] INFO:colcon.colcon_core.shell:Creating prefix chain script '/home/boole/autonomous-robots/HW3/ar_hw3/install/setup.sh'
[2.232s] INFO:colcon.colcon_core.shell:Creating prefix script '/home/boole/autonomous-robots/HW3/ar_hw3/install/local_setup.bash'
[2.233s] INFO:colcon.colcon_core.shell:Creating prefix chain script '/home/boole/autonomous-robots/HW3/ar_hw3/install/setup.bash'
[2.235s] INFO:colcon.colcon_core.shell:Creating prefix script '/home/boole/autonomous-robots/HW3/ar_hw3/install/local_setup.zsh'
[2.236s] INFO:colcon.colcon_core.shell:Creating prefix chain script '/home/boole/autonomous-robots/HW3/ar_hw3/install/setup.zsh'
