[0.049s] Invoking command in '/home/newton/autonomous-robots/clearpath_workspace/build/clearpath_sensors_description': CMAKE_PREFIX_PATH=/opt/ros/humble /usr/bin/cmake /home/newton/autonomous-robots/clearpath_workspace/src/clearpath_common/clearpath_sensors_description -DAMENT_CMAKE_SYMLINK_INSTALL=1 -DCMAKE_INSTALL_PREFIX=/home/newton/autonomous-robots/clearpath_workspace/install/clearpath_sensors_description
[0.543s] -- The C compiler identification is GNU 11.4.0
[0.543s] -- The CXX compiler identification is GNU 11.4.0
[0.543s] -- Detecting C compiler ABI info
[0.543s] -- Detecting C compiler ABI info - done
[0.544s] -- Check for working C compiler: /usr/bin/cc - skipped
[0.544s] -- Detecting C compile features
[0.544s] -- Detecting C compile features - done
[0.544s] -- Detecting CXX compiler ABI info
[0.631s] -- Detecting CXX compiler ABI info - done
[0.658s] -- Check for working CXX compiler: /usr/bin/c++ - skipped
[0.658s] -- Detecting CXX compile features
[0.659s] -- Detecting CXX compile features - done
[0.669s] -- Found ament_cmake: 1.3.11 (/opt/ros/humble/share/ament_cmake/cmake)
[1.042s] -- Found Python3: /usr/bin/python3 (found version "3.10.12") found components: Interpreter 
[1.177s] -- Override CMake install command with custom implementation using symlinks instead of copying resources
[1.444s] -- Configuring done
[1.458s] -- Generating done
[1.464s] -- Build files have been written to: /home/newton/autonomous-robots/clearpath_workspace/build/clearpath_sensors_description
[1.474s] Invoked command in '/home/newton/autonomous-robots/clearpath_workspace/build/clearpath_sensors_description' returned '0': CMAKE_PREFIX_PATH=/opt/ros/humble /usr/bin/cmake /home/newton/autonomous-robots/clearpath_workspace/src/clearpath_common/clearpath_sensors_description -DAMENT_CMAKE_SYMLINK_INSTALL=1 -DCMAKE_INSTALL_PREFIX=/home/newton/autonomous-robots/clearpath_workspace/install/clearpath_sensors_description
[1.475s] Invoking command in '/home/newton/autonomous-robots/clearpath_workspace/build/clearpath_sensors_description': CMAKE_PREFIX_PATH=/opt/ros/humble /usr/bin/cmake --build /home/newton/autonomous-robots/clearpath_workspace/build/clearpath_sensors_description -- -j8 -l8
[1.577s] Invoked command in '/home/newton/autonomous-robots/clearpath_workspace/build/clearpath_sensors_description' returned '0': CMAKE_PREFIX_PATH=/opt/ros/humble /usr/bin/cmake --build /home/newton/autonomous-robots/clearpath_workspace/build/clearpath_sensors_description -- -j8 -l8
[1.578s] Invoking command in '/home/newton/autonomous-robots/clearpath_workspace/build/clearpath_sensors_description': CMAKE_PREFIX_PATH=/opt/ros/humble /usr/bin/cmake --install /home/newton/autonomous-robots/clearpath_workspace/build/clearpath_sensors_description
[1.598s] -- Install configuration: ""
[1.598s] -- Execute custom install script
[1.599s] -- Symlinking: /home/newton/autonomous-robots/clearpath_workspace/install/clearpath_sensors_description/share/clearpath_sensors_description/meshes/axis_dome.stl
[1.617s] -- Symlinking: /home/newton/autonomous-robots/clearpath_workspace/install/clearpath_sensors_description/share/clearpath_sensors_description/meshes/axis_q62_base.stl
[1.639s] -- Symlinking: /home/newton/autonomous-robots/clearpath_workspace/install/clearpath_sensors_description/share/clearpath_sensors_description/meshes/axis_q62_top.stl
[1.658s] -- Symlinking: /home/newton/autonomous-robots/clearpath_workspace/install/clearpath_sensors_description/share/clearpath_sensors_description/meshes/flir_blackfly.stl
[1.684s] -- Symlinking: /home/newton/autonomous-robots/clearpath_workspace/install/clearpath_sensors_description/share/clearpath_sensors_description/meshes/hokuyo_ust.stl
[1.701s] -- Symlinking: /home/newton/autonomous-robots/clearpath_workspace/install/clearpath_sensors_description/share/clearpath_sensors_description/meshes/hokuyo_utm30.stl
[1.723s] -- Symlinking: /home/newton/autonomous-robots/clearpath_workspace/install/clearpath_sensors_description/share/clearpath_sensors_description/meshes/novatel_smart6.stl
[1.738s] -- Symlinking: /home/newton/autonomous-robots/clearpath_workspace/install/clearpath_sensors_description/share/clearpath_sensors_description/meshes/novatel_smart7.stl
[1.762s] -- Symlinking: /home/newton/autonomous-robots/clearpath_workspace/install/clearpath_sensors_description/share/clearpath_sensors_description/meshes/oakd_lite.dae
[1.775s] -- Symlinking: /home/newton/autonomous-robots/clearpath_workspace/install/clearpath_sensors_description/share/clearpath_sensors_description/meshes/oakd_pro.dae
[1.790s] -- Symlinking: /home/newton/autonomous-robots/clearpath_workspace/install/clearpath_sensors_description/share/clearpath_sensors_description/meshes/ouster/os1_base.dae
[1.805s] -- Symlinking: /home/newton/autonomous-robots/clearpath_workspace/install/clearpath_sensors_description/share/clearpath_sensors_description/meshes/ouster/os1_fins.dae
[1.818s] -- Symlinking: /home/newton/autonomous-robots/clearpath_workspace/install/clearpath_sensors_description/share/clearpath_sensors_description/meshes/ouster/os1_halo.dae
[1.831s] -- Symlinking: /home/newton/autonomous-robots/clearpath_workspace/install/clearpath_sensors_description/share/clearpath_sensors_description/meshes/ouster/os1_lidar.dae
[1.849s] -- Symlinking: /home/newton/autonomous-robots/clearpath_workspace/install/clearpath_sensors_description/share/clearpath_sensors_description/meshes/sick_lms1xx_collision.stl
[1.875s] -- Symlinking: /home/newton/autonomous-robots/clearpath_workspace/install/clearpath_sensors_description/share/clearpath_sensors_description/meshes/sick_lms1xx_small.dae
[1.894s] -- Symlinking: /home/newton/autonomous-robots/clearpath_workspace/install/clearpath_sensors_description/share/clearpath_sensors_description/meshes/swift_antenna.stl
[1.914s] -- Symlinking: /home/newton/autonomous-robots/clearpath_workspace/install/clearpath_sensors_description/share/clearpath_sensors_description/urdf/axis/axis_dome_fixed.urdf.xacro
[1.931s] -- Symlinking: /home/newton/autonomous-robots/clearpath_workspace/install/clearpath_sensors_description/share/clearpath_sensors_description/urdf/axis/axis_dome_ptz.urdf.xacro
[1.950s] -- Symlinking: /home/newton/autonomous-robots/clearpath_workspace/install/clearpath_sensors_description/share/clearpath_sensors_description/urdf/axis/axis_q62.urdf.xacro
[1.977s] -- Symlinking: /home/newton/autonomous-robots/clearpath_workspace/install/clearpath_sensors_description/share/clearpath_sensors_description/urdf/axis_camera.urdf.xacro
[1.993s] -- Symlinking: /home/newton/autonomous-robots/clearpath_workspace/install/clearpath_sensors_description/share/clearpath_sensors_description/urdf/chrobotics_um6.urdf.xacro
[2.013s] -- Symlinking: /home/newton/autonomous-robots/clearpath_workspace/install/clearpath_sensors_description/share/clearpath_sensors_description/urdf/flir_blackfly.urdf.xacro
[2.034s] -- Symlinking: /home/newton/autonomous-robots/clearpath_workspace/install/clearpath_sensors_description/share/clearpath_sensors_description/urdf/garmin_18x.urdf.xacro
[2.049s] -- Symlinking: /home/newton/autonomous-robots/clearpath_workspace/install/clearpath_sensors_description/share/clearpath_sensors_description/urdf/hokuyo_ust.urdf.xacro
[2.066s] -- Symlinking: /home/newton/autonomous-robots/clearpath_workspace/install/clearpath_sensors_description/share/clearpath_sensors_description/urdf/intel_realsense.urdf.xacro
[2.087s] -- Symlinking: /home/newton/autonomous-robots/clearpath_workspace/install/clearpath_sensors_description/share/clearpath_sensors_description/urdf/luxonis_oakd.urdf.xacro
[2.101s] -- Symlinking: /home/newton/autonomous-robots/clearpath_workspace/install/clearpath_sensors_description/share/clearpath_sensors_description/urdf/microstrain_gq7.urdf.xacro
[2.123s] -- Symlinking: /home/newton/autonomous-robots/clearpath_workspace/install/clearpath_sensors_description/share/clearpath_sensors_description/urdf/microstrain_imu.urdf.xacro
[2.142s] -- Symlinking: /home/newton/autonomous-robots/clearpath_workspace/install/clearpath_sensors_description/share/clearpath_sensors_description/urdf/novatel_smart6.urdf.xacro
[2.174s] -- Symlinking: /home/newton/autonomous-robots/clearpath_workspace/install/clearpath_sensors_description/share/clearpath_sensors_description/urdf/novatel_smart7.urdf.xacro
[2.206s] -- Symlinking: /home/newton/autonomous-robots/clearpath_workspace/install/clearpath_sensors_description/share/clearpath_sensors_description/urdf/ouster_os1.urdf.xacro
[2.242s] -- Symlinking: /home/newton/autonomous-robots/clearpath_workspace/install/clearpath_sensors_description/share/clearpath_sensors_description/urdf/phidgets_spatial.urdf.xacro
[2.265s] -- Symlinking: /home/newton/autonomous-robots/clearpath_workspace/install/clearpath_sensors_description/share/clearpath_sensors_description/urdf/redshift_um7.urdf.xacro
[2.291s] -- Symlinking: /home/newton/autonomous-robots/clearpath_workspace/install/clearpath_sensors_description/share/clearpath_sensors_description/urdf/sick_lms1xx.urdf.xacro
[2.306s] -- Symlinking: /home/newton/autonomous-robots/clearpath_workspace/install/clearpath_sensors_description/share/clearpath_sensors_description/urdf/stereolabs_zed.urdf.xacro
[2.321s] -- Symlinking: /home/newton/autonomous-robots/clearpath_workspace/install/clearpath_sensors_description/share/clearpath_sensors_description/urdf/swiftnav_duro.urdf.xacro
[2.340s] -- Symlinking: /home/newton/autonomous-robots/clearpath_workspace/install/clearpath_sensors_description/share/clearpath_sensors_description/urdf/velodyne_lidar.urdf.xacro
[2.358s] -- Symlinking: /home/newton/autonomous-robots/clearpath_workspace/install/clearpath_sensors_description/share/ament_index/resource_index/package_run_dependencies/clearpath_sensors_description
[2.385s] -- Symlinking: /home/newton/autonomous-robots/clearpath_workspace/install/clearpath_sensors_description/share/ament_index/resource_index/parent_prefix_path/clearpath_sensors_description
[2.406s] -- Symlinking: /home/newton/autonomous-robots/clearpath_workspace/install/clearpath_sensors_description/share/clearpath_sensors_description/environment/ament_prefix_path.sh
[2.439s] -- Symlinking: /home/newton/autonomous-robots/clearpath_workspace/install/clearpath_sensors_description/share/clearpath_sensors_description/environment/ament_prefix_path.dsv
[2.458s] -- Symlinking: /home/newton/autonomous-robots/clearpath_workspace/install/clearpath_sensors_description/share/clearpath_sensors_description/environment/path.sh
[2.483s] -- Symlinking: /home/newton/autonomous-robots/clearpath_workspace/install/clearpath_sensors_description/share/clearpath_sensors_description/environment/path.dsv
[2.500s] -- Symlinking: /home/newton/autonomous-robots/clearpath_workspace/install/clearpath_sensors_description/share/clearpath_sensors_description/local_setup.bash
[2.516s] -- Symlinking: /home/newton/autonomous-robots/clearpath_workspace/install/clearpath_sensors_description/share/clearpath_sensors_description/local_setup.sh
[2.538s] -- Symlinking: /home/newton/autonomous-robots/clearpath_workspace/install/clearpath_sensors_description/share/clearpath_sensors_description/local_setup.zsh
[2.558s] -- Symlinking: /home/newton/autonomous-robots/clearpath_workspace/install/clearpath_sensors_description/share/clearpath_sensors_description/local_setup.dsv
[2.573s] -- Symlinking: /home/newton/autonomous-robots/clearpath_workspace/install/clearpath_sensors_description/share/clearpath_sensors_description/package.dsv
[2.591s] -- Symlinking: /home/newton/autonomous-robots/clearpath_workspace/install/clearpath_sensors_description/share/ament_index/resource_index/packages/clearpath_sensors_description
[2.607s] -- Symlinking: /home/newton/autonomous-robots/clearpath_workspace/install/clearpath_sensors_description/share/clearpath_sensors_description/cmake/clearpath_sensors_descriptionConfig.cmake
[2.624s] -- Symlinking: /home/newton/autonomous-robots/clearpath_workspace/install/clearpath_sensors_description/share/clearpath_sensors_description/cmake/clearpath_sensors_descriptionConfig-version.cmake
[2.639s] -- Symlinking: /home/newton/autonomous-robots/clearpath_workspace/install/clearpath_sensors_description/share/clearpath_sensors_description/package.xml
[2.672s] Invoked command in '/home/newton/autonomous-robots/clearpath_workspace/build/clearpath_sensors_description' returned '0': CMAKE_PREFIX_PATH=/opt/ros/humble /usr/bin/cmake --install /home/newton/autonomous-robots/clearpath_workspace/build/clearpath_sensors_description
