[1.701s] Invoking command in '/home/newton/autonomous-robots/clearpath_workspace/build/clearpath_config': PYTHONPATH=/home/newton/autonomous-robots/clearpath_workspace/build/clearpath_config/prefix_override:/usr/lib/python3/dist-packages/colcon_core/task/python/colcon_distutils_commands:/home/newton/autonomous-robots/clearpath_workspace/install/clearpath_config/lib/python3.10/site-packages:${PYTHONPATH} /usr/bin/python3 -W ignore:setup.py install is deprecated -W ignore:easy_install command is deprecated setup.py develop --editable --build-directory /home/newton/autonomous-robots/clearpath_workspace/build/clearpath_config/build --no-deps symlink_data
[2.470s] running develop
[2.829s] running egg_info
[2.829s] creating clearpath_config.egg-info
[2.829s] writing clearpath_config.egg-info/PKG-INFO
[2.829s] writing dependency_links to clearpath_config.egg-info/dependency_links.txt
[2.829s] writing requirements to clearpath_config.egg-info/requires.txt
[2.829s] writing top-level names to clearpath_config.egg-info/top_level.txt
[2.830s] writing manifest file 'clearpath_config.egg-info/SOURCES.txt'
[2.833s] package init file 'clearpath_config/manipulators/types/__init__.py' not found (or not a regular file)
[2.837s] reading manifest file 'clearpath_config.egg-info/SOURCES.txt'
[2.840s] writing manifest file 'clearpath_config.egg-info/SOURCES.txt'
[2.842s] running build_ext
[2.842s] Creating /home/newton/autonomous-robots/clearpath_workspace/install/clearpath_config/lib/python3.10/site-packages/clearpath-config.egg-link (link to .)
[2.844s] 
[2.844s] Installed /home/newton/autonomous-robots/clearpath_workspace/build/clearpath_config
[2.845s] running symlink_data
[2.845s] creating /home/newton/autonomous-robots/clearpath_workspace/install/clearpath_config/share/ament_index
[2.845s] creating /home/newton/autonomous-robots/clearpath_workspace/install/clearpath_config/share/ament_index/resource_index
[2.845s] creating /home/newton/autonomous-robots/clearpath_workspace/install/clearpath_config/share/ament_index/resource_index/packages
[2.846s] symbolically linking /home/newton/autonomous-robots/clearpath_workspace/build/clearpath_config/resource/clearpath_config -> /home/newton/autonomous-robots/clearpath_workspace/install/clearpath_config/share/ament_index/resource_index/packages
[2.847s] symbolically linking /home/newton/autonomous-robots/clearpath_workspace/build/clearpath_config/package.xml -> /home/newton/autonomous-robots/clearpath_workspace/install/clearpath_config/share/clearpath_config
[2.847s] creating /home/newton/autonomous-robots/clearpath_workspace/install/clearpath_config/share/clearpath_config/sample
[2.847s] symbolically linking /home/newton/autonomous-robots/clearpath_workspace/build/clearpath_config/clearpath_config/sample/a200/a200_default.yaml -> /home/newton/autonomous-robots/clearpath_workspace/install/clearpath_config/share/clearpath_config/sample
[2.847s] symbolically linking /home/newton/autonomous-robots/clearpath_workspace/build/clearpath_config/clearpath_config/sample/a200/a200_dual_laser.yaml -> /home/newton/autonomous-robots/clearpath_workspace/install/clearpath_config/share/clearpath_config/sample
[2.847s] symbolically linking /home/newton/autonomous-robots/clearpath_workspace/build/clearpath_config/clearpath_config/sample/a200/a200_sample.yaml -> /home/newton/autonomous-robots/clearpath_workspace/install/clearpath_config/share/clearpath_config/sample
[2.848s] symbolically linking /home/newton/autonomous-robots/clearpath_workspace/build/clearpath_config/clearpath_config/sample/a200/a200_outline.yaml -> /home/newton/autonomous-robots/clearpath_workspace/install/clearpath_config/share/clearpath_config/sample
[2.848s] symbolically linking /home/newton/autonomous-robots/clearpath_workspace/build/clearpath_config/clearpath_config/sample/a200/a200_velodyne.yaml -> /home/newton/autonomous-robots/clearpath_workspace/install/clearpath_config/share/clearpath_config/sample
[2.848s] symbolically linking /home/newton/autonomous-robots/clearpath_workspace/build/clearpath_config/clearpath_config/sample/j100/j100_default.yaml -> /home/newton/autonomous-robots/clearpath_workspace/install/clearpath_config/share/clearpath_config/sample
[2.850s] symbolically linking /home/newton/autonomous-robots/clearpath_workspace/build/clearpath_config/clearpath_config/sample/j100/j100_dual_laser.yaml -> /home/newton/autonomous-robots/clearpath_workspace/install/clearpath_config/share/clearpath_config/sample
[2.850s] symbolically linking /home/newton/autonomous-robots/clearpath_workspace/build/clearpath_config/clearpath_config/sample/j100/j100_sample.yaml -> /home/newton/autonomous-robots/clearpath_workspace/install/clearpath_config/share/clearpath_config/sample
[2.850s] symbolically linking /home/newton/autonomous-robots/clearpath_workspace/build/clearpath_config/clearpath_config/sample/j100/j100_velodyne.yaml -> /home/newton/autonomous-robots/clearpath_workspace/install/clearpath_config/share/clearpath_config/sample
[2.850s] symbolically linking /home/newton/autonomous-robots/clearpath_workspace/build/clearpath_config/clearpath_config/sample/j100/j100_outline.yaml -> /home/newton/autonomous-robots/clearpath_workspace/install/clearpath_config/share/clearpath_config/sample
[2.850s] symbolically linking /home/newton/autonomous-robots/clearpath_workspace/build/clearpath_config/clearpath_config/sample/j100/j100_microstrain_gq7.yaml -> /home/newton/autonomous-robots/clearpath_workspace/install/clearpath_config/share/clearpath_config/sample
[2.850s] symbolically linking /home/newton/autonomous-robots/clearpath_workspace/build/clearpath_config/clearpath_config/sample/w200/w200_default.yaml -> /home/newton/autonomous-robots/clearpath_workspace/install/clearpath_config/share/clearpath_config/sample
[2.850s] symbolically linking /home/newton/autonomous-robots/clearpath_workspace/build/clearpath_config/clearpath_config/sample/w200/w200_outline.yaml -> /home/newton/autonomous-robots/clearpath_workspace/install/clearpath_config/share/clearpath_config/sample
[2.850s] symbolically linking /home/newton/autonomous-robots/clearpath_workspace/build/clearpath_config/clearpath_config/sample/w200/w200_dual_laser.yaml -> /home/newton/autonomous-robots/clearpath_workspace/install/clearpath_config/share/clearpath_config/sample
[2.851s] symbolically linking /home/newton/autonomous-robots/clearpath_workspace/build/clearpath_config/clearpath_config/sample/w200/w200_velodyne.yaml -> /home/newton/autonomous-robots/clearpath_workspace/install/clearpath_config/share/clearpath_config/sample
[2.851s] symbolically linking /home/newton/autonomous-robots/clearpath_workspace/build/clearpath_config/clearpath_config/sample/dd150/dd150_outline.yaml -> /home/newton/autonomous-robots/clearpath_workspace/install/clearpath_config/share/clearpath_config/sample
[2.852s] symbolically linking /home/newton/autonomous-robots/clearpath_workspace/build/clearpath_config/clearpath_config/sample/dd150/dd150_dual_laser.yaml -> /home/newton/autonomous-robots/clearpath_workspace/install/clearpath_config/share/clearpath_config/sample
[2.852s] symbolically linking /home/newton/autonomous-robots/clearpath_workspace/build/clearpath_config/clearpath_config/sample/dd150/dd150_velodyne.yaml -> /home/newton/autonomous-robots/clearpath_workspace/install/clearpath_config/share/clearpath_config/sample
[2.852s] symbolically linking /home/newton/autonomous-robots/clearpath_workspace/build/clearpath_config/clearpath_config/sample/dd150/dd150_default.yaml -> /home/newton/autonomous-robots/clearpath_workspace/install/clearpath_config/share/clearpath_config/sample
[2.852s] symbolically linking /home/newton/autonomous-robots/clearpath_workspace/build/clearpath_config/clearpath_config/sample/dd100/dd100_dual_laser.yaml -> /home/newton/autonomous-robots/clearpath_workspace/install/clearpath_config/share/clearpath_config/sample
[2.853s] symbolically linking /home/newton/autonomous-robots/clearpath_workspace/build/clearpath_config/clearpath_config/sample/dd100/dd100_velodyne.yaml -> /home/newton/autonomous-robots/clearpath_workspace/install/clearpath_config/share/clearpath_config/sample
[2.853s] symbolically linking /home/newton/autonomous-robots/clearpath_workspace/build/clearpath_config/clearpath_config/sample/dd100/dd100_default.yaml -> /home/newton/autonomous-robots/clearpath_workspace/install/clearpath_config/share/clearpath_config/sample
[2.853s] symbolically linking /home/newton/autonomous-robots/clearpath_workspace/build/clearpath_config/clearpath_config/sample/dd100/dd100_outline.yaml -> /home/newton/autonomous-robots/clearpath_workspace/install/clearpath_config/share/clearpath_config/sample
[2.854s] symbolically linking /home/newton/autonomous-robots/clearpath_workspace/build/clearpath_config/clearpath_config/sample/r100/r100_outline.yaml -> /home/newton/autonomous-robots/clearpath_workspace/install/clearpath_config/share/clearpath_config/sample
[2.854s] symbolically linking /home/newton/autonomous-robots/clearpath_workspace/build/clearpath_config/clearpath_config/sample/r100/r100_dual_laser.yaml -> /home/newton/autonomous-robots/clearpath_workspace/install/clearpath_config/share/clearpath_config/sample
[2.855s] symbolically linking /home/newton/autonomous-robots/clearpath_workspace/build/clearpath_config/clearpath_config/sample/r100/r100_dual_laser_hokuyo.yaml -> /home/newton/autonomous-robots/clearpath_workspace/install/clearpath_config/share/clearpath_config/sample
[2.855s] symbolically linking /home/newton/autonomous-robots/clearpath_workspace/build/clearpath_config/clearpath_config/sample/r100/r100_default.yaml -> /home/newton/autonomous-robots/clearpath_workspace/install/clearpath_config/share/clearpath_config/sample
[2.855s] symbolically linking /home/newton/autonomous-robots/clearpath_workspace/build/clearpath_config/clearpath_config/sample/do100/do100_outline.yaml -> /home/newton/autonomous-robots/clearpath_workspace/install/clearpath_config/share/clearpath_config/sample
[2.856s] symbolically linking /home/newton/autonomous-robots/clearpath_workspace/build/clearpath_config/clearpath_config/sample/do100/do100_default.yaml -> /home/newton/autonomous-robots/clearpath_workspace/install/clearpath_config/share/clearpath_config/sample
[2.857s] symbolically linking /home/newton/autonomous-robots/clearpath_workspace/build/clearpath_config/clearpath_config/sample/do100/do100_velodyne.yaml -> /home/newton/autonomous-robots/clearpath_workspace/install/clearpath_config/share/clearpath_config/sample
[2.857s] symbolically linking /home/newton/autonomous-robots/clearpath_workspace/build/clearpath_config/clearpath_config/sample/do100/do100_dual_laser.yaml -> /home/newton/autonomous-robots/clearpath_workspace/install/clearpath_config/share/clearpath_config/sample
[2.857s] symbolically linking /home/newton/autonomous-robots/clearpath_workspace/build/clearpath_config/clearpath_config/sample/do150/do150_dual_laser.yaml -> /home/newton/autonomous-robots/clearpath_workspace/install/clearpath_config/share/clearpath_config/sample
[2.857s] symbolically linking /home/newton/autonomous-robots/clearpath_workspace/build/clearpath_config/clearpath_config/sample/do150/do150_outline.yaml -> /home/newton/autonomous-robots/clearpath_workspace/install/clearpath_config/share/clearpath_config/sample
[2.858s] symbolically linking /home/newton/autonomous-robots/clearpath_workspace/build/clearpath_config/clearpath_config/sample/do150/do150_velodyne.yaml -> /home/newton/autonomous-robots/clearpath_workspace/install/clearpath_config/share/clearpath_config/sample
[2.858s] symbolically linking /home/newton/autonomous-robots/clearpath_workspace/build/clearpath_config/clearpath_config/sample/do150/do150_default.yaml -> /home/newton/autonomous-robots/clearpath_workspace/install/clearpath_config/share/clearpath_config/sample
[2.930s] Invoked command in '/home/newton/autonomous-robots/clearpath_workspace/build/clearpath_config' returned '0': PYTHONPATH=/home/newton/autonomous-robots/clearpath_workspace/build/clearpath_config/prefix_override:/usr/lib/python3/dist-packages/colcon_core/task/python/colcon_distutils_commands:/home/newton/autonomous-robots/clearpath_workspace/install/clearpath_config/lib/python3.10/site-packages:${PYTHONPATH} /usr/bin/python3 -W ignore:setup.py install is deprecated -W ignore:easy_install command is deprecated setup.py develop --editable --build-directory /home/newton/autonomous-robots/clearpath_workspace/build/clearpath_config/build --no-deps symlink_data
