[0.913s] Invoking command in '/home/boole/autonomous-robots/HW1/ar_hw1': PYTHONPATH=/home/boole/autonomous-robots/HW1/build/ar_hw1/prefix_override:/usr/lib/python3/dist-packages/colcon_core/task/python/colcon_distutils_commands:/home/boole/autonomous-robots/HW1/install/ar_hw1/lib/python3.10/site-packages:${PYTHONPATH} /usr/bin/python3 -W ignore:setup.py install is deprecated -W ignore:easy_install command is deprecated setup.py egg_info --egg-base ../build/ar_hw1 build --build-base /home/boole/autonomous-robots/HW1/build/ar_hw1/build install --record /home/boole/autonomous-robots/HW1/build/ar_hw1/install.log --single-version-externally-managed install_data
[1.308s] running egg_info
[1.309s] writing ../build/ar_hw1/ar_hw1.egg-info/PKG-INFO
[1.309s] writing dependency_links to ../build/ar_hw1/ar_hw1.egg-info/dependency_links.txt
[1.310s] writing entry points to ../build/ar_hw1/ar_hw1.egg-info/entry_points.txt
[1.310s] writing requirements to ../build/ar_hw1/ar_hw1.egg-info/requires.txt
[1.310s] writing top-level names to ../build/ar_hw1/ar_hw1.egg-info/top_level.txt
[1.312s] reading manifest file '../build/ar_hw1/ar_hw1.egg-info/SOURCES.txt'
[1.314s] writing manifest file '../build/ar_hw1/ar_hw1.egg-info/SOURCES.txt'
[1.314s] running build
[1.314s] running build_py
[1.314s] copying ar_hw1/face_detector.py -> /home/boole/autonomous-robots/HW1/build/ar_hw1/build/lib/ar_hw1
[1.315s] running install
[1.315s] running install_lib
[1.316s] copying /home/boole/autonomous-robots/HW1/build/ar_hw1/build/lib/ar_hw1/face_detector.py -> /home/boole/autonomous-robots/HW1/install/ar_hw1/lib/python3.10/site-packages/ar_hw1
[1.317s] byte-compiling /home/boole/autonomous-robots/HW1/install/ar_hw1/lib/python3.10/site-packages/ar_hw1/face_detector.py to face_detector.cpython-310.pyc
[1.318s] running install_data
[1.318s] running install_egg_info
[1.320s] removing '/home/boole/autonomous-robots/HW1/install/ar_hw1/lib/python3.10/site-packages/ar_hw1-0.0.0-py3.10.egg-info' (and everything under it)
[1.321s] Copying ../build/ar_hw1/ar_hw1.egg-info to /home/boole/autonomous-robots/HW1/install/ar_hw1/lib/python3.10/site-packages/ar_hw1-0.0.0-py3.10.egg-info
[1.322s] running install_scripts
[1.353s] Installing face_detector script to /home/boole/autonomous-robots/HW1/install/ar_hw1/lib/ar_hw1
[1.353s] writing list of installed files to '/home/boole/autonomous-robots/HW1/build/ar_hw1/install.log'
[1.387s] Invoked command in '/home/boole/autonomous-robots/HW1/ar_hw1' returned '0': PYTHONPATH=/home/boole/autonomous-robots/HW1/build/ar_hw1/prefix_override:/usr/lib/python3/dist-packages/colcon_core/task/python/colcon_distutils_commands:/home/boole/autonomous-robots/HW1/install/ar_hw1/lib/python3.10/site-packages:${PYTHONPATH} /usr/bin/python3 -W ignore:setup.py install is deprecated -W ignore:easy_install command is deprecated setup.py egg_info --egg-base ../build/ar_hw1 build --build-base /home/boole/autonomous-robots/HW1/build/ar_hw1/build install --record /home/boole/autonomous-robots/HW1/build/ar_hw1/install.log --single-version-externally-managed install_data
