[0.152s] DEBUG:colcon:Command line arguments: ['/usr/bin/colcon', 'build']
[0.152s] DEBUG:colcon:Parsed command line arguments: Namespace(log_base=None, log_level=None, verb_name='build', build_base='build', install_base='install', merge_install=False, symlink_install=False, test_result_base=None, continue_on_error=False, executor='parallel', parallel_workers=8, event_handlers=None, ignore_user_meta=False, metas=['./colcon.meta'], base_paths=['.'], packages_ignore=None, packages_ignore_regex=None, paths=None, packages_up_to=None, packages_up_to_regex=None, packages_above=None, packages_above_and_dependencies=None, packages_above_depth=None, packages_select_by_dep=None, packages_skip_by_dep=None, packages_skip_up_to=None, packages_select_build_failed=False, packages_skip_build_finished=False, packages_select_test_failures=False, packages_skip_test_passed=False, packages_select=None, packages_skip=None, packages_select_regex=None, packages_skip_regex=None, packages_start=None, packages_end=None, allow_overriding=[], cmake_args=None, cmake_target=None, cmake_target_skip_unavailable=False, cmake_clean_cache=False, cmake_clean_first=False, cmake_force_configure=False, ament_cmake_args=None, catkin_cmake_args=None, catkin_skip_building_tests=False, mixin_files=None, mixin=None, verb_parser=<colcon_mixin.mixin.mixin_argument.MixinArgumentDecorator object at 0x70859c0e13f0>, verb_extension=<colcon_core.verb.build.BuildVerb object at 0x70859c0e0e20>, main=<bound method BuildVerb.main of <colcon_core.verb.build.BuildVerb object at 0x70859c0e0e20>>, mixin_verb=('build',))
[0.406s] Level 1:colcon.colcon_core.package_discovery:discover_packages(colcon_meta) check parameters
[0.406s] Level 1:colcon.colcon_core.package_discovery:discover_packages(recursive) check parameters
[0.406s] Level 1:colcon.colcon_core.package_discovery:discover_packages(ignore) check parameters
[0.406s] Level 1:colcon.colcon_core.package_discovery:discover_packages(path) check parameters
[0.406s] Level 1:colcon.colcon_core.package_discovery:discover_packages(colcon_meta) discover
[0.406s] Level 1:colcon.colcon_core.package_discovery:discover_packages(recursive) discover
[0.406s] INFO:colcon.colcon_core.package_discovery:Crawling recursively for packages in '/home/boole/autonomous-robots/HW1'
[0.406s] Level 1:colcon.colcon_core.package_identification:_identify(.) by extensions ['ignore', 'ignore_ament_install']
[0.407s] Level 1:colcon.colcon_core.package_identification:_identify(.) by extension 'ignore'
[0.407s] Level 1:colcon.colcon_core.package_identification:_identify(.) by extension 'ignore_ament_install'
[0.407s] Level 1:colcon.colcon_core.package_identification:_identify(.) by extensions ['colcon_pkg']
[0.407s] Level 1:colcon.colcon_core.package_identification:_identify(.) by extension 'colcon_pkg'
[0.407s] Level 1:colcon.colcon_core.package_identification:_identify(.) by extensions ['colcon_meta']
[0.407s] Level 1:colcon.colcon_core.package_identification:_identify(.) by extension 'colcon_meta'
[0.407s] Level 1:colcon.colcon_core.package_identification:_identify(.) by extensions ['ros']
[0.407s] Level 1:colcon.colcon_core.package_identification:_identify(.) by extension 'ros'
[0.421s] Level 1:colcon.colcon_core.package_identification:_identify(.) by extensions ['cmake', 'python']
[0.421s] Level 1:colcon.colcon_core.package_identification:_identify(.) by extension 'cmake'
[0.422s] Level 1:colcon.colcon_core.package_identification:_identify(.) by extension 'python'
[0.422s] Level 1:colcon.colcon_core.package_identification:_identify(.) by extensions ['python_setup_py']
[0.422s] Level 1:colcon.colcon_core.package_identification:_identify(.) by extension 'python_setup_py'
[0.422s] Level 1:colcon.colcon_core.package_identification:_identify(ar_hw1) by extensions ['ignore', 'ignore_ament_install']
[0.422s] Level 1:colcon.colcon_core.package_identification:_identify(ar_hw1) by extension 'ignore'
[0.422s] Level 1:colcon.colcon_core.package_identification:_identify(ar_hw1) by extension 'ignore_ament_install'
[0.422s] Level 1:colcon.colcon_core.package_identification:_identify(ar_hw1) by extensions ['colcon_pkg']
[0.422s] Level 1:colcon.colcon_core.package_identification:_identify(ar_hw1) by extension 'colcon_pkg'
[0.422s] Level 1:colcon.colcon_core.package_identification:_identify(ar_hw1) by extensions ['colcon_meta']
[0.422s] Level 1:colcon.colcon_core.package_identification:_identify(ar_hw1) by extension 'colcon_meta'
[0.422s] Level 1:colcon.colcon_core.package_identification:_identify(ar_hw1) by extensions ['ros']
[0.422s] Level 1:colcon.colcon_core.package_identification:_identify(ar_hw1) by extension 'ros'
[0.426s] DEBUG:colcon.colcon_core.package_identification:Package 'ar_hw1' with type 'ros.ament_python' and name 'ar_hw1'
[0.426s] Level 1:colcon.colcon_core.package_identification:_identify(build) by extensions ['ignore', 'ignore_ament_install']
[0.427s] Level 1:colcon.colcon_core.package_identification:_identify(build) by extension 'ignore'
[0.427s] Level 1:colcon.colcon_core.package_identification:_identify(build) ignored
[0.427s] Level 1:colcon.colcon_core.package_identification:_identify(install) by extensions ['ignore', 'ignore_ament_install']
[0.427s] Level 1:colcon.colcon_core.package_identification:_identify(install) by extension 'ignore'
[0.427s] Level 1:colcon.colcon_core.package_identification:_identify(install) ignored
[0.427s] Level 1:colcon.colcon_core.package_identification:_identify(log) by extensions ['ignore', 'ignore_ament_install']
[0.427s] Level 1:colcon.colcon_core.package_identification:_identify(log) by extension 'ignore'
[0.427s] Level 1:colcon.colcon_core.package_identification:_identify(log) ignored
[0.427s] Level 1:colcon.colcon_core.package_discovery:discover_packages(recursive) using defaults
[0.427s] Level 1:colcon.colcon_core.package_discovery:discover_packages(ignore) discover
[0.427s] Level 1:colcon.colcon_core.package_discovery:discover_packages(ignore) using defaults
[0.428s] Level 1:colcon.colcon_core.package_discovery:discover_packages(path) discover
[0.428s] Level 1:colcon.colcon_core.package_discovery:discover_packages(path) using defaults
[0.466s] Level 1:colcon.colcon_core.package_discovery:discover_packages(prefix_path) check parameters
[0.466s] Level 1:colcon.colcon_core.package_discovery:discover_packages(prefix_path) discover
[0.468s] DEBUG:colcon.colcon_installed_package_information.package_discovery:Found 1 installed packages in /home/boole/autonomous-robots/HW1/install
[0.470s] DEBUG:colcon.colcon_installed_package_information.package_discovery:Found 302 installed packages in /opt/ros/humble
[0.473s] Level 1:colcon.colcon_core.package_discovery:discover_packages(prefix_path) using defaults
[0.539s] Level 5:colcon.colcon_core.verb:set package 'ar_hw1' build argument 'cmake_args' from command line to 'None'
[0.539s] Level 5:colcon.colcon_core.verb:set package 'ar_hw1' build argument 'cmake_target' from command line to 'None'
[0.539s] Level 5:colcon.colcon_core.verb:set package 'ar_hw1' build argument 'cmake_target_skip_unavailable' from command line to 'False'
[0.539s] Level 5:colcon.colcon_core.verb:set package 'ar_hw1' build argument 'cmake_clean_cache' from command line to 'False'
[0.539s] Level 5:colcon.colcon_core.verb:set package 'ar_hw1' build argument 'cmake_clean_first' from command line to 'False'
[0.540s] Level 5:colcon.colcon_core.verb:set package 'ar_hw1' build argument 'cmake_force_configure' from command line to 'False'
[0.540s] Level 5:colcon.colcon_core.verb:set package 'ar_hw1' build argument 'ament_cmake_args' from command line to 'None'
[0.540s] Level 5:colcon.colcon_core.verb:set package 'ar_hw1' build argument 'catkin_cmake_args' from command line to 'None'
[0.540s] Level 5:colcon.colcon_core.verb:set package 'ar_hw1' build argument 'catkin_skip_building_tests' from command line to 'False'
[0.540s] DEBUG:colcon.colcon_core.verb:Building package 'ar_hw1' with the following arguments: {'ament_cmake_args': None, 'build_base': '/home/boole/autonomous-robots/HW1/build/ar_hw1', 'catkin_cmake_args': None, 'catkin_skip_building_tests': False, 'cmake_args': None, 'cmake_clean_cache': False, 'cmake_clean_first': False, 'cmake_force_configure': False, 'cmake_target': None, 'cmake_target_skip_unavailable': False, 'install_base': '/home/boole/autonomous-robots/HW1/install/ar_hw1', 'merge_install': False, 'path': '/home/boole/autonomous-robots/HW1/ar_hw1', 'symlink_install': False, 'test_result_base': None}
[0.540s] INFO:colcon.colcon_core.executor:Executing jobs using 'parallel' executor
[0.542s] DEBUG:colcon.colcon_parallel_executor.executor.parallel:run_until_complete
[0.542s] INFO:colcon.colcon_ros.task.ament_python.build:Building ROS package in '/home/boole/autonomous-robots/HW1/ar_hw1' with build type 'ament_python'
[0.542s] Level 1:colcon.colcon_core.shell:create_environment_hook('ar_hw1', 'ament_prefix_path')
[0.545s] INFO:colcon.colcon_core.plugin_system:Skipping extension 'colcon_core.shell.bat': Not used on non-Windows systems
[0.545s] INFO:colcon.colcon_core.shell:Creating environment hook '/home/boole/autonomous-robots/HW1/install/ar_hw1/share/ar_hw1/hook/ament_prefix_path.ps1'
[0.546s] INFO:colcon.colcon_core.shell:Creating environment descriptor '/home/boole/autonomous-robots/HW1/install/ar_hw1/share/ar_hw1/hook/ament_prefix_path.dsv'
[0.546s] INFO:colcon.colcon_core.shell:Creating environment hook '/home/boole/autonomous-robots/HW1/install/ar_hw1/share/ar_hw1/hook/ament_prefix_path.sh'
[0.547s] INFO:colcon.colcon_core.shell:Skip shell extension 'powershell' for command environment: Not usable outside of PowerShell
[0.547s] DEBUG:colcon.colcon_core.shell:Skip shell extension 'dsv' for command environment
[0.949s] INFO:colcon.colcon_core.task.python.build:Building Python package in '/home/boole/autonomous-robots/HW1/ar_hw1'
[0.949s] INFO:colcon.colcon_core.shell:Skip shell extension 'powershell' for command environment: Not usable outside of PowerShell
[0.949s] DEBUG:colcon.colcon_core.shell:Skip shell extension 'dsv' for command environment
[1.440s] DEBUG:colcon.colcon_core.event_handler.log_command:Invoking command in '/home/boole/autonomous-robots/HW1/ar_hw1': PYTHONPATH=/home/boole/autonomous-robots/HW1/build/ar_hw1/prefix_override:/usr/lib/python3/dist-packages/colcon_core/task/python/colcon_distutils_commands:/home/boole/autonomous-robots/HW1/install/ar_hw1/lib/python3.10/site-packages:${PYTHONPATH} /usr/bin/python3 -W ignore:setup.py install is deprecated -W ignore:easy_install command is deprecated setup.py egg_info --egg-base ../build/ar_hw1 build --build-base /home/boole/autonomous-robots/HW1/build/ar_hw1/build install --record /home/boole/autonomous-robots/HW1/build/ar_hw1/install.log --single-version-externally-managed install_data
[1.890s] DEBUG:colcon.colcon_core.event_handler.log_command:Invoked command in '/home/boole/autonomous-robots/HW1/ar_hw1' returned '0': PYTHONPATH=/home/boole/autonomous-robots/HW1/build/ar_hw1/prefix_override:/usr/lib/python3/dist-packages/colcon_core/task/python/colcon_distutils_commands:/home/boole/autonomous-robots/HW1/install/ar_hw1/lib/python3.10/site-packages:${PYTHONPATH} /usr/bin/python3 -W ignore:setup.py install is deprecated -W ignore:easy_install command is deprecated setup.py egg_info --egg-base ../build/ar_hw1 build --build-base /home/boole/autonomous-robots/HW1/build/ar_hw1/build install --record /home/boole/autonomous-robots/HW1/build/ar_hw1/install.log --single-version-externally-managed install_data
[1.897s] Level 1:colcon.colcon_core.environment:checking '/home/boole/autonomous-robots/HW1/install/ar_hw1' for CMake module files
[1.899s] Level 1:colcon.colcon_core.environment:checking '/home/boole/autonomous-robots/HW1/install/ar_hw1' for CMake config files
[1.901s] Level 1:colcon.colcon_core.environment:checking '/home/boole/autonomous-robots/HW1/install/ar_hw1/lib'
[1.902s] Level 1:colcon.colcon_core.environment:checking '/home/boole/autonomous-robots/HW1/install/ar_hw1/bin'
[1.902s] Level 1:colcon.colcon_core.environment:checking '/home/boole/autonomous-robots/HW1/install/ar_hw1/lib/pkgconfig/ar_hw1.pc'
[1.902s] Level 1:colcon.colcon_core.environment:checking '/home/boole/autonomous-robots/HW1/install/ar_hw1/lib/python3.10/site-packages'
[1.903s] Level 1:colcon.colcon_core.shell:create_environment_hook('ar_hw1', 'pythonpath')
[1.904s] INFO:colcon.colcon_core.shell:Creating environment hook '/home/boole/autonomous-robots/HW1/install/ar_hw1/share/ar_hw1/hook/pythonpath.ps1'
[1.905s] INFO:colcon.colcon_core.shell:Creating environment descriptor '/home/boole/autonomous-robots/HW1/install/ar_hw1/share/ar_hw1/hook/pythonpath.dsv'
[1.906s] INFO:colcon.colcon_core.shell:Creating environment hook '/home/boole/autonomous-robots/HW1/install/ar_hw1/share/ar_hw1/hook/pythonpath.sh'
[1.908s] Level 1:colcon.colcon_core.environment:checking '/home/boole/autonomous-robots/HW1/install/ar_hw1/bin'
[1.909s] Level 1:colcon.colcon_core.environment:create_environment_scripts_only(ar_hw1)
[1.910s] INFO:colcon.colcon_core.shell:Creating package script '/home/boole/autonomous-robots/HW1/install/ar_hw1/share/ar_hw1/package.ps1'
[1.911s] INFO:colcon.colcon_core.shell:Creating package descriptor '/home/boole/autonomous-robots/HW1/install/ar_hw1/share/ar_hw1/package.dsv'
[1.911s] INFO:colcon.colcon_core.shell:Creating package script '/home/boole/autonomous-robots/HW1/install/ar_hw1/share/ar_hw1/package.sh'
[1.912s] INFO:colcon.colcon_core.shell:Creating package script '/home/boole/autonomous-robots/HW1/install/ar_hw1/share/ar_hw1/package.bash'
[1.913s] INFO:colcon.colcon_core.shell:Creating package script '/home/boole/autonomous-robots/HW1/install/ar_hw1/share/ar_hw1/package.zsh'
[1.914s] Level 1:colcon.colcon_core.environment:create_file_with_runtime_dependencies(/home/boole/autonomous-robots/HW1/install/ar_hw1/share/colcon-core/packages/ar_hw1)
[1.915s] DEBUG:colcon.colcon_parallel_executor.executor.parallel:closing loop
[1.916s] DEBUG:colcon.colcon_parallel_executor.executor.parallel:loop closed
[1.916s] DEBUG:colcon.colcon_parallel_executor.executor.parallel:run_until_complete finished with '0'
[1.916s] DEBUG:colcon.colcon_core.event_reactor:joining thread
[1.938s] INFO:colcon.colcon_core.plugin_system:Skipping extension 'colcon_notification.desktop_notification.terminal_notifier': Not used on non-Darwin systems
[1.938s] INFO:colcon.colcon_core.plugin_system:Skipping extension 'colcon_notification.desktop_notification.win32': Not used on non-Windows systems
[1.938s] INFO:colcon.colcon_notification.desktop_notification:Sending desktop notification using 'notify2'
[1.964s] DEBUG:colcon.colcon_core.event_reactor:joined thread
[1.964s] INFO:colcon.colcon_core.shell:Creating prefix script '/home/boole/autonomous-robots/HW1/install/local_setup.ps1'
[1.966s] INFO:colcon.colcon_core.shell:Creating prefix util module '/home/boole/autonomous-robots/HW1/install/_local_setup_util_ps1.py'
[1.968s] INFO:colcon.colcon_core.shell:Creating prefix chain script '/home/boole/autonomous-robots/HW1/install/setup.ps1'
[1.969s] INFO:colcon.colcon_core.shell:Creating prefix script '/home/boole/autonomous-robots/HW1/install/local_setup.sh'
[1.970s] INFO:colcon.colcon_core.shell:Creating prefix util module '/home/boole/autonomous-robots/HW1/install/_local_setup_util_sh.py'
[1.971s] INFO:colcon.colcon_core.shell:Creating prefix chain script '/home/boole/autonomous-robots/HW1/install/setup.sh'
[1.973s] INFO:colcon.colcon_core.shell:Creating prefix script '/home/boole/autonomous-robots/HW1/install/local_setup.bash'
[1.974s] INFO:colcon.colcon_core.shell:Creating prefix chain script '/home/boole/autonomous-robots/HW1/install/setup.bash'
[1.975s] INFO:colcon.colcon_core.shell:Creating prefix script '/home/boole/autonomous-robots/HW1/install/local_setup.zsh'
[1.976s] INFO:colcon.colcon_core.shell:Creating prefix chain script '/home/boole/autonomous-robots/HW1/install/setup.zsh'
