[0.019s] Invoking command in '/home/newton/autonomous-robots/clearpath_workspace/build/clearpath_generator_common': AMENT_PREFIX_PATH=/home/newton/autonomous-robots/clearpath_workspace/install/clearpath_manipulators:/home/newton/autonomous-robots/clearpath_workspace/install/clearpath_description:/home/newton/autonomous-robots/clearpath_workspace/install/clearpath_sensors_description:/home/newton/autonomous-robots/clearpath_workspace/install/clearpath_platform_description:/home/newton/autonomous-robots/clearpath_workspace/install/clearpath_mounts_description:/home/newton/autonomous-robots/clearpath_workspace/install/clearpath_manipulators_description:/home/newton/autonomous-robots/clearpath_workspace/install/clearpath_control:/home/newton/autonomous-robots/clearpath_workspace/install/clearpath_config:${AMENT_PREFIX_PATH} CMAKE_PREFIX_PATH=/home/newton/autonomous-robots/clearpath_workspace/install/clearpath_manipulators:/home/newton/autonomous-robots/clearpath_workspace/install/clearpath_description:/home/newton/autonomous-robots/clearpath_workspace/install/clearpath_sensors_description:/home/newton/autonomous-robots/clearpath_workspace/install/clearpath_platform_description:/home/newton/autonomous-robots/clearpath_workspace/install/clearpath_mounts_description:/home/newton/autonomous-robots/clearpath_workspace/install/clearpath_manipulators_description:/home/newton/autonomous-robots/clearpath_workspace/install/clearpath_control:/opt/ros/humble PYTHONPATH=/home/newton/autonomous-robots/clearpath_workspace/build/clearpath_config:/home/newton/autonomous-robots/clearpath_workspace/install/clearpath_config/lib/python3.10/site-packages:${PYTHONPATH} /usr/bin/cmake /home/newton/autonomous-robots/clearpath_workspace/src/clearpath_common/clearpath_generator_common -DAMENT_CMAKE_SYMLINK_INSTALL=1 -DCMAKE_INSTALL_PREFIX=/home/newton/autonomous-robots/clearpath_workspace/install/clearpath_generator_common
[0.080s] -- The C compiler identification is GNU 11.4.0
[0.147s] -- The CXX compiler identification is GNU 11.4.0
[0.155s] -- Detecting C compiler ABI info
[0.233s] -- Detecting C compiler ABI info - done
[0.245s] -- Check for working C compiler: /usr/bin/cc - skipped
[0.245s] -- Detecting C compile features
[0.246s] -- Detecting C compile features - done
[0.250s] -- Detecting CXX compiler ABI info
[0.340s] -- Detecting CXX compiler ABI info - done
[0.354s] -- Check for working CXX compiler: /usr/bin/c++ - skipped
[0.354s] -- Detecting CXX compile features
[0.355s] -- Detecting CXX compile features - done
[0.359s] -- Found ament_cmake: 1.3.11 (/opt/ros/humble/share/ament_cmake/cmake)
[0.542s] -- Found Python3: /usr/bin/python3 (found version "3.10.12") found components: Interpreter 
[0.650s] -- Override CMake install command with custom implementation using symlinks instead of copying resources
[0.716s] -- Found moveit_setup_framework: 2.5.8 (/opt/ros/humble/share/moveit_setup_framework/cmake)
[0.781s] -- Found rosidl_generator_c: 3.1.6 (/opt/ros/humble/share/rosidl_generator_c/cmake)
[0.789s] -- Found rosidl_adapter: 3.1.6 (/opt/ros/humble/share/rosidl_adapter/cmake)
[0.801s] -- Found rosidl_generator_cpp: 3.1.6 (/opt/ros/humble/share/rosidl_generator_cpp/cmake)
[0.824s] -- Using all available rosidl_typesupport_c: rosidl_typesupport_fastrtps_c;rosidl_typesupport_introspection_c
[0.848s] -- Using all available rosidl_typesupport_cpp: rosidl_typesupport_fastrtps_cpp;rosidl_typesupport_introspection_cpp
[0.931s] -- Found rmw_implementation_cmake: 6.1.2 (/opt/ros/humble/share/rmw_implementation_cmake/cmake)
[0.938s] -- Found rmw_fastrtps_cpp: 6.2.7 (/opt/ros/humble/share/rmw_fastrtps_cpp/cmake)
[1.067s] -- Found OpenSSL: /usr/lib/x86_64-linux-gnu/libcrypto.so (found version "3.0.2")  
[1.106s] -- Found FastRTPS: /opt/ros/humble/include  
[1.171s] -- Using RMW implementation 'rmw_fastrtps_cpp' as default
[1.190s] -- Looking for pthread.h
[1.347s] -- Looking for pthread.h - found
[1.347s] -- Performing Test CMAKE_HAVE_LIBC_PTHREAD
[1.475s] -- Performing Test CMAKE_HAVE_LIBC_PTHREAD - Success
[1.479s] -- Found Threads: TRUE  
[1.764s] -- Found Boost: /usr/lib/x86_64-linux-gnu/cmake/Boost-1.74.0/BoostConfig.cmake (found version "1.74.0") found components: chrono date_time filesystem iostreams program_options regex serialization system thread 
[1.859s] -- Found parameter_traits: 0.4.0 (/opt/ros/humble/share/parameter_traits/cmake)
[1.874s] -- Found Eigen3: TRUE (found version "3.4.0") 
[1.879s] -- Found rclcpp_lifecycle: 16.0.11 (/opt/ros/humble/share/rclcpp_lifecycle/cmake)
[1.933s] -- Found Boost: /usr/lib/x86_64-linux-gnu/cmake/Boost-1.74.0/BoostConfig.cmake (found version "1.74.0") found components: filesystem 
[2.147s] -- library: /usr/lib/x86_64-linux-gnu/libcurl.so
[2.310s] -- Ensuring Eigen3 include directory is part of orocos-kdl CMake target
[2.947s] -- Found Boost: /usr/lib/x86_64-linux-gnu/cmake/Boost-1.74.0/BoostConfig.cmake (found version "1.74.0") found components: system filesystem date_time program_options thread chrono 
[3.019s] -- Found Boost: /usr/lib/x86_64-linux-gnu/cmake/Boost-1.74.0/BoostConfig.cmake (found version "1.74.0") found components: thread date_time system filesystem 
[3.073s] -- Found Boost: /usr/lib/x86_64-linux-gnu/cmake/Boost-1.74.0/BoostConfig.cmake (found version "1.74.0") found components: date_time filesystem program_options system thread 
[3.105s] -- Found Boost: /usr/lib/x86_64-linux-gnu/cmake/Boost-1.74.0/BoostConfig.cmake (found version "1.74.0") found components: thread system filesystem regex date_time program_options 
[3.156s] -- Found Boost: /usr/lib/x86_64-linux-gnu/cmake/Boost-1.74.0/BoostConfig.cmake (found version "1.74.0") found components: system filesystem date_time program_options thread 
[3.285s] -- Setting OGRE_DIR to: '/opt/ros/humble/share/rviz_ogre_vendor/cmake/../../../opt/rviz_ogre_vendor/lib/OGRE/cmake'
[3.288s] -- Found OGRE
[3.288s] --   static     : OFF
[3.288s] --   components : HLMS;MeshLodGenerator;Overlay;Paging;Property;RTShaderSystem;Terrain;Volume
[3.289s] --   plugins    : Plugin_BSPSceneManager;Plugin_OctreeSceneManager;Plugin_PCZSceneManager;Plugin_ParticleFX;RenderSystem_GL;RenderSystem_GL3Plus;Codec_STBI
[3.289s] --   media      : /opt/ros/humble/opt/rviz_ogre_vendor/share/OGRE/Media
[3.289s] -- OGRE_LIBRARIES: OgreHLMS;OgreMeshLodGenerator;OgreOverlay;OgrePaging;OgreProperty;OgreRTShaderSystem;OgreTerrain;OgreVolume;OgreMain
[3.289s] -- OGRE_LIBRARY_DIRS: /opt/ros/humble/opt/rviz_ogre_vendor/lib
[3.289s] -- OGRE_PLUGINS: Plugin_BSPSceneManager;Plugin_OctreeSceneManager;Plugin_PCZSceneManager;Plugin_ParticleFX;RenderSystem_GL;RenderSystem_GL3Plus;Codec_STBI
[3.289s] -- OGRE_PLUGIN_DIR: /opt/ros/humble/opt/rviz_ogre_vendor/lib/OGRE
[3.289s] -- rviz_ogre_vendor::OgreOverlay for IMPORTED_LOCATION_RELEASE: /opt/ros/humble/opt/rviz_ogre_vendor/lib/libOgreOverlay.so
[3.289s] -- rviz_ogre_vendor::OgreOverlay for IMPORTED_LOCATION_DEBUG: /opt/ros/humble/opt/rviz_ogre_vendor/lib/libOgreOverlay.so
[3.289s] -- rviz_ogre_vendor::OgreMain for IMPORTED_LOCATION_RELEASE: /opt/ros/humble/opt/rviz_ogre_vendor/lib/libOgreMain.so
[3.289s] -- rviz_ogre_vendor::OgreMain for IMPORTED_LOCATION_DEBUG: /opt/ros/humble/opt/rviz_ogre_vendor/lib/libOgreMain.so
[3.292s] -- Could not find freeimage library
[3.331s] -- Found ZLIB: /usr/lib/x86_64-linux-gnu/libz.so (found version "1.2.11") 
[3.342s] -- Found OpenGL: /usr/lib/x86_64-linux-gnu/libOpenGL.so   
[3.556s] -- Found X11: /usr/include   
[3.557s] -- Looking for XOpenDisplay in /usr/lib/x86_64-linux-gnu/libX11.so;/usr/lib/x86_64-linux-gnu/libXext.so
[3.772s] -- Looking for XOpenDisplay in /usr/lib/x86_64-linux-gnu/libX11.so;/usr/lib/x86_64-linux-gnu/libXext.so - found
[3.772s] -- Looking for gethostbyname
[3.975s] -- Looking for gethostbyname - found
[3.975s] -- Looking for connect
[4.248s] -- Looking for connect - found
[4.248s] -- Looking for remove
[4.541s] -- Looking for remove - found
[4.541s] -- Looking for shmat
[4.763s] -- Looking for shmat - found
[4.763s] -- Looking for IceConnectionNumber in ICE
[4.993s] -- Looking for IceConnectionNumber in ICE - found
[5.070s] -- Setting assimp_DIR to: '/opt/ros/humble/share/rviz_assimp_vendor/cmake/../../../opt/rviz_assimp_vendor/lib/cmake/assimp-4.1'
[5.494s] -- Found moveit_setup_srdf_plugins: 2.5.8 (/opt/ros/humble/share/moveit_setup_srdf_plugins/cmake)
[5.726s] -- Found ament_lint_auto: 0.12.11 (/opt/ros/humble/share/ament_lint_auto/cmake)
[9.207s] -- Added test 'cppcheck' to perform static code analysis on C / C++ code
[9.208s] -- Configured cppcheck include dirs: 
[9.208s] -- Configured cppcheck exclude dirs and/or files: 
[9.210s] -- Added test 'flake8' to check Python code syntax and style conventions
[9.213s] -- Added test 'lint_cmake' to check CMake code style
[9.215s] -- Added test 'pep257' to check Python code against some of the docstring style conventions in PEP 257
[9.222s] -- Added test 'uncrustify' to check C / C++ code style
[9.222s] -- Configured uncrustify additional arguments: 
[9.223s] -- Added test 'xmllint' to check XML markup files
[9.225s] -- Configuring done
[9.293s] -- Generating done
[9.309s] -- Build files have been written to: /home/newton/autonomous-robots/clearpath_workspace/build/clearpath_generator_common
[9.334s] Invoked command in '/home/newton/autonomous-robots/clearpath_workspace/build/clearpath_generator_common' returned '0': AMENT_PREFIX_PATH=/home/newton/autonomous-robots/clearpath_workspace/install/clearpath_manipulators:/home/newton/autonomous-robots/clearpath_workspace/install/clearpath_description:/home/newton/autonomous-robots/clearpath_workspace/install/clearpath_sensors_description:/home/newton/autonomous-robots/clearpath_workspace/install/clearpath_platform_description:/home/newton/autonomous-robots/clearpath_workspace/install/clearpath_mounts_description:/home/newton/autonomous-robots/clearpath_workspace/install/clearpath_manipulators_description:/home/newton/autonomous-robots/clearpath_workspace/install/clearpath_control:/home/newton/autonomous-robots/clearpath_workspace/install/clearpath_config:${AMENT_PREFIX_PATH} CMAKE_PREFIX_PATH=/home/newton/autonomous-robots/clearpath_workspace/install/clearpath_manipulators:/home/newton/autonomous-robots/clearpath_workspace/install/clearpath_description:/home/newton/autonomous-robots/clearpath_workspace/install/clearpath_sensors_description:/home/newton/autonomous-robots/clearpath_workspace/install/clearpath_platform_description:/home/newton/autonomous-robots/clearpath_workspace/install/clearpath_mounts_description:/home/newton/autonomous-robots/clearpath_workspace/install/clearpath_manipulators_description:/home/newton/autonomous-robots/clearpath_workspace/install/clearpath_control:/opt/ros/humble PYTHONPATH=/home/newton/autonomous-robots/clearpath_workspace/build/clearpath_config:/home/newton/autonomous-robots/clearpath_workspace/install/clearpath_config/lib/python3.10/site-packages:${PYTHONPATH} /usr/bin/cmake /home/newton/autonomous-robots/clearpath_workspace/src/clearpath_common/clearpath_generator_common -DAMENT_CMAKE_SYMLINK_INSTALL=1 -DCMAKE_INSTALL_PREFIX=/home/newton/autonomous-robots/clearpath_workspace/install/clearpath_generator_common
[9.337s] Invoking command in '/home/newton/autonomous-robots/clearpath_workspace/build/clearpath_generator_common': AMENT_PREFIX_PATH=/home/newton/autonomous-robots/clearpath_workspace/install/clearpath_manipulators:/home/newton/autonomous-robots/clearpath_workspace/install/clearpath_description:/home/newton/autonomous-robots/clearpath_workspace/install/clearpath_sensors_description:/home/newton/autonomous-robots/clearpath_workspace/install/clearpath_platform_description:/home/newton/autonomous-robots/clearpath_workspace/install/clearpath_mounts_description:/home/newton/autonomous-robots/clearpath_workspace/install/clearpath_manipulators_description:/home/newton/autonomous-robots/clearpath_workspace/install/clearpath_control:/home/newton/autonomous-robots/clearpath_workspace/install/clearpath_config:${AMENT_PREFIX_PATH} CMAKE_PREFIX_PATH=/home/newton/autonomous-robots/clearpath_workspace/install/clearpath_manipulators:/home/newton/autonomous-robots/clearpath_workspace/install/clearpath_description:/home/newton/autonomous-robots/clearpath_workspace/install/clearpath_sensors_description:/home/newton/autonomous-robots/clearpath_workspace/install/clearpath_platform_description:/home/newton/autonomous-robots/clearpath_workspace/install/clearpath_mounts_description:/home/newton/autonomous-robots/clearpath_workspace/install/clearpath_manipulators_description:/home/newton/autonomous-robots/clearpath_workspace/install/clearpath_control:/opt/ros/humble PYTHONPATH=/home/newton/autonomous-robots/clearpath_workspace/build/clearpath_config:/home/newton/autonomous-robots/clearpath_workspace/install/clearpath_config/lib/python3.10/site-packages:${PYTHONPATH} /usr/bin/cmake --build /home/newton/autonomous-robots/clearpath_workspace/build/clearpath_generator_common -- -j8 -l8
[9.407s] [ 50%] [32mBuilding CXX object CMakeFiles/moveit_collision_updater.dir/src/moveit_collision_updater.cpp.o[0m
[9.421s] [ 50%] Built target ament_cmake_python_symlink_clearpath_generator_common
[9.696s] running egg_info
[9.696s] creating clearpath_generator_common.egg-info
[9.697s] writing clearpath_generator_common.egg-info/PKG-INFO
[9.697s] writing dependency_links to clearpath_generator_common.egg-info/dependency_links.txt
[9.697s] writing top-level names to clearpath_generator_common.egg-info/top_level.txt
[9.697s] writing manifest file 'clearpath_generator_common.egg-info/SOURCES.txt'
[9.700s] reading manifest file 'clearpath_generator_common.egg-info/SOURCES.txt'
[9.701s] writing manifest file 'clearpath_generator_common.egg-info/SOURCES.txt'
[9.730s] [ 50%] Built target ament_cmake_python_build_clearpath_generator_common_egg
[24.565s] [100%] [32m[1mLinking CXX executable moveit_collision_updater[0m
[25.670s] [100%] Built target moveit_collision_updater
[25.684s] Invoked command in '/home/newton/autonomous-robots/clearpath_workspace/build/clearpath_generator_common' returned '0': AMENT_PREFIX_PATH=/home/newton/autonomous-robots/clearpath_workspace/install/clearpath_manipulators:/home/newton/autonomous-robots/clearpath_workspace/install/clearpath_description:/home/newton/autonomous-robots/clearpath_workspace/install/clearpath_sensors_description:/home/newton/autonomous-robots/clearpath_workspace/install/clearpath_platform_description:/home/newton/autonomous-robots/clearpath_workspace/install/clearpath_mounts_description:/home/newton/autonomous-robots/clearpath_workspace/install/clearpath_manipulators_description:/home/newton/autonomous-robots/clearpath_workspace/install/clearpath_control:/home/newton/autonomous-robots/clearpath_workspace/install/clearpath_config:${AMENT_PREFIX_PATH} CMAKE_PREFIX_PATH=/home/newton/autonomous-robots/clearpath_workspace/install/clearpath_manipulators:/home/newton/autonomous-robots/clearpath_workspace/install/clearpath_description:/home/newton/autonomous-robots/clearpath_workspace/install/clearpath_sensors_description:/home/newton/autonomous-robots/clearpath_workspace/install/clearpath_platform_description:/home/newton/autonomous-robots/clearpath_workspace/install/clearpath_mounts_description:/home/newton/autonomous-robots/clearpath_workspace/install/clearpath_manipulators_description:/home/newton/autonomous-robots/clearpath_workspace/install/clearpath_control:/opt/ros/humble PYTHONPATH=/home/newton/autonomous-robots/clearpath_workspace/build/clearpath_config:/home/newton/autonomous-robots/clearpath_workspace/install/clearpath_config/lib/python3.10/site-packages:${PYTHONPATH} /usr/bin/cmake --build /home/newton/autonomous-robots/clearpath_workspace/build/clearpath_generator_common -- -j8 -l8
[25.686s] Invoking command in '/home/newton/autonomous-robots/clearpath_workspace/build/clearpath_generator_common': AMENT_PREFIX_PATH=/home/newton/autonomous-robots/clearpath_workspace/install/clearpath_manipulators:/home/newton/autonomous-robots/clearpath_workspace/install/clearpath_description:/home/newton/autonomous-robots/clearpath_workspace/install/clearpath_sensors_description:/home/newton/autonomous-robots/clearpath_workspace/install/clearpath_platform_description:/home/newton/autonomous-robots/clearpath_workspace/install/clearpath_mounts_description:/home/newton/autonomous-robots/clearpath_workspace/install/clearpath_manipulators_description:/home/newton/autonomous-robots/clearpath_workspace/install/clearpath_control:/home/newton/autonomous-robots/clearpath_workspace/install/clearpath_config:${AMENT_PREFIX_PATH} CMAKE_PREFIX_PATH=/home/newton/autonomous-robots/clearpath_workspace/install/clearpath_manipulators:/home/newton/autonomous-robots/clearpath_workspace/install/clearpath_description:/home/newton/autonomous-robots/clearpath_workspace/install/clearpath_sensors_description:/home/newton/autonomous-robots/clearpath_workspace/install/clearpath_platform_description:/home/newton/autonomous-robots/clearpath_workspace/install/clearpath_mounts_description:/home/newton/autonomous-robots/clearpath_workspace/install/clearpath_manipulators_description:/home/newton/autonomous-robots/clearpath_workspace/install/clearpath_control:/opt/ros/humble PYTHONPATH=/home/newton/autonomous-robots/clearpath_workspace/build/clearpath_config:/home/newton/autonomous-robots/clearpath_workspace/install/clearpath_config/lib/python3.10/site-packages:${PYTHONPATH} /usr/bin/cmake --install /home/newton/autonomous-robots/clearpath_workspace/build/clearpath_generator_common
[25.695s] -- Install configuration: ""
[25.696s] -- Execute custom install script
[25.696s] -- Symlinking: /home/newton/autonomous-robots/clearpath_workspace/install/clearpath_generator_common/lib/clearpath_generator_common/generate_description
[25.707s] -- Symlinking: /home/newton/autonomous-robots/clearpath_workspace/install/clearpath_generator_common/lib/clearpath_generator_common/generate_discovery_server
[25.717s] -- Symlinking: /home/newton/autonomous-robots/clearpath_workspace/install/clearpath_generator_common/lib/clearpath_generator_common/generate_bash
[25.726s] -- Symlinking: /home/newton/autonomous-robots/clearpath_workspace/install/clearpath_generator_common/lib/clearpath_generator_common/generate_semantic_description
[25.737s] -- Symlinking: /home/newton/autonomous-robots/clearpath_workspace/install/clearpath_generator_common/lib/clearpath_generator_common/generate_vcan
[25.748s] -- Symlinking: /home/newton/autonomous-robots/clearpath_workspace/install/clearpath_generator_common/share/clearpath_generator_common/environment/pythonpath.sh
[25.758s] -- Symlinking: /home/newton/autonomous-robots/clearpath_workspace/install/clearpath_generator_common/share/clearpath_generator_common/environment/pythonpath.dsv
[25.769s] -- Symlinking: /home/newton/autonomous-robots/clearpath_workspace/install/clearpath_generator_common/local/lib/python3.10/dist-packages/clearpath_generator_common-1.2.0-py3.10.egg-info/PKG-INFO
[25.780s] -- Symlinking: /home/newton/autonomous-robots/clearpath_workspace/install/clearpath_generator_common/local/lib/python3.10/dist-packages/clearpath_generator_common-1.2.0-py3.10.egg-info/SOURCES.txt
[25.789s] -- Symlinking: /home/newton/autonomous-robots/clearpath_workspace/install/clearpath_generator_common/local/lib/python3.10/dist-packages/clearpath_generator_common-1.2.0-py3.10.egg-info/dependency_links.txt
[25.798s] -- Symlinking: /home/newton/autonomous-robots/clearpath_workspace/install/clearpath_generator_common/local/lib/python3.10/dist-packages/clearpath_generator_common-1.2.0-py3.10.egg-info/top_level.txt
[25.810s] -- Symlinking: /home/newton/autonomous-robots/clearpath_workspace/install/clearpath_generator_common/local/lib/python3.10/dist-packages/clearpath_generator_common/__init__.py
[25.820s] -- Symlinking: /home/newton/autonomous-robots/clearpath_workspace/install/clearpath_generator_common/local/lib/python3.10/dist-packages/clearpath_generator_common/bash/__init__.py
[25.831s] -- Symlinking: /home/newton/autonomous-robots/clearpath_workspace/install/clearpath_generator_common/local/lib/python3.10/dist-packages/clearpath_generator_common/bash/generate_bash
[25.840s] -- Symlinking: /home/newton/autonomous-robots/clearpath_workspace/install/clearpath_generator_common/local/lib/python3.10/dist-packages/clearpath_generator_common/bash/generator.py
[25.849s] -- Symlinking: /home/newton/autonomous-robots/clearpath_workspace/install/clearpath_generator_common/local/lib/python3.10/dist-packages/clearpath_generator_common/bash/writer.py
[25.859s] -- Symlinking: /home/newton/autonomous-robots/clearpath_workspace/install/clearpath_generator_common/local/lib/python3.10/dist-packages/clearpath_generator_common/common.py
[25.869s] -- Symlinking: /home/newton/autonomous-robots/clearpath_workspace/install/clearpath_generator_common/local/lib/python3.10/dist-packages/clearpath_generator_common/description/__init__.py
[25.879s] -- Symlinking: /home/newton/autonomous-robots/clearpath_workspace/install/clearpath_generator_common/local/lib/python3.10/dist-packages/clearpath_generator_common/description/attachments.py
[25.888s] -- Symlinking: /home/newton/autonomous-robots/clearpath_workspace/install/clearpath_generator_common/local/lib/python3.10/dist-packages/clearpath_generator_common/description/generate_description
[25.898s] -- Symlinking: /home/newton/autonomous-robots/clearpath_workspace/install/clearpath_generator_common/local/lib/python3.10/dist-packages/clearpath_generator_common/description/generator.py
[25.907s] -- Symlinking: /home/newton/autonomous-robots/clearpath_workspace/install/clearpath_generator_common/local/lib/python3.10/dist-packages/clearpath_generator_common/description/links.py
[25.916s] -- Symlinking: /home/newton/autonomous-robots/clearpath_workspace/install/clearpath_generator_common/local/lib/python3.10/dist-packages/clearpath_generator_common/description/manipulators.py
[25.926s] -- Symlinking: /home/newton/autonomous-robots/clearpath_workspace/install/clearpath_generator_common/local/lib/python3.10/dist-packages/clearpath_generator_common/description/mounts.py
[25.936s] -- Symlinking: /home/newton/autonomous-robots/clearpath_workspace/install/clearpath_generator_common/local/lib/python3.10/dist-packages/clearpath_generator_common/description/platform.py
[25.946s] -- Symlinking: /home/newton/autonomous-robots/clearpath_workspace/install/clearpath_generator_common/local/lib/python3.10/dist-packages/clearpath_generator_common/description/sensors.py
[25.956s] -- Symlinking: /home/newton/autonomous-robots/clearpath_workspace/install/clearpath_generator_common/local/lib/python3.10/dist-packages/clearpath_generator_common/description/writer.py
[25.966s] -- Symlinking: /home/newton/autonomous-robots/clearpath_workspace/install/clearpath_generator_common/local/lib/python3.10/dist-packages/clearpath_generator_common/discovery_server/generate_discovery_server
[25.975s] -- Symlinking: /home/newton/autonomous-robots/clearpath_workspace/install/clearpath_generator_common/local/lib/python3.10/dist-packages/clearpath_generator_common/discovery_server/generator.py
[25.984s] -- Symlinking: /home/newton/autonomous-robots/clearpath_workspace/install/clearpath_generator_common/local/lib/python3.10/dist-packages/clearpath_generator_common/launch/__init__.py
[25.994s] -- Symlinking: /home/newton/autonomous-robots/clearpath_workspace/install/clearpath_generator_common/local/lib/python3.10/dist-packages/clearpath_generator_common/launch/generator.py
[26.004s] -- Symlinking: /home/newton/autonomous-robots/clearpath_workspace/install/clearpath_generator_common/local/lib/python3.10/dist-packages/clearpath_generator_common/launch/writer.py
[26.014s] -- Symlinking: /home/newton/autonomous-robots/clearpath_workspace/install/clearpath_generator_common/local/lib/python3.10/dist-packages/clearpath_generator_common/package/__init__.py
[26.023s] -- Symlinking: /home/newton/autonomous-robots/clearpath_workspace/install/clearpath_generator_common/local/lib/python3.10/dist-packages/clearpath_generator_common/package/writer.py
[26.033s] -- Symlinking: /home/newton/autonomous-robots/clearpath_workspace/install/clearpath_generator_common/local/lib/python3.10/dist-packages/clearpath_generator_common/param/__init__.py
[26.042s] -- Symlinking: /home/newton/autonomous-robots/clearpath_workspace/install/clearpath_generator_common/local/lib/python3.10/dist-packages/clearpath_generator_common/param/generator.py
[26.051s] -- Symlinking: /home/newton/autonomous-robots/clearpath_workspace/install/clearpath_generator_common/local/lib/python3.10/dist-packages/clearpath_generator_common/param/manipulators.py
[26.060s] -- Symlinking: /home/newton/autonomous-robots/clearpath_workspace/install/clearpath_generator_common/local/lib/python3.10/dist-packages/clearpath_generator_common/param/platform.py
[26.074s] -- Symlinking: /home/newton/autonomous-robots/clearpath_workspace/install/clearpath_generator_common/local/lib/python3.10/dist-packages/clearpath_generator_common/param/writer.py
[26.087s] -- Symlinking: /home/newton/autonomous-robots/clearpath_workspace/install/clearpath_generator_common/local/lib/python3.10/dist-packages/clearpath_generator_common/semantic_description/__init__.py
[26.098s] -- Symlinking: /home/newton/autonomous-robots/clearpath_workspace/install/clearpath_generator_common/local/lib/python3.10/dist-packages/clearpath_generator_common/semantic_description/generate_semantic_description
[26.108s] -- Symlinking: /home/newton/autonomous-robots/clearpath_workspace/install/clearpath_generator_common/local/lib/python3.10/dist-packages/clearpath_generator_common/semantic_description/generator.py
[26.118s] -- Symlinking: /home/newton/autonomous-robots/clearpath_workspace/install/clearpath_generator_common/local/lib/python3.10/dist-packages/clearpath_generator_common/semantic_description/manipulators.py
[26.128s] -- Symlinking: /home/newton/autonomous-robots/clearpath_workspace/install/clearpath_generator_common/local/lib/python3.10/dist-packages/clearpath_generator_common/vcan/generate_vcan
[26.138s] -- Symlinking: /home/newton/autonomous-robots/clearpath_workspace/install/clearpath_generator_common/local/lib/python3.10/dist-packages/clearpath_generator_common/vcan/generator.py
[26.151s] -- Symlinking: /home/newton/autonomous-robots/clearpath_workspace/install/clearpath_generator_common/share/ament_index/resource_index/package_run_dependencies/clearpath_generator_common
[26.161s] -- Symlinking: /home/newton/autonomous-robots/clearpath_workspace/install/clearpath_generator_common/share/ament_index/resource_index/parent_prefix_path/clearpath_generator_common
[26.171s] -- Symlinking: /home/newton/autonomous-robots/clearpath_workspace/install/clearpath_generator_common/share/clearpath_generator_common/environment/ament_prefix_path.sh
[26.182s] -- Symlinking: /home/newton/autonomous-robots/clearpath_workspace/install/clearpath_generator_common/share/clearpath_generator_common/environment/ament_prefix_path.dsv
[26.192s] -- Symlinking: /home/newton/autonomous-robots/clearpath_workspace/install/clearpath_generator_common/share/clearpath_generator_common/environment/path.sh
[26.203s] -- Symlinking: /home/newton/autonomous-robots/clearpath_workspace/install/clearpath_generator_common/share/clearpath_generator_common/environment/path.dsv
[26.214s] -- Symlinking: /home/newton/autonomous-robots/clearpath_workspace/install/clearpath_generator_common/share/clearpath_generator_common/local_setup.bash
[26.223s] -- Symlinking: /home/newton/autonomous-robots/clearpath_workspace/install/clearpath_generator_common/share/clearpath_generator_common/local_setup.sh
[26.233s] -- Symlinking: /home/newton/autonomous-robots/clearpath_workspace/install/clearpath_generator_common/share/clearpath_generator_common/local_setup.zsh
[26.244s] -- Symlinking: /home/newton/autonomous-robots/clearpath_workspace/install/clearpath_generator_common/share/clearpath_generator_common/local_setup.dsv
[26.255s] -- Symlinking: /home/newton/autonomous-robots/clearpath_workspace/install/clearpath_generator_common/share/clearpath_generator_common/package.dsv
[26.266s] -- Symlinking: /home/newton/autonomous-robots/clearpath_workspace/install/clearpath_generator_common/share/ament_index/resource_index/packages/clearpath_generator_common
[26.276s] -- Symlinking: /home/newton/autonomous-robots/clearpath_workspace/install/clearpath_generator_common/share/clearpath_generator_common/cmake/clearpath_generator_commonConfig.cmake
[26.286s] -- Symlinking: /home/newton/autonomous-robots/clearpath_workspace/install/clearpath_generator_common/share/clearpath_generator_common/cmake/clearpath_generator_commonConfig-version.cmake
[26.297s] -- Symlinking: /home/newton/autonomous-robots/clearpath_workspace/install/clearpath_generator_common/share/clearpath_generator_common/package.xml
[26.307s] -- Installing: /home/newton/autonomous-robots/clearpath_workspace/install/clearpath_generator_common/lib/clearpath_generator_common/moveit_collision_updater
[26.309s] -- Set runtime path of "/home/newton/autonomous-robots/clearpath_workspace/install/clearpath_generator_common/lib/clearpath_generator_common/moveit_collision_updater" to ""
[26.378s] Listing '/home/newton/autonomous-robots/clearpath_workspace/install/clearpath_generator_common/local/lib/python3.10/dist-packages/clearpath_generator_common'...
[26.379s] Compiling '/home/newton/autonomous-robots/clearpath_workspace/install/clearpath_generator_common/local/lib/python3.10/dist-packages/clearpath_generator_common/__init__.py'...
[26.379s] Listing '/home/newton/autonomous-robots/clearpath_workspace/install/clearpath_generator_common/local/lib/python3.10/dist-packages/clearpath_generator_common/bash'...
[26.379s] Compiling '/home/newton/autonomous-robots/clearpath_workspace/install/clearpath_generator_common/local/lib/python3.10/dist-packages/clearpath_generator_common/bash/__init__.py'...
[26.379s] Compiling '/home/newton/autonomous-robots/clearpath_workspace/install/clearpath_generator_common/local/lib/python3.10/dist-packages/clearpath_generator_common/bash/generator.py'...
[26.379s] Compiling '/home/newton/autonomous-robots/clearpath_workspace/install/clearpath_generator_common/local/lib/python3.10/dist-packages/clearpath_generator_common/bash/writer.py'...
[26.379s] Compiling '/home/newton/autonomous-robots/clearpath_workspace/install/clearpath_generator_common/local/lib/python3.10/dist-packages/clearpath_generator_common/common.py'...
[26.379s] Listing '/home/newton/autonomous-robots/clearpath_workspace/install/clearpath_generator_common/local/lib/python3.10/dist-packages/clearpath_generator_common/description'...
[26.379s] Compiling '/home/newton/autonomous-robots/clearpath_workspace/install/clearpath_generator_common/local/lib/python3.10/dist-packages/clearpath_generator_common/description/__init__.py'...
[26.379s] Compiling '/home/newton/autonomous-robots/clearpath_workspace/install/clearpath_generator_common/local/lib/python3.10/dist-packages/clearpath_generator_common/description/attachments.py'...
[26.380s] Compiling '/home/newton/autonomous-robots/clearpath_workspace/install/clearpath_generator_common/local/lib/python3.10/dist-packages/clearpath_generator_common/description/generator.py'...
[26.380s] Compiling '/home/newton/autonomous-robots/clearpath_workspace/install/clearpath_generator_common/local/lib/python3.10/dist-packages/clearpath_generator_common/description/links.py'...
[26.380s] Compiling '/home/newton/autonomous-robots/clearpath_workspace/install/clearpath_generator_common/local/lib/python3.10/dist-packages/clearpath_generator_common/description/manipulators.py'...
[26.380s] Compiling '/home/newton/autonomous-robots/clearpath_workspace/install/clearpath_generator_common/local/lib/python3.10/dist-packages/clearpath_generator_common/description/mounts.py'...
[26.380s] Compiling '/home/newton/autonomous-robots/clearpath_workspace/install/clearpath_generator_common/local/lib/python3.10/dist-packages/clearpath_generator_common/description/platform.py'...
[26.380s] Compiling '/home/newton/autonomous-robots/clearpath_workspace/install/clearpath_generator_common/local/lib/python3.10/dist-packages/clearpath_generator_common/description/sensors.py'...
[26.380s] Compiling '/home/newton/autonomous-robots/clearpath_workspace/install/clearpath_generator_common/local/lib/python3.10/dist-packages/clearpath_generator_common/description/writer.py'...
[26.380s] Listing '/home/newton/autonomous-robots/clearpath_workspace/install/clearpath_generator_common/local/lib/python3.10/dist-packages/clearpath_generator_common/discovery_server'...
[26.380s] Compiling '/home/newton/autonomous-robots/clearpath_workspace/install/clearpath_generator_common/local/lib/python3.10/dist-packages/clearpath_generator_common/discovery_server/generator.py'...
[26.380s] Listing '/home/newton/autonomous-robots/clearpath_workspace/install/clearpath_generator_common/local/lib/python3.10/dist-packages/clearpath_generator_common/launch'...
[26.381s] Compiling '/home/newton/autonomous-robots/clearpath_workspace/install/clearpath_generator_common/local/lib/python3.10/dist-packages/clearpath_generator_common/launch/__init__.py'...
[26.381s] Compiling '/home/newton/autonomous-robots/clearpath_workspace/install/clearpath_generator_common/local/lib/python3.10/dist-packages/clearpath_generator_common/launch/generator.py'...
[26.381s] Compiling '/home/newton/autonomous-robots/clearpath_workspace/install/clearpath_generator_common/local/lib/python3.10/dist-packages/clearpath_generator_common/launch/writer.py'...
[26.381s] Listing '/home/newton/autonomous-robots/clearpath_workspace/install/clearpath_generator_common/local/lib/python3.10/dist-packages/clearpath_generator_common/package'...
[26.381s] Compiling '/home/newton/autonomous-robots/clearpath_workspace/install/clearpath_generator_common/local/lib/python3.10/dist-packages/clearpath_generator_common/package/__init__.py'...
[26.381s] Compiling '/home/newton/autonomous-robots/clearpath_workspace/install/clearpath_generator_common/local/lib/python3.10/dist-packages/clearpath_generator_common/package/writer.py'...
[26.381s] Listing '/home/newton/autonomous-robots/clearpath_workspace/install/clearpath_generator_common/local/lib/python3.10/dist-packages/clearpath_generator_common/param'...
[26.381s] Compiling '/home/newton/autonomous-robots/clearpath_workspace/install/clearpath_generator_common/local/lib/python3.10/dist-packages/clearpath_generator_common/param/__init__.py'...
[26.381s] Compiling '/home/newton/autonomous-robots/clearpath_workspace/install/clearpath_generator_common/local/lib/python3.10/dist-packages/clearpath_generator_common/param/generator.py'...
[26.381s] Compiling '/home/newton/autonomous-robots/clearpath_workspace/install/clearpath_generator_common/local/lib/python3.10/dist-packages/clearpath_generator_common/param/manipulators.py'...
[26.381s] Compiling '/home/newton/autonomous-robots/clearpath_workspace/install/clearpath_generator_common/local/lib/python3.10/dist-packages/clearpath_generator_common/param/platform.py'...
[26.382s] Compiling '/home/newton/autonomous-robots/clearpath_workspace/install/clearpath_generator_common/local/lib/python3.10/dist-packages/clearpath_generator_common/param/writer.py'...
[26.382s] Listing '/home/newton/autonomous-robots/clearpath_workspace/install/clearpath_generator_common/local/lib/python3.10/dist-packages/clearpath_generator_common/semantic_description'...
[26.382s] Compiling '/home/newton/autonomous-robots/clearpath_workspace/install/clearpath_generator_common/local/lib/python3.10/dist-packages/clearpath_generator_common/semantic_description/__init__.py'...
[26.382s] Compiling '/home/newton/autonomous-robots/clearpath_workspace/install/clearpath_generator_common/local/lib/python3.10/dist-packages/clearpath_generator_common/semantic_description/generator.py'...
[26.382s] Compiling '/home/newton/autonomous-robots/clearpath_workspace/install/clearpath_generator_common/local/lib/python3.10/dist-packages/clearpath_generator_common/semantic_description/manipulators.py'...
[26.382s] Listing '/home/newton/autonomous-robots/clearpath_workspace/install/clearpath_generator_common/local/lib/python3.10/dist-packages/clearpath_generator_common/vcan'...
[26.382s] Compiling '/home/newton/autonomous-robots/clearpath_workspace/install/clearpath_generator_common/local/lib/python3.10/dist-packages/clearpath_generator_common/vcan/generator.py'...
[26.388s] Invoked command in '/home/newton/autonomous-robots/clearpath_workspace/build/clearpath_generator_common' returned '0': AMENT_PREFIX_PATH=/home/newton/autonomous-robots/clearpath_workspace/install/clearpath_manipulators:/home/newton/autonomous-robots/clearpath_workspace/install/clearpath_description:/home/newton/autonomous-robots/clearpath_workspace/install/clearpath_sensors_description:/home/newton/autonomous-robots/clearpath_workspace/install/clearpath_platform_description:/home/newton/autonomous-robots/clearpath_workspace/install/clearpath_mounts_description:/home/newton/autonomous-robots/clearpath_workspace/install/clearpath_manipulators_description:/home/newton/autonomous-robots/clearpath_workspace/install/clearpath_control:/home/newton/autonomous-robots/clearpath_workspace/install/clearpath_config:${AMENT_PREFIX_PATH} CMAKE_PREFIX_PATH=/home/newton/autonomous-robots/clearpath_workspace/install/clearpath_manipulators:/home/newton/autonomous-robots/clearpath_workspace/install/clearpath_description:/home/newton/autonomous-robots/clearpath_workspace/install/clearpath_sensors_description:/home/newton/autonomous-robots/clearpath_workspace/install/clearpath_platform_description:/home/newton/autonomous-robots/clearpath_workspace/install/clearpath_mounts_description:/home/newton/autonomous-robots/clearpath_workspace/install/clearpath_manipulators_description:/home/newton/autonomous-robots/clearpath_workspace/install/clearpath_control:/opt/ros/humble PYTHONPATH=/home/newton/autonomous-robots/clearpath_workspace/build/clearpath_config:/home/newton/autonomous-robots/clearpath_workspace/install/clearpath_config/lib/python3.10/site-packages:${PYTHONPATH} /usr/bin/cmake --install /home/newton/autonomous-robots/clearpath_workspace/build/clearpath_generator_common
