[0.019s] Invoking command in '/home/newton/autonomous-robots/clearpath_workspace/build/clearpath_msgs': AMENT_PREFIX_PATH=/home/newton/autonomous-robots/clearpath_workspace/install/clearpath_platform_msgs:${AMENT_PREFIX_PATH} CMAKE_PREFIX_PATH=/home/newton/autonomous-robots/clearpath_workspace/install/clearpath_platform_msgs:/opt/ros/humble LD_LIBRARY_PATH=/home/newton/autonomous-robots/clearpath_workspace/install/clearpath_platform_msgs/lib:${LD_LIBRARY_PATH} PYTHONPATH=/home/newton/autonomous-robots/clearpath_workspace/install/clearpath_platform_msgs/local/lib/python3.10/dist-packages:${PYTHONPATH} /usr/bin/cmake /home/newton/autonomous-robots/clearpath_workspace/src/clearpath_msgs/clearpath_msgs -DAMENT_CMAKE_SYMLINK_INSTALL=1 -DCMAKE_INSTALL_PREFIX=/home/newton/autonomous-robots/clearpath_workspace/install/clearpath_msgs
[0.112s] -- The C compiler identification is GNU 11.4.0
[0.228s] -- The CXX compiler identification is GNU 11.4.0
[0.237s] -- Detecting C compiler ABI info
[0.358s] -- Detecting C compiler ABI info - done
[0.368s] -- Check for working C compiler: /usr/bin/cc - skipped
[0.368s] -- Detecting C compile features
[0.369s] -- Detecting C compile features - done
[0.372s] -- Detecting CXX compiler ABI info
[0.486s] -- Detecting CXX compiler ABI info - done
[0.501s] -- Check for working CXX compiler: /usr/bin/c++ - skipped
[0.501s] -- Detecting CXX compile features
[0.501s] -- Detecting CXX compile features - done
[0.505s] -- Found ament_cmake: 1.3.11 (/opt/ros/humble/share/ament_cmake/cmake)
[0.741s] -- Found Python3: /usr/bin/python3 (found version "3.10.12") found components: Interpreter 
[0.841s] -- Override CMake install command with custom implementation using symlinks instead of copying resources
[0.989s] -- Configuring done
[0.994s] -- Generating done
[0.997s] -- Build files have been written to: /home/newton/autonomous-robots/clearpath_workspace/build/clearpath_msgs
[1.004s] Invoked command in '/home/newton/autonomous-robots/clearpath_workspace/build/clearpath_msgs' returned '0': AMENT_PREFIX_PATH=/home/newton/autonomous-robots/clearpath_workspace/install/clearpath_platform_msgs:${AMENT_PREFIX_PATH} CMAKE_PREFIX_PATH=/home/newton/autonomous-robots/clearpath_workspace/install/clearpath_platform_msgs:/opt/ros/humble LD_LIBRARY_PATH=/home/newton/autonomous-robots/clearpath_workspace/install/clearpath_platform_msgs/lib:${LD_LIBRARY_PATH} PYTHONPATH=/home/newton/autonomous-robots/clearpath_workspace/install/clearpath_platform_msgs/local/lib/python3.10/dist-packages:${PYTHONPATH} /usr/bin/cmake /home/newton/autonomous-robots/clearpath_workspace/src/clearpath_msgs/clearpath_msgs -DAMENT_CMAKE_SYMLINK_INSTALL=1 -DCMAKE_INSTALL_PREFIX=/home/newton/autonomous-robots/clearpath_workspace/install/clearpath_msgs
[1.006s] Invoking command in '/home/newton/autonomous-robots/clearpath_workspace/build/clearpath_msgs': AMENT_PREFIX_PATH=/home/newton/autonomous-robots/clearpath_workspace/install/clearpath_platform_msgs:${AMENT_PREFIX_PATH} CMAKE_PREFIX_PATH=/home/newton/autonomous-robots/clearpath_workspace/install/clearpath_platform_msgs:/opt/ros/humble LD_LIBRARY_PATH=/home/newton/autonomous-robots/clearpath_workspace/install/clearpath_platform_msgs/lib:${LD_LIBRARY_PATH} PYTHONPATH=/home/newton/autonomous-robots/clearpath_workspace/install/clearpath_platform_msgs/local/lib/python3.10/dist-packages:${PYTHONPATH} /usr/bin/cmake --build /home/newton/autonomous-robots/clearpath_workspace/build/clearpath_msgs -- -j8 -l8
[1.075s] Invoked command in '/home/newton/autonomous-robots/clearpath_workspace/build/clearpath_msgs' returned '0': AMENT_PREFIX_PATH=/home/newton/autonomous-robots/clearpath_workspace/install/clearpath_platform_msgs:${AMENT_PREFIX_PATH} CMAKE_PREFIX_PATH=/home/newton/autonomous-robots/clearpath_workspace/install/clearpath_platform_msgs:/opt/ros/humble LD_LIBRARY_PATH=/home/newton/autonomous-robots/clearpath_workspace/install/clearpath_platform_msgs/lib:${LD_LIBRARY_PATH} PYTHONPATH=/home/newton/autonomous-robots/clearpath_workspace/install/clearpath_platform_msgs/local/lib/python3.10/dist-packages:${PYTHONPATH} /usr/bin/cmake --build /home/newton/autonomous-robots/clearpath_workspace/build/clearpath_msgs -- -j8 -l8
[1.077s] Invoking command in '/home/newton/autonomous-robots/clearpath_workspace/build/clearpath_msgs': AMENT_PREFIX_PATH=/home/newton/autonomous-robots/clearpath_workspace/install/clearpath_platform_msgs:${AMENT_PREFIX_PATH} CMAKE_PREFIX_PATH=/home/newton/autonomous-robots/clearpath_workspace/install/clearpath_platform_msgs:/opt/ros/humble LD_LIBRARY_PATH=/home/newton/autonomous-robots/clearpath_workspace/install/clearpath_platform_msgs/lib:${LD_LIBRARY_PATH} PYTHONPATH=/home/newton/autonomous-robots/clearpath_workspace/install/clearpath_platform_msgs/local/lib/python3.10/dist-packages:${PYTHONPATH} /usr/bin/cmake --install /home/newton/autonomous-robots/clearpath_workspace/build/clearpath_msgs
[1.090s] -- Install configuration: ""
[1.090s] -- Execute custom install script
[1.091s] -- Symlinking: /home/newton/autonomous-robots/clearpath_workspace/install/clearpath_msgs/share/ament_index/resource_index/package_run_dependencies/clearpath_msgs
[1.106s] -- Symlinking: /home/newton/autonomous-robots/clearpath_workspace/install/clearpath_msgs/share/ament_index/resource_index/parent_prefix_path/clearpath_msgs
[1.121s] -- Symlinking: /home/newton/autonomous-robots/clearpath_workspace/install/clearpath_msgs/share/clearpath_msgs/environment/ament_prefix_path.sh
[1.138s] -- Symlinking: /home/newton/autonomous-robots/clearpath_workspace/install/clearpath_msgs/share/clearpath_msgs/environment/ament_prefix_path.dsv
[1.151s] -- Symlinking: /home/newton/autonomous-robots/clearpath_workspace/install/clearpath_msgs/share/clearpath_msgs/environment/path.sh
[1.170s] -- Symlinking: /home/newton/autonomous-robots/clearpath_workspace/install/clearpath_msgs/share/clearpath_msgs/environment/path.dsv
[1.183s] -- Symlinking: /home/newton/autonomous-robots/clearpath_workspace/install/clearpath_msgs/share/clearpath_msgs/local_setup.bash
[1.196s] -- Symlinking: /home/newton/autonomous-robots/clearpath_workspace/install/clearpath_msgs/share/clearpath_msgs/local_setup.sh
[1.209s] -- Symlinking: /home/newton/autonomous-robots/clearpath_workspace/install/clearpath_msgs/share/clearpath_msgs/local_setup.zsh
[1.221s] -- Symlinking: /home/newton/autonomous-robots/clearpath_workspace/install/clearpath_msgs/share/clearpath_msgs/local_setup.dsv
[1.232s] -- Symlinking: /home/newton/autonomous-robots/clearpath_workspace/install/clearpath_msgs/share/clearpath_msgs/package.dsv
[1.245s] -- Symlinking: /home/newton/autonomous-robots/clearpath_workspace/install/clearpath_msgs/share/ament_index/resource_index/packages/clearpath_msgs
[1.257s] -- Symlinking: /home/newton/autonomous-robots/clearpath_workspace/install/clearpath_msgs/share/clearpath_msgs/cmake/clearpath_msgsConfig.cmake
[1.269s] -- Symlinking: /home/newton/autonomous-robots/clearpath_workspace/install/clearpath_msgs/share/clearpath_msgs/cmake/clearpath_msgsConfig-version.cmake
[1.281s] -- Symlinking: /home/newton/autonomous-robots/clearpath_workspace/install/clearpath_msgs/share/clearpath_msgs/package.xml
[1.296s] Invoked command in '/home/newton/autonomous-robots/clearpath_workspace/build/clearpath_msgs' returned '0': AMENT_PREFIX_PATH=/home/newton/autonomous-robots/clearpath_workspace/install/clearpath_platform_msgs:${AMENT_PREFIX_PATH} CMAKE_PREFIX_PATH=/home/newton/autonomous-robots/clearpath_workspace/install/clearpath_platform_msgs:/opt/ros/humble LD_LIBRARY_PATH=/home/newton/autonomous-robots/clearpath_workspace/install/clearpath_platform_msgs/lib:${LD_LIBRARY_PATH} PYTHONPATH=/home/newton/autonomous-robots/clearpath_workspace/install/clearpath_platform_msgs/local/lib/python3.10/dist-packages:${PYTHONPATH} /usr/bin/cmake --install /home/newton/autonomous-robots/clearpath_workspace/build/clearpath_msgs
